mode: set
language-exchange-bot/internal/logging/component_loggers.go:15.60,19.2 1 1
language-exchange-bot/internal/logging/component_loggers.go:27.42,31.2 1 1
language-exchange-bot/internal/logging/component_loggers.go:34.92,46.2 1 1
language-exchange-bot/internal/logging/component_loggers.go:49.88,60.2 1 1
language-exchange-bot/internal/logging/component_loggers.go:63.93,74.2 1 1
language-exchange-bot/internal/logging/component_loggers.go:77.95,88.2 1 1
language-exchange-bot/internal/logging/component_loggers.go:91.98,93.32 2 1
language-exchange-bot/internal/logging/component_loggers.go:93.32,106.3 1 1
language-exchange-bot/internal/logging/component_loggers.go:106.8,117.3 1 0
language-exchange-bot/internal/logging/component_loggers.go:126.42,130.2 1 1
language-exchange-bot/internal/logging/component_loggers.go:133.100,145.2 1 1
language-exchange-bot/internal/logging/component_loggers.go:148.70,156.2 1 1
language-exchange-bot/internal/logging/component_loggers.go:159.76,170.2 1 1
language-exchange-bot/internal/logging/component_loggers.go:173.67,181.2 1 1
language-exchange-bot/internal/logging/component_loggers.go:184.69,192.2 1 1
language-exchange-bot/internal/logging/component_loggers.go:195.81,206.2 1 0
language-exchange-bot/internal/logging/component_loggers.go:214.36,218.2 1 1
language-exchange-bot/internal/logging/component_loggers.go:221.66,232.2 1 1
language-exchange-bot/internal/logging/component_loggers.go:235.67,246.2 1 1
language-exchange-bot/internal/logging/component_loggers.go:249.85,261.2 1 1
language-exchange-bot/internal/logging/component_loggers.go:264.78,275.2 1 1
language-exchange-bot/internal/logging/component_loggers.go:278.78,289.2 1 1
language-exchange-bot/internal/logging/component_loggers.go:297.46,301.2 1 1
language-exchange-bot/internal/logging/component_loggers.go:304.85,312.2 1 1
language-exchange-bot/internal/logging/component_loggers.go:315.113,326.2 1 1
language-exchange-bot/internal/logging/component_loggers.go:329.88,340.2 1 1
language-exchange-bot/internal/logging/integration.go:19.81,27.2 1 1
language-exchange-bot/internal/logging/integration.go:30.54,32.2 1 0
language-exchange-bot/internal/logging/integration.go:35.54,37.2 1 0
language-exchange-bot/internal/logging/integration.go:40.48,42.2 1 0
language-exchange-bot/internal/logging/integration.go:45.58,47.2 1 0
language-exchange-bot/internal/logging/integration.go:50.127,52.32 2 1
language-exchange-bot/internal/logging/integration.go:52.32,54.25 1 1
language-exchange-bot/internal/logging/integration.go:55.42,56.73 1 1
language-exchange-bot/internal/logging/integration.go:57.39,69.5 1 0
language-exchange-bot/internal/logging/integration.go:70.36,71.59 1 0
language-exchange-bot/internal/logging/integration.go:72.41,73.69 1 0
language-exchange-bot/internal/logging/integration.go:74.38,87.5 1 0
language-exchange-bot/internal/logging/integration.go:88.39,90.73 1 0
language-exchange-bot/internal/logging/integration.go:91.11,93.73 1 0
language-exchange-bot/internal/logging/integration.go:95.8,97.20 1 0
language-exchange-bot/internal/logging/integration.go:98.19,99.73 1 0
language-exchange-bot/internal/logging/integration.go:100.19,110.5 1 0
language-exchange-bot/internal/logging/integration.go:111.16,112.59 1 0
language-exchange-bot/internal/logging/integration.go:113.21,114.69 1 0
language-exchange-bot/internal/logging/integration.go:115.11,116.73 1 0
language-exchange-bot/internal/logging/integration.go:122.101,130.2 1 1
language-exchange-bot/internal/logging/integration.go:133.113,135.14 2 1
language-exchange-bot/internal/logging/integration.go:135.14,137.3 1 1
language-exchange-bot/internal/logging/integration.go:139.2,148.3 1 1
language-exchange-bot/internal/logging/integration.go:157.3,169.2 1 1
language-exchange-bot/internal/logging/integration.go:172.129,181.2 1 1
language-exchange-bot/internal/logging/integration.go:184.135,196.2 1 1
language-exchange-bot/internal/logging/integration.go:199.55,204.2 4 1
language-exchange-bot/internal/logging/integration.go:207.50,209.2 1 1
language-exchange-bot/internal/logging/logger.go:27.36,28.12 1 1
language-exchange-bot/internal/logging/logger.go:29.13,30.17 1 1
language-exchange-bot/internal/logging/logger.go:31.12,32.16 1 1
language-exchange-bot/internal/logging/logger.go:33.12,34.16 1 1
language-exchange-bot/internal/logging/logger.go:35.13,36.17 1 1
language-exchange-bot/internal/logging/logger.go:37.10,38.19 1 0
language-exchange-bot/internal/logging/logger.go:43.43,44.15 1 1
language-exchange-bot/internal/logging/logger.go:45.15,46.15 1 1
language-exchange-bot/internal/logging/logger.go:47.14,48.14 1 1
language-exchange-bot/internal/logging/logger.go:49.14,50.14 1 1
language-exchange-bot/internal/logging/logger.go:51.15,52.15 1 1
language-exchange-bot/internal/logging/logger.go:53.10,54.14 1 1
language-exchange-bot/internal/logging/logger.go:79.58,84.2 1 1
language-exchange-bot/internal/logging/logger.go:87.49,91.2 2 1
language-exchange-bot/internal/logging/logger.go:94.74,96.2 1 1
language-exchange-bot/internal/logging/logger.go:99.73,101.2 1 1
language-exchange-bot/internal/logging/logger.go:104.73,106.2 1 1
language-exchange-bot/internal/logging/logger.go:109.74,111.2 1 1
language-exchange-bot/internal/logging/logger.go:121.3,124.2 2 1
language-exchange-bot/internal/logging/logger.go:134.3,137.2 2 1
language-exchange-bot/internal/logging/logger.go:147.3,150.2 2 1
language-exchange-bot/internal/logging/logger.go:160.3,163.2 2 1
language-exchange-bot/internal/logging/logger.go:166.88,167.21 1 1
language-exchange-bot/internal/logging/logger.go:167.21,169.3 1 1
language-exchange-bot/internal/logging/logger.go:171.2,172.19 2 1
language-exchange-bot/internal/logging/logger.go:176.167,184.21 2 1
language-exchange-bot/internal/logging/logger.go:184.21,186.3 1 1
language-exchange-bot/internal/logging/logger.go:188.2,188.16 1 1
language-exchange-bot/internal/logging/logger.go:188.16,190.3 1 1
language-exchange-bot/internal/logging/logger.go:192.2,192.16 1 1
language-exchange-bot/internal/logging/logger.go:192.16,194.3 1 1
language-exchange-bot/internal/logging/logger.go:196.2,196.21 1 1
language-exchange-bot/internal/logging/logger.go:196.21,198.3 1 1
language-exchange-bot/internal/logging/logger.go:201.2,201.21 1 1
language-exchange-bot/internal/logging/logger.go:201.21,204.35 2 1
language-exchange-bot/internal/logging/logger.go:204.35,205.37 1 1
language-exchange-bot/internal/logging/logger.go:205.37,207.5 1 1
language-exchange-bot/internal/logging/logger.go:211.2,211.14 1 1
language-exchange-bot/internal/logging/logger.go:215.44,216.27 1 1
language-exchange-bot/internal/logging/logger.go:216.27,218.3 1 1
language-exchange-bot/internal/logging/logger.go:220.2,221.16 2 1
language-exchange-bot/internal/logging/logger.go:221.16,226.3 2 0
language-exchange-bot/internal/logging/logger.go:229.2,229.31 1 1
language-exchange-bot/internal/logging/logger.go:233.43,235.2 1 1
language-exchange-bot/internal/logging/logger.go:238.38,240.2 1 1
language-exchange-bot/internal/logging/logger.go:243.63,248.2 1 0
language-exchange-bot/internal/logging/logger.go:251.58,256.2 1 0
language-exchange-bot/internal/logging/metrics.go:41.44,46.2 1 0
language-exchange-bot/internal/logging/metrics.go:49.84,55.13 5 0
language-exchange-bot/internal/logging/metrics.go:55.13,65.3 2 0
language-exchange-bot/internal/logging/metrics.go:67.2,68.31 2 0
language-exchange-bot/internal/logging/metrics.go:72.91,86.2 5 0
language-exchange-bot/internal/logging/metrics.go:89.98,95.13 5 0
language-exchange-bot/internal/logging/metrics.go:95.13,105.3 2 0
language-exchange-bot/internal/logging/metrics.go:108.2,108.37 1 0
language-exchange-bot/internal/logging/metrics.go:108.37,113.3 4 0
language-exchange-bot/internal/logging/metrics.go:115.2,118.46 3 0
language-exchange-bot/internal/logging/metrics.go:118.46,120.3 1 0
language-exchange-bot/internal/logging/metrics.go:121.2,121.46 1 0
language-exchange-bot/internal/logging/metrics.go:121.46,123.3 1 0
language-exchange-bot/internal/logging/metrics.go:125.2,126.31 2 0
language-exchange-bot/internal/logging/metrics.go:130.103,132.2 1 0
language-exchange-bot/internal/logging/metrics.go:135.93,142.2 5 0
language-exchange-bot/internal/logging/metrics.go:145.63,151.38 4 0
language-exchange-bot/internal/logging/metrics.go:151.38,153.3 1 0
language-exchange-bot/internal/logging/metrics.go:154.2,154.15 1 0
language-exchange-bot/internal/logging/metrics.go:158.87,163.38 4 0
language-exchange-bot/internal/logging/metrics.go:163.38,164.32 1 0
language-exchange-bot/internal/logging/metrics.go:164.32,166.4 1 0
language-exchange-bot/internal/logging/metrics.go:168.2,168.15 1 0
language-exchange-bot/internal/logging/metrics.go:172.43,177.2 3 0
language-exchange-bot/internal/logging/metrics.go:180.60,185.2 3 0
language-exchange-bot/internal/logging/metrics.go:188.41,192.38 3 0
language-exchange-bot/internal/logging/metrics.go:192.38,200.17 3 0
language-exchange-bot/internal/logging/metrics.go:200.17,202.12 2 0
language-exchange-bot/internal/logging/metrics.go:205.3,205.43 1 0
language-exchange-bot/internal/logging/metrics.go:210.87,212.43 2 0
language-exchange-bot/internal/logging/metrics.go:212.43,214.3 1 0
language-exchange-bot/internal/logging/metrics.go:215.2,215.12 1 0
language-exchange-bot/internal/logging/metrics.go:226.50,232.2 1 0
language-exchange-bot/internal/logging/metrics.go:235.129,237.2 1 0
language-exchange-bot/internal/logging/metrics.go:240.88,242.2 1 0
language-exchange-bot/internal/logging/metrics.go:245.119,252.16 3 0
language-exchange-bot/internal/logging/metrics.go:252.16,254.3 1 0
language-exchange-bot/internal/logging/metrics.go:256.2,257.68 2 0
language-exchange-bot/internal/logging/metrics.go:261.126,269.16 3 0
language-exchange-bot/internal/logging/metrics.go:269.16,271.3 1 0
language-exchange-bot/internal/logging/metrics.go:273.2,274.65 2 0
language-exchange-bot/internal/logging/metrics.go:278.119,285.16 3 0
language-exchange-bot/internal/logging/metrics.go:285.16,287.3 1 0
language-exchange-bot/internal/logging/metrics.go:289.2,290.68 2 0
language-exchange-bot/internal/logging/metrics.go:294.77,303.2 3 0
language-exchange-bot/internal/logging/metrics.go:306.54,310.16 3 0
language-exchange-bot/internal/logging/metrics.go:310.16,313.3 2 0
language-exchange-bot/internal/logging/metrics.go:315.2,315.62 1 0
language-exchange-bot/internal/logging/tracing.go:54.42,60.2 1 0
language-exchange-bot/internal/logging/tracing.go:63.121,80.2 4 0
language-exchange-bot/internal/logging/tracing.go:83.80,85.13 2 0
language-exchange-bot/internal/logging/tracing.go:85.13,87.3 1 0
language-exchange-bot/internal/logging/tracing.go:89.2,93.16 4 0
language-exchange-bot/internal/logging/tracing.go:93.16,95.3 1 0
language-exchange-bot/internal/logging/tracing.go:97.2,103.36 3 0
language-exchange-bot/internal/logging/tracing.go:107.105,109.13 2 0
language-exchange-bot/internal/logging/tracing.go:109.13,111.3 1 0
language-exchange-bot/internal/logging/tracing.go:113.2,126.17 3 0
language-exchange-bot/internal/logging/tracing.go:130.88,132.13 2 0
language-exchange-bot/internal/logging/tracing.go:132.13,134.3 1 0
language-exchange-bot/internal/logging/tracing.go:136.2,136.29 1 0
language-exchange-bot/internal/logging/tracing.go:140.115,144.16 3 0
language-exchange-bot/internal/logging/tracing.go:144.16,146.3 1 0
language-exchange-bot/internal/logging/tracing.go:150.122,155.16 4 0
language-exchange-bot/internal/logging/tracing.go:155.16,157.3 1 0
language-exchange-bot/internal/logging/tracing.go:161.115,165.16 3 0
language-exchange-bot/internal/logging/tracing.go:165.16,167.3 1 0
language-exchange-bot/internal/logging/tracing.go:171.71,179.16 3 0
language-exchange-bot/internal/logging/tracing.go:179.16,182.3 2 0
language-exchange-bot/internal/logging/tracing.go:184.2,184.42 1 0
language-exchange-bot/internal/logging/tracing.go:188.62,197.23 2 0
language-exchange-bot/internal/logging/tracing.go:197.23,200.3 2 0
language-exchange-bot/internal/logging/tracing.go:203.2,203.55 1 0
language-exchange-bot/internal/logging/tracing.go:203.55,205.3 1 0
language-exchange-bot/internal/logging/tracing.go:206.2,206.61 1 0
language-exchange-bot/internal/logging/tracing.go:206.61,208.3 1 0
language-exchange-bot/internal/logging/tracing.go:209.2,209.65 1 0
language-exchange-bot/internal/logging/tracing.go:209.65,211.3 1 0
language-exchange-bot/internal/logging/tracing.go:213.2,216.28 2 0
language-exchange-bot/internal/logging/tracing.go:216.28,218.3 1 0
language-exchange-bot/internal/logging/tracing.go:222.61,224.2 1 0
language-exchange-bot/internal/logging/tracing.go:227.70,229.2 1 0
language-exchange-bot/internal/logging/tracing.go:232.87,235.2 2 0
language-exchange-bot/internal/logging/tracing.go:238.42,240.2 1 0
language-exchange-bot/internal/logging/tracing.go:243.74,244.26 1 0
language-exchange-bot/internal/logging/tracing.go:244.26,250.3 1 0
language-exchange-bot/internal/logging/tracing.go:252.2,256.36 4 0
language-exchange-bot/internal/logging/tracing.go:256.36,263.3 6 0
language-exchange-bot/internal/logging/tracing.go:265.2,277.3 4 0
language-exchange-bot/internal/logging/tracing.go:281.81,283.2 1 0
language-exchange-bot/internal/logging/tracing.go:286.66,289.2 2 0
language-exchange-bot/internal/circuit_breaker/circuit_breaker.go:29.32,30.11 1 1
language-exchange-bot/internal/circuit_breaker/circuit_breaker.go:31.19,32.18 1 1
language-exchange-bot/internal/circuit_breaker/circuit_breaker.go:33.17,34.16 1 1
language-exchange-bot/internal/circuit_breaker/circuit_breaker.go:35.21,36.21 1 0
language-exchange-bot/internal/circuit_breaker/circuit_breaker.go:37.10,38.19 1 0
language-exchange-bot/internal/circuit_breaker/circuit_breaker.go:84.55,99.25 2 1
language-exchange-bot/internal/circuit_breaker/circuit_breaker.go:99.25,101.3 1 1
language-exchange-bot/internal/circuit_breaker/circuit_breaker.go:103.2,103.22 1 1
language-exchange-bot/internal/circuit_breaker/circuit_breaker.go:103.22,105.3 1 1
language-exchange-bot/internal/circuit_breaker/circuit_breaker.go:107.2,107.21 1 1
language-exchange-bot/internal/circuit_breaker/circuit_breaker.go:107.21,109.3 1 1
language-exchange-bot/internal/circuit_breaker/circuit_breaker.go:111.2,111.27 1 1
language-exchange-bot/internal/circuit_breaker/circuit_breaker.go:111.27,112.45 1 1
language-exchange-bot/internal/circuit_breaker/circuit_breaker.go:112.45,114.4 1 1
language-exchange-bot/internal/circuit_breaker/circuit_breaker.go:117.2,117.11 1 1
language-exchange-bot/internal/circuit_breaker/circuit_breaker.go:121.89,123.16 2 1
language-exchange-bot/internal/circuit_breaker/circuit_breaker.go:123.16,125.3 1 1
language-exchange-bot/internal/circuit_breaker/circuit_breaker.go:128.2,133.9 4 1
language-exchange-bot/internal/circuit_breaker/circuit_breaker.go:133.9,134.16 1 1
language-exchange-bot/internal/circuit_breaker/circuit_breaker.go:134.16,135.32 1 1
language-exchange-bot/internal/circuit_breaker/circuit_breaker.go:135.32,140.5 3 1
language-exchange-bot/internal/circuit_breaker/circuit_breaker.go:143.3,143.26 1 1
language-exchange-bot/internal/circuit_breaker/circuit_breaker.go:147.2,147.37 1 1
language-exchange-bot/internal/circuit_breaker/circuit_breaker.go:147.37,149.3 1 1
language-exchange-bot/internal/circuit_breaker/circuit_breaker.go:149.8,151.3 1 1
language-exchange-bot/internal/circuit_breaker/circuit_breaker.go:153.2,153.24 1 1
language-exchange-bot/internal/circuit_breaker/circuit_breaker.go:160.35,162.16 2 1
language-exchange-bot/internal/circuit_breaker/circuit_breaker.go:162.16,164.3 1 0
language-exchange-bot/internal/circuit_breaker/circuit_breaker.go:167.2,167.9 1 1
language-exchange-bot/internal/circuit_breaker/circuit_breaker.go:168.20,170.24 2 1
language-exchange-bot/internal/circuit_breaker/circuit_breaker.go:171.10,171.10 0 0
language-exchange-bot/internal/circuit_breaker/circuit_breaker.go:175.2,179.9 3 0
language-exchange-bot/internal/circuit_breaker/circuit_breaker.go:179.9,180.16 1 0
language-exchange-bot/internal/circuit_breaker/circuit_breaker.go:180.16,181.32 1 0
language-exchange-bot/internal/circuit_breaker/circuit_breaker.go:181.32,186.5 3 0
language-exchange-bot/internal/circuit_breaker/circuit_breaker.go:189.3,189.26 1 0
language-exchange-bot/internal/circuit_breaker/circuit_breaker.go:193.2,193.37 1 0
language-exchange-bot/internal/circuit_breaker/circuit_breaker.go:193.37,195.3 1 0
language-exchange-bot/internal/circuit_breaker/circuit_breaker.go:195.8,197.3 1 0
language-exchange-bot/internal/circuit_breaker/circuit_breaker.go:199.2,199.24 1 0
language-exchange-bot/internal/circuit_breaker/circuit_breaker.go:203.41,211.2 5 1
language-exchange-bot/internal/circuit_breaker/circuit_breaker.go:214.43,222.2 5 1
language-exchange-bot/internal/circuit_breaker/circuit_breaker.go:225.59,232.24 5 1
language-exchange-bot/internal/circuit_breaker/circuit_breaker.go:232.24,234.3 1 1
language-exchange-bot/internal/circuit_breaker/circuit_breaker.go:234.8,234.75 1 1
language-exchange-bot/internal/circuit_breaker/circuit_breaker.go:234.75,236.3 1 0
language-exchange-bot/internal/circuit_breaker/circuit_breaker.go:238.2,240.24 2 1
language-exchange-bot/internal/circuit_breaker/circuit_breaker.go:244.69,251.26 5 1
language-exchange-bot/internal/circuit_breaker/circuit_breaker.go:251.26,253.3 1 0
language-exchange-bot/internal/circuit_breaker/circuit_breaker.go:255.2,255.13 1 1
language-exchange-bot/internal/circuit_breaker/circuit_breaker.go:255.13,257.3 1 1
language-exchange-bot/internal/circuit_breaker/circuit_breaker.go:257.8,259.3 1 1
language-exchange-bot/internal/circuit_breaker/circuit_breaker.go:263.71,264.50 1 1
language-exchange-bot/internal/circuit_breaker/circuit_breaker.go:264.50,268.28 2 1
language-exchange-bot/internal/circuit_breaker/circuit_breaker.go:268.28,270.4 1 1
language-exchange-bot/internal/circuit_breaker/circuit_breaker.go:273.2,273.32 1 1
language-exchange-bot/internal/circuit_breaker/circuit_breaker.go:277.58,283.18 4 1
language-exchange-bot/internal/circuit_breaker/circuit_breaker.go:284.19,285.23 1 1
language-exchange-bot/internal/circuit_breaker/circuit_breaker.go:285.23,287.4 1 0
language-exchange-bot/internal/circuit_breaker/circuit_breaker.go:287.9,289.4 1 1
language-exchange-bot/internal/circuit_breaker/circuit_breaker.go:290.17,291.34 1 1
language-exchange-bot/internal/circuit_breaker/circuit_breaker.go:292.21,293.19 1 0
language-exchange-bot/internal/circuit_breaker/circuit_breaker.go:298.52,303.83 4 1
language-exchange-bot/internal/circuit_breaker/circuit_breaker.go:303.83,305.3 1 1
language-exchange-bot/internal/circuit_breaker/circuit_breaker.go:309.52,314.31 4 1
language-exchange-bot/internal/circuit_breaker/circuit_breaker.go:314.31,316.3 1 1
language-exchange-bot/internal/circuit_breaker/circuit_breaker.go:320.64,321.23 1 1
language-exchange-bot/internal/circuit_breaker/circuit_breaker.go:321.23,323.3 1 0
language-exchange-bot/internal/circuit_breaker/circuit_breaker.go:325.2,330.29 4 1
language-exchange-bot/internal/circuit_breaker/circuit_breaker.go:330.29,332.3 1 1
language-exchange-bot/internal/circuit_breaker/circuit_breaker.go:336.29,342.41 1 1
language-exchange-bot/internal/circuit_breaker/circuit_breaker.go:342.41,344.4 1 0
language-exchange-bot/internal/circuit_breaker/circuit_breaker.go:349.30,355.41 1 1
language-exchange-bot/internal/circuit_breaker/circuit_breaker.go:355.41,357.4 1 0
language-exchange-bot/internal/circuit_breaker/circuit_breaker.go:362.30,368.41 1 1
language-exchange-bot/internal/circuit_breaker/circuit_breaker.go:368.41,370.4 1 0
language-exchange-bot/internal/circuit_breaker/circuit_breaker.go:375.27,381.41 1 1
language-exchange-bot/internal/circuit_breaker/circuit_breaker.go:381.41,383.4 1 0
language-exchange-bot/internal/errors/alerting.go:15.84,20.2 1 1
language-exchange-bot/internal/errors/alerting.go:23.67,51.2 2 1
language-exchange-bot/internal/errors/alerting.go:54.84,76.2 2 1
language-exchange-bot/internal/errors/alerting.go:79.58,80.40 1 1
language-exchange-bot/internal/errors/alerting.go:80.40,82.3 1 1
language-exchange-bot/internal/errors/alerting.go:86.71,97.2 1 1
language-exchange-bot/internal/errors/alerting.go:100.82,103.34 2 1
language-exchange-bot/internal/errors/alerting.go:103.34,105.23 1 1
language-exchange-bot/internal/errors/alerting.go:105.23,107.4 1 0
language-exchange-bot/internal/errors/alerting.go:110.2,110.18 1 1
language-exchange-bot/internal/errors/alerting.go:110.18,112.3 1 1
language-exchange-bot/internal/errors/alerting.go:114.2,114.15 1 0
language-exchange-bot/internal/errors/alerting.go:118.62,120.2 1 0
language-exchange-bot/internal/errors/alerting.go:123.55,125.2 1 1
language-exchange-bot/internal/errors/centralized_handler.go:24.38,25.12 1 0
language-exchange-bot/internal/errors/centralized_handler.go:26.22,27.16 1 0
language-exchange-bot/internal/errors/centralized_handler.go:28.25,29.19 1 0
language-exchange-bot/internal/errors/centralized_handler.go:30.26,31.20 1 0
language-exchange-bot/internal/errors/centralized_handler.go:32.27,33.21 1 0
language-exchange-bot/internal/errors/centralized_handler.go:34.10,35.19 1 0
language-exchange-bot/internal/errors/centralized_handler.go:68.60,75.2 1 0
language-exchange-bot/internal/errors/centralized_handler.go:78.78,80.15 2 0
language-exchange-bot/internal/errors/centralized_handler.go:80.15,80.30 1 0
language-exchange-bot/internal/errors/centralized_handler.go:82.2,83.72 2 0
language-exchange-bot/internal/errors/centralized_handler.go:87.145,88.16 1 0
language-exchange-bot/internal/errors/centralized_handler.go:88.16,90.3 1 0
language-exchange-bot/internal/errors/centralized_handler.go:93.2,96.30 2 0
language-exchange-bot/internal/errors/centralized_handler.go:96.30,99.3 2 0
language-exchange-bot/internal/errors/centralized_handler.go:101.2,101.12 1 0
language-exchange-bot/internal/errors/centralized_handler.go:105.164,106.22 1 0
language-exchange-bot/internal/errors/centralized_handler.go:106.22,108.3 1 0
language-exchange-bot/internal/errors/centralized_handler.go:111.2,114.42 2 0
language-exchange-bot/internal/errors/centralized_handler.go:114.42,117.3 2 0
language-exchange-bot/internal/errors/centralized_handler.go:119.2,119.18 1 0
language-exchange-bot/internal/errors/centralized_handler.go:123.115,134.16 3 0
language-exchange-bot/internal/errors/centralized_handler.go:134.16,137.3 2 0
language-exchange-bot/internal/errors/centralized_handler.go:139.2,139.50 1 0
language-exchange-bot/internal/errors/centralized_handler.go:143.134,157.16 3 0
language-exchange-bot/internal/errors/centralized_handler.go:157.16,160.3 2 0
language-exchange-bot/internal/errors/centralized_handler.go:162.2,162.57 1 0
language-exchange-bot/internal/errors/centralized_handler.go:166.69,181.43 3 0
language-exchange-bot/internal/errors/centralized_handler.go:181.43,182.35 1 0
language-exchange-bot/internal/errors/centralized_handler.go:182.35,184.4 1 0
language-exchange-bot/internal/errors/centralized_handler.go:187.2,187.14 1 0
language-exchange-bot/internal/errors/centralized_handler.go:191.88,199.42 2 0
language-exchange-bot/internal/errors/centralized_handler.go:199.42,200.34 1 0
language-exchange-bot/internal/errors/centralized_handler.go:200.34,202.4 1 0
language-exchange-bot/internal/errors/centralized_handler.go:205.2,205.14 1 0
language-exchange-bot/internal/errors/centralized_handler.go:209.125,230.2 4 0
language-exchange-bot/internal/errors/centralized_handler.go:233.153,257.2 4 0
language-exchange-bot/internal/errors/centralized_handler.go:260.79,263.105 2 0
language-exchange-bot/internal/errors/centralized_handler.go:263.105,265.3 1 0
language-exchange-bot/internal/errors/centralized_handler.go:267.2,267.52 1 0
language-exchange-bot/internal/errors/centralized_handler.go:267.52,269.3 1 0
language-exchange-bot/internal/errors/centralized_handler.go:271.2,271.81 1 0
language-exchange-bot/internal/errors/centralized_handler.go:271.81,273.3 1 0
language-exchange-bot/internal/errors/centralized_handler.go:275.2,275.26 1 0
language-exchange-bot/internal/errors/centralized_handler.go:279.103,280.24 1 0
language-exchange-bot/internal/errors/centralized_handler.go:281.25,282.29 1 0
language-exchange-bot/internal/errors/centralized_handler.go:283.24,284.28 1 0
language-exchange-bot/internal/errors/centralized_handler.go:285.25,286.28 1 0
language-exchange-bot/internal/errors/centralized_handler.go:287.28,288.27 1 0
language-exchange-bot/internal/errors/centralized_handler.go:289.22,290.27 1 0
language-exchange-bot/internal/errors/centralized_handler.go:291.27,292.24 1 0
language-exchange-bot/internal/errors/centralized_handler.go:293.10,294.27 1 0
language-exchange-bot/internal/errors/centralized_handler.go:299.61,301.15 2 0
language-exchange-bot/internal/errors/centralized_handler.go:301.15,301.30 1 0
language-exchange-bot/internal/errors/centralized_handler.go:304.2,307.41 2 0
language-exchange-bot/internal/errors/centralized_handler.go:307.41,308.28 1 0
language-exchange-bot/internal/errors/centralized_handler.go:308.28,309.47 1 0
language-exchange-bot/internal/errors/centralized_handler.go:309.47,311.5 1 0
language-exchange-bot/internal/errors/centralized_handler.go:315.2,315.81 1 0
language-exchange-bot/internal/errors/centralized_handler.go:319.72,321.15 2 0
language-exchange-bot/internal/errors/centralized_handler.go:321.15,321.30 1 0
language-exchange-bot/internal/errors/centralized_handler.go:323.2,324.13 2 0
language-exchange-bot/internal/errors/centralized_handler.go:324.13,326.3 1 0
language-exchange-bot/internal/errors/centralized_handler.go:328.2,333.12 5 0
language-exchange-bot/internal/errors/centralized_handler.go:337.67,339.15 2 0
language-exchange-bot/internal/errors/centralized_handler.go:339.15,339.30 1 0
language-exchange-bot/internal/errors/centralized_handler.go:342.2,343.37 2 0
language-exchange-bot/internal/errors/centralized_handler.go:343.37,345.3 1 0
language-exchange-bot/internal/errors/centralized_handler.go:346.2,346.15 1 0
language-exchange-bot/internal/errors/centralized_handler.go:350.73,352.15 2 0
language-exchange-bot/internal/errors/centralized_handler.go:352.15,352.30 1 0
language-exchange-bot/internal/errors/centralized_handler.go:354.2,355.37 2 0
language-exchange-bot/internal/errors/centralized_handler.go:355.37,356.22 1 0
language-exchange-bot/internal/errors/centralized_handler.go:356.22,358.4 1 0
language-exchange-bot/internal/errors/centralized_handler.go:360.2,360.15 1 0
language-exchange-bot/internal/errors/centralized_handler.go:364.90,366.15 2 0
language-exchange-bot/internal/errors/centralized_handler.go:366.15,366.30 1 0
language-exchange-bot/internal/errors/centralized_handler.go:368.2,369.37 2 0
language-exchange-bot/internal/errors/centralized_handler.go:369.37,370.27 1 0
language-exchange-bot/internal/errors/centralized_handler.go:370.27,372.4 1 0
language-exchange-bot/internal/errors/centralized_handler.go:374.2,374.15 1 0
language-exchange-bot/internal/errors/centralized_handler.go:378.59,380.15 2 0
language-exchange-bot/internal/errors/centralized_handler.go:380.15,380.30 1 0
language-exchange-bot/internal/errors/centralized_handler.go:382.2,382.37 1 0
language-exchange-bot/internal/errors/centralized_handler.go:382.37,383.21 1 0
language-exchange-bot/internal/errors/centralized_handler.go:383.21,385.4 1 0
language-exchange-bot/internal/errors/centralized_handler.go:388.2,388.46 1 0
language-exchange-bot/internal/errors/centralized_handler.go:392.38,399.2 1 0
language-exchange-bot/internal/errors/centralized_handler.go:402.47,403.43 1 0
language-exchange-bot/internal/errors/centralized_handler.go:403.43,404.35 1 0
language-exchange-bot/internal/errors/centralized_handler.go:404.35,406.4 1 0
language-exchange-bot/internal/errors/centralized_handler.go:408.2,408.14 1 0
language-exchange-bot/internal/errors/handler.go:21.60,25.2 1 1
language-exchange-bot/internal/errors/handler.go:28.69,29.16 1 1
language-exchange-bot/internal/errors/handler.go:29.16,31.3 1 0
language-exchange-bot/internal/errors/handler.go:34.2,37.28 2 1
language-exchange-bot/internal/errors/handler.go:37.28,39.33 2 1
language-exchange-bot/internal/errors/handler.go:39.33,41.4 1 1
language-exchange-bot/internal/errors/handler.go:45.2,45.29 1 1
language-exchange-bot/internal/errors/handler.go:45.29,47.33 2 1
language-exchange-bot/internal/errors/handler.go:47.33,49.4 1 1
language-exchange-bot/internal/errors/handler.go:52.2,52.12 1 1
language-exchange-bot/internal/errors/handler.go:56.101,57.16 1 1
language-exchange-bot/internal/errors/handler.go:57.16,59.3 1 0
language-exchange-bot/internal/errors/handler.go:61.2,70.33 3 1
language-exchange-bot/internal/errors/handler.go:74.101,75.16 1 1
language-exchange-bot/internal/errors/handler.go:75.16,77.3 1 0
language-exchange-bot/internal/errors/handler.go:79.2,88.33 3 1
language-exchange-bot/internal/errors/handler.go:92.103,93.16 1 1
language-exchange-bot/internal/errors/handler.go:93.16,95.3 1 0
language-exchange-bot/internal/errors/handler.go:97.2,106.33 3 1
language-exchange-bot/internal/errors/handler.go:110.98,111.16 1 1
language-exchange-bot/internal/errors/handler.go:111.16,113.3 1 0
language-exchange-bot/internal/errors/handler.go:115.2,124.33 3 1
language-exchange-bot/internal/errors/handler.go:128.65,130.32 2 1
language-exchange-bot/internal/errors/handler.go:130.32,139.3 1 1
language-exchange-bot/internal/errors/handler.go:139.8,147.3 1 0
language-exchange-bot/internal/errors/handler.go:151.56,153.32 2 1
language-exchange-bot/internal/errors/handler.go:153.32,158.3 1 1
language-exchange-bot/internal/errors/handler.go:160.2,160.14 1 0
language-exchange-bot/internal/errors/tracing.go:25.80,33.2 1 1
language-exchange-bot/internal/errors/tracing.go:36.33,42.2 3 1
language-exchange-bot/internal/errors/tracing.go:45.63,55.32 2 0
language-exchange-bot/internal/errors/tracing.go:55.32,62.3 5 0
language-exchange-bot/internal/errors/tracing.go:65.2,77.3 1 0
language-exchange-bot/internal/errors/tracing.go:81.86,95.2 1 1
language-exchange-bot/internal/errors/tracing.go:98.86,112.2 1 1
language-exchange-bot/internal/errors/tracing.go:115.88,129.2 1 1
language-exchange-bot/internal/errors/tracing.go:132.83,146.2 1 1
language-exchange-bot/internal/errors/types.go:23.37,24.12 1 1
language-exchange-bot/internal/errors/types.go:25.28,26.23 1 1
language-exchange-bot/internal/errors/types.go:27.25,28.20 1 1
language-exchange-bot/internal/errors/types.go:29.27,30.22 1 1
language-exchange-bot/internal/errors/types.go:31.22,32.17 1 1
language-exchange-bot/internal/errors/types.go:33.24,34.19 1 0
language-exchange-bot/internal/errors/types.go:35.25,36.20 1 0
language-exchange-bot/internal/errors/types.go:37.10,38.19 1 0
language-exchange-bot/internal/errors/types.go:54.38,55.20 1 1
language-exchange-bot/internal/errors/types.go:55.20,57.3 1 1
language-exchange-bot/internal/errors/types.go:59.2,59.59 1 1
language-exchange-bot/internal/errors/types.go:63.38,65.2 1 0
language-exchange-bot/internal/errors/types.go:68.95,78.2 1 1
language-exchange-bot/internal/errors/types.go:81.79,85.2 2 0
language-exchange-bot/internal/errors/types.go:88.59,92.2 2 1
language-exchange-bot/internal/errors/types.go:95.41,105.32 2 1
language-exchange-bot/internal/errors/types.go:105.32,107.3 1 1
language-exchange-bot/internal/errors/types.go:109.2,109.14 1 0
language-exchange-bot/internal/errors/types.go:113.38,123.32 2 1
language-exchange-bot/internal/errors/types.go:123.32,125.3 1 1
language-exchange-bot/internal/errors/types.go:127.2,127.14 1 0
language-exchange-bot/internal/errors/types.go:131.40,141.32 2 1
language-exchange-bot/internal/errors/types.go:141.32,143.3 1 1
language-exchange-bot/internal/errors/types.go:145.2,145.14 1 0
language-exchange-bot/internal/errors/types.go:149.35,159.32 2 1
language-exchange-bot/internal/errors/types.go:159.32,161.3 1 1
language-exchange-bot/internal/errors/types.go:163.2,163.14 1 0
language-exchange-bot/internal/validation/message_validator.go:15.46,19.2 1 1
language-exchange-bot/internal/validation/message_validator.go:22.88,26.68 2 1
language-exchange-bot/internal/validation/message_validator.go:26.68,27.30 1 1
language-exchange-bot/internal/validation/message_validator.go:27.30,29.4 1 1
language-exchange-bot/internal/validation/message_validator.go:33.2,33.72 1 1
language-exchange-bot/internal/validation/message_validator.go:33.72,34.30 1 1
language-exchange-bot/internal/validation/message_validator.go:34.30,36.4 1 1
language-exchange-bot/internal/validation/message_validator.go:40.2,40.16 1 1
language-exchange-bot/internal/validation/message_validator.go:40.16,41.89 1 1
language-exchange-bot/internal/validation/message_validator.go:41.89,42.31 1 0
language-exchange-bot/internal/validation/message_validator.go:42.31,44.5 1 0
language-exchange-bot/internal/validation/message_validator.go:48.2,48.15 1 1
language-exchange-bot/internal/validation/message_validator.go:52.94,56.68 2 1
language-exchange-bot/internal/validation/message_validator.go:56.68,57.30 1 1
language-exchange-bot/internal/validation/message_validator.go:57.30,59.4 1 1
language-exchange-bot/internal/validation/message_validator.go:63.2,63.72 1 1
language-exchange-bot/internal/validation/message_validator.go:63.72,64.30 1 1
language-exchange-bot/internal/validation/message_validator.go:64.30,66.4 1 1
language-exchange-bot/internal/validation/message_validator.go:70.2,70.72 1 1
language-exchange-bot/internal/validation/message_validator.go:70.72,71.30 1 1
language-exchange-bot/internal/validation/message_validator.go:71.30,73.4 1 1
language-exchange-bot/internal/validation/message_validator.go:76.2,76.15 1 1
language-exchange-bot/internal/validation/message_validator.go:80.96,84.68 2 1
language-exchange-bot/internal/validation/message_validator.go:84.68,85.30 1 1
language-exchange-bot/internal/validation/message_validator.go:85.30,87.4 1 1
language-exchange-bot/internal/validation/message_validator.go:91.2,91.72 1 1
language-exchange-bot/internal/validation/message_validator.go:91.72,92.30 1 1
language-exchange-bot/internal/validation/message_validator.go:92.30,94.4 1 1
language-exchange-bot/internal/validation/message_validator.go:98.2,98.72 1 1
language-exchange-bot/internal/validation/message_validator.go:98.72,99.30 1 1
language-exchange-bot/internal/validation/message_validator.go:99.30,101.4 1 1
language-exchange-bot/internal/validation/message_validator.go:104.2,104.15 1 1
language-exchange-bot/internal/validation/message_validator.go:108.91,112.68 2 1
language-exchange-bot/internal/validation/message_validator.go:112.68,113.30 1 0
language-exchange-bot/internal/validation/message_validator.go:113.30,115.4 1 0
language-exchange-bot/internal/validation/message_validator.go:119.2,119.72 1 1
language-exchange-bot/internal/validation/message_validator.go:119.72,120.30 1 0
language-exchange-bot/internal/validation/message_validator.go:120.30,122.4 1 0
language-exchange-bot/internal/validation/message_validator.go:126.2,126.38 1 1
language-exchange-bot/internal/validation/message_validator.go:126.38,130.3 2 1
language-exchange-bot/internal/validation/message_validator.go:133.2,133.38 1 1
language-exchange-bot/internal/validation/message_validator.go:133.38,135.3 1 0
language-exchange-bot/internal/validation/message_validator.go:138.2,138.50 1 1
language-exchange-bot/internal/validation/message_validator.go:138.50,140.3 1 1
language-exchange-bot/internal/validation/message_validator.go:143.2,143.95 1 1
language-exchange-bot/internal/validation/message_validator.go:143.95,145.3 1 1
language-exchange-bot/internal/validation/message_validator.go:147.2,147.15 1 1
language-exchange-bot/internal/validation/message_validator.go:151.106,155.68 2 1
language-exchange-bot/internal/validation/message_validator.go:155.68,156.30 1 1
language-exchange-bot/internal/validation/message_validator.go:156.30,158.4 1 1
language-exchange-bot/internal/validation/message_validator.go:162.2,162.72 1 1
language-exchange-bot/internal/validation/message_validator.go:162.72,163.30 1 1
language-exchange-bot/internal/validation/message_validator.go:163.30,165.4 1 1
language-exchange-bot/internal/validation/message_validator.go:169.2,169.80 1 1
language-exchange-bot/internal/validation/message_validator.go:169.80,170.30 1 1
language-exchange-bot/internal/validation/message_validator.go:170.30,172.4 1 1
language-exchange-bot/internal/validation/message_validator.go:175.2,175.15 1 1
language-exchange-bot/internal/validation/message_validator.go:179.101,183.68 2 1
language-exchange-bot/internal/validation/message_validator.go:183.68,184.30 1 1
language-exchange-bot/internal/validation/message_validator.go:184.30,186.4 1 1
language-exchange-bot/internal/validation/message_validator.go:190.2,190.72 1 1
language-exchange-bot/internal/validation/message_validator.go:190.72,191.30 1 1
language-exchange-bot/internal/validation/message_validator.go:191.30,193.4 1 1
language-exchange-bot/internal/validation/message_validator.go:197.2,197.76 1 1
language-exchange-bot/internal/validation/message_validator.go:197.76,198.30 1 1
language-exchange-bot/internal/validation/message_validator.go:198.30,200.4 1 1
language-exchange-bot/internal/validation/message_validator.go:203.2,203.15 1 1
language-exchange-bot/internal/validation/message_validator.go:207.101,211.68 2 1
language-exchange-bot/internal/validation/message_validator.go:211.68,212.30 1 1
language-exchange-bot/internal/validation/message_validator.go:212.30,214.4 1 1
language-exchange-bot/internal/validation/message_validator.go:218.2,218.72 1 1
language-exchange-bot/internal/validation/message_validator.go:218.72,219.30 1 1
language-exchange-bot/internal/validation/message_validator.go:219.30,221.4 1 1
language-exchange-bot/internal/validation/message_validator.go:225.2,225.74 1 1
language-exchange-bot/internal/validation/message_validator.go:225.74,226.30 1 1
language-exchange-bot/internal/validation/message_validator.go:226.30,228.4 1 1
language-exchange-bot/internal/validation/message_validator.go:231.2,231.15 1 1
language-exchange-bot/internal/validation/user_validator.go:15.40,19.2 1 1
language-exchange-bot/internal/validation/user_validator.go:22.66,32.2 7 1
language-exchange-bot/internal/validation/user_validator.go:35.79,36.76 1 1
language-exchange-bot/internal/validation/user_validator.go:36.76,37.30 1 1
language-exchange-bot/internal/validation/user_validator.go:37.30,39.4 1 1
language-exchange-bot/internal/validation/user_validator.go:44.78,45.103 1 1
language-exchange-bot/internal/validation/user_validator.go:45.103,46.30 1 1
language-exchange-bot/internal/validation/user_validator.go:46.30,48.4 1 1
language-exchange-bot/internal/validation/user_validator.go:53.76,54.20 1 1
language-exchange-bot/internal/validation/user_validator.go:54.20,55.103 1 1
language-exchange-bot/internal/validation/user_validator.go:55.103,56.31 1 1
language-exchange-bot/internal/validation/user_validator.go:56.31,58.5 1 1
language-exchange-bot/internal/validation/user_validator.go:64.89,65.80 1 1
language-exchange-bot/internal/validation/user_validator.go:65.80,66.30 1 1
language-exchange-bot/internal/validation/user_validator.go:66.30,68.4 1 1
language-exchange-bot/internal/validation/user_validator.go:73.74,74.70 1 1
language-exchange-bot/internal/validation/user_validator.go:74.70,75.30 1 1
language-exchange-bot/internal/validation/user_validator.go:75.30,77.4 1 1
language-exchange-bot/internal/validation/user_validator.go:82.117,86.83 2 1
language-exchange-bot/internal/validation/user_validator.go:86.83,87.30 1 1
language-exchange-bot/internal/validation/user_validator.go:87.30,89.4 1 1
language-exchange-bot/internal/validation/user_validator.go:93.2,93.103 1 1
language-exchange-bot/internal/validation/user_validator.go:93.103,94.30 1 1
language-exchange-bot/internal/validation/user_validator.go:94.30,96.4 1 1
language-exchange-bot/internal/validation/user_validator.go:100.2,100.20 1 1
language-exchange-bot/internal/validation/user_validator.go:100.20,101.103 1 1
language-exchange-bot/internal/validation/user_validator.go:101.103,102.31 1 1
language-exchange-bot/internal/validation/user_validator.go:102.31,104.5 1 1
language-exchange-bot/internal/validation/user_validator.go:109.2,109.80 1 1
language-exchange-bot/internal/validation/user_validator.go:109.80,110.30 1 1
language-exchange-bot/internal/validation/user_validator.go:110.30,112.4 1 1
language-exchange-bot/internal/validation/user_validator.go:115.2,115.15 1 1
language-exchange-bot/internal/validation/user_validator.go:119.72,123.108 2 1
language-exchange-bot/internal/validation/user_validator.go:123.108,124.30 1 1
language-exchange-bot/internal/validation/user_validator.go:124.30,126.4 1 1
language-exchange-bot/internal/validation/user_validator.go:130.2,130.25 1 1
language-exchange-bot/internal/validation/user_validator.go:130.25,131.108 1 0
language-exchange-bot/internal/validation/user_validator.go:131.108,132.31 1 0
language-exchange-bot/internal/validation/user_validator.go:132.31,134.5 1 0
language-exchange-bot/internal/validation/user_validator.go:139.2,139.94 1 1
language-exchange-bot/internal/validation/user_validator.go:139.94,140.30 1 1
language-exchange-bot/internal/validation/user_validator.go:140.30,142.4 1 1
language-exchange-bot/internal/validation/user_validator.go:146.2,146.75 1 1
language-exchange-bot/internal/validation/user_validator.go:146.75,147.30 1 1
language-exchange-bot/internal/validation/user_validator.go:147.30,149.4 1 1
language-exchange-bot/internal/validation/user_validator.go:152.2,152.15 1 1
language-exchange-bot/internal/validation/user_validator.go:156.75,159.27 2 1
language-exchange-bot/internal/validation/user_validator.go:159.27,163.3 2 1
language-exchange-bot/internal/validation/user_validator.go:165.2,165.54 1 1
language-exchange-bot/internal/validation/user_validator.go:165.54,169.3 2 0
language-exchange-bot/internal/validation/user_validator.go:172.2,172.45 1 1
language-exchange-bot/internal/validation/user_validator.go:172.45,173.77 1 1
language-exchange-bot/internal/validation/user_validator.go:173.77,174.31 1 0
language-exchange-bot/internal/validation/user_validator.go:174.31,176.5 1 0
language-exchange-bot/internal/validation/user_validator.go:180.3,180.39 1 1
language-exchange-bot/internal/validation/user_validator.go:180.39,181.43 1 1
language-exchange-bot/internal/validation/user_validator.go:181.43,184.10 2 0
language-exchange-bot/internal/validation/user_validator.go:189.2,189.15 1 1
language-exchange-bot/internal/validation/user_validator.go:193.95,197.82 2 1
language-exchange-bot/internal/validation/user_validator.go:197.82,198.30 1 0
language-exchange-bot/internal/validation/user_validator.go:198.30,200.4 1 0
language-exchange-bot/internal/validation/user_validator.go:204.2,204.82 1 1
language-exchange-bot/internal/validation/user_validator.go:204.82,205.30 1 0
language-exchange-bot/internal/validation/user_validator.go:205.30,207.4 1 0
language-exchange-bot/internal/validation/user_validator.go:211.2,211.38 1 1
language-exchange-bot/internal/validation/user_validator.go:211.38,213.3 1 1
language-exchange-bot/internal/validation/user_validator.go:215.2,215.15 1 1
language-exchange-bot/internal/validation/user_validator.go:219.71,222.74 2 1
language-exchange-bot/internal/validation/user_validator.go:222.74,223.30 1 1
language-exchange-bot/internal/validation/user_validator.go:223.30,225.4 1 1
language-exchange-bot/internal/validation/user_validator.go:228.2,228.15 1 1
language-exchange-bot/internal/validation/validation_service.go:18.61,24.2 1 1
language-exchange-bot/internal/validation/validation_service.go:27.115,30.24 2 1
language-exchange-bot/internal/validation/validation_service.go:30.24,40.54 3 1
language-exchange-bot/internal/validation/validation_service.go:40.54,42.4 1 1
language-exchange-bot/internal/validation/validation_service.go:44.3,44.104 1 1
language-exchange-bot/internal/validation/validation_service.go:47.2,47.12 1 1
language-exchange-bot/internal/validation/validation_service.go:56.9,59.24 2 1
language-exchange-bot/internal/validation/validation_service.go:59.24,69.54 3 1
language-exchange-bot/internal/validation/validation_service.go:69.54,71.4 1 1
language-exchange-bot/internal/validation/validation_service.go:73.3,73.104 1 1
language-exchange-bot/internal/validation/validation_service.go:76.2,76.12 1 1
language-exchange-bot/internal/validation/validation_service.go:84.9,87.24 2 1
language-exchange-bot/internal/validation/validation_service.go:87.24,97.54 3 1
language-exchange-bot/internal/validation/validation_service.go:97.54,99.4 1 1
language-exchange-bot/internal/validation/validation_service.go:101.3,101.104 1 1
language-exchange-bot/internal/validation/validation_service.go:104.2,104.12 1 1
language-exchange-bot/internal/validation/validation_service.go:112.9,115.24 2 1
language-exchange-bot/internal/validation/validation_service.go:115.24,125.54 3 1
language-exchange-bot/internal/validation/validation_service.go:125.54,127.4 1 1
language-exchange-bot/internal/validation/validation_service.go:129.3,129.104 1 1
language-exchange-bot/internal/validation/validation_service.go:132.2,132.12 1 1
language-exchange-bot/internal/validation/validation_service.go:140.9,143.24 2 1
language-exchange-bot/internal/validation/validation_service.go:143.24,153.54 3 1
language-exchange-bot/internal/validation/validation_service.go:153.54,155.4 1 1
language-exchange-bot/internal/validation/validation_service.go:157.3,157.104 1 1
language-exchange-bot/internal/validation/validation_service.go:160.2,160.12 1 1
language-exchange-bot/internal/validation/validation_service.go:164.105,167.24 2 1
language-exchange-bot/internal/validation/validation_service.go:167.24,177.54 3 1
language-exchange-bot/internal/validation/validation_service.go:177.54,179.4 1 1
language-exchange-bot/internal/validation/validation_service.go:181.3,181.104 1 1
language-exchange-bot/internal/validation/validation_service.go:184.2,184.12 1 1
language-exchange-bot/internal/validation/validation_service.go:188.111,191.24 2 1
language-exchange-bot/internal/validation/validation_service.go:191.24,201.54 3 1
language-exchange-bot/internal/validation/validation_service.go:201.54,203.4 1 1
language-exchange-bot/internal/validation/validation_service.go:205.3,205.104 1 1
language-exchange-bot/internal/validation/validation_service.go:208.2,208.12 1 1
language-exchange-bot/internal/validation/validation_service.go:212.113,215.24 2 1
language-exchange-bot/internal/validation/validation_service.go:215.24,225.54 3 1
language-exchange-bot/internal/validation/validation_service.go:225.54,227.4 1 1
language-exchange-bot/internal/validation/validation_service.go:229.3,229.104 1 1
language-exchange-bot/internal/validation/validation_service.go:232.2,232.12 1 1
language-exchange-bot/internal/validation/validation_service.go:236.108,239.24 2 1
language-exchange-bot/internal/validation/validation_service.go:239.24,249.54 3 1
language-exchange-bot/internal/validation/validation_service.go:249.54,251.4 1 1
language-exchange-bot/internal/validation/validation_service.go:253.3,253.104 1 1
language-exchange-bot/internal/validation/validation_service.go:256.2,256.12 1 0
language-exchange-bot/internal/validation/validation_service.go:263.9,266.24 2 1
language-exchange-bot/internal/validation/validation_service.go:266.24,276.54 3 1
language-exchange-bot/internal/validation/validation_service.go:276.54,278.4 1 1
language-exchange-bot/internal/validation/validation_service.go:280.3,280.104 1 1
language-exchange-bot/internal/validation/validation_service.go:283.2,283.12 1 1
language-exchange-bot/internal/validation/validation_service.go:291.9,294.24 2 1
language-exchange-bot/internal/validation/validation_service.go:294.24,304.54 3 1
language-exchange-bot/internal/validation/validation_service.go:304.54,306.4 1 1
language-exchange-bot/internal/validation/validation_service.go:308.3,308.104 1 1
language-exchange-bot/internal/validation/validation_service.go:311.2,311.12 1 1
language-exchange-bot/internal/validation/validation_service.go:319.9,322.24 2 1
language-exchange-bot/internal/validation/validation_service.go:322.24,332.54 3 1
language-exchange-bot/internal/validation/validation_service.go:332.54,334.4 1 1
language-exchange-bot/internal/validation/validation_service.go:336.3,336.104 1 1
language-exchange-bot/internal/validation/validation_service.go:339.2,339.12 1 1
language-exchange-bot/internal/validation/validators.go:29.26,34.2 1 1
language-exchange-bot/internal/validation/validators.go:37.51,40.2 2 1
language-exchange-bot/internal/validation/validators.go:43.51,45.2 1 1
language-exchange-bot/internal/validation/validators.go:48.36,50.2 1 1
language-exchange-bot/internal/validation/validators.go:56.32,58.2 1 1
language-exchange-bot/internal/validation/validators.go:61.75,64.29 2 1
language-exchange-bot/internal/validation/validators.go:64.29,65.58 1 1
language-exchange-bot/internal/validation/validators.go:65.58,67.4 1 1
language-exchange-bot/internal/validation/validators.go:70.2,70.15 1 1
language-exchange-bot/internal/validation/validators.go:74.67,75.14 1 1
language-exchange-bot/internal/validation/validators.go:76.18,77.35 1 1
language-exchange-bot/internal/validation/validators.go:78.15,79.66 1 1
language-exchange-bot/internal/validation/validators.go:80.16,81.91 1 1
language-exchange-bot/internal/validation/validators.go:82.17,83.90 1 0
language-exchange-bot/internal/validation/validators.go:84.17,85.87 1 0
language-exchange-bot/internal/validation/validators.go:86.22,87.93 1 1
language-exchange-bot/internal/validation/validators.go:88.18,89.90 1 1
language-exchange-bot/internal/validation/validators.go:90.15,91.120 1 0
language-exchange-bot/internal/validation/validators.go:94.2,94.11 1 1
language-exchange-bot/internal/validation/validators.go:98.59,99.36 1 1
language-exchange-bot/internal/validation/validators.go:99.36,101.3 1 1
language-exchange-bot/internal/validation/validators.go:103.2,103.11 1 1
language-exchange-bot/internal/validation/validators.go:107.72,108.44 1 1
language-exchange-bot/internal/validation/validators.go:108.44,110.3 1 1
language-exchange-bot/internal/validation/validators.go:112.2,112.11 1 1
language-exchange-bot/internal/validation/validators.go:116.88,117.44 1 1
language-exchange-bot/internal/validation/validators.go:117.44,119.3 1 0
language-exchange-bot/internal/validation/validators.go:121.2,121.11 1 1
language-exchange-bot/internal/validation/validators.go:125.76,126.53 1 1
language-exchange-bot/internal/validation/validators.go:126.53,128.3 1 1
language-exchange-bot/internal/validation/validators.go:130.2,130.11 1 1
language-exchange-bot/internal/validation/validators.go:134.69,137.29 2 1
language-exchange-bot/internal/validation/validators.go:137.29,138.15 1 1
language-exchange-bot/internal/validation/validators.go:139.19,140.18 1 1
language-exchange-bot/internal/validation/validators.go:140.18,142.5 1 1
language-exchange-bot/internal/validation/validators.go:143.16,144.17 1 1
language-exchange-bot/internal/validation/validators.go:144.17,146.5 1 1
language-exchange-bot/internal/validation/validators.go:147.18,148.44 1 1
language-exchange-bot/internal/validation/validators.go:148.44,150.5 1 1
language-exchange-bot/internal/validation/validators.go:151.19,152.18 1 1
language-exchange-bot/internal/validation/validators.go:152.18,154.5 1 1
language-exchange-bot/internal/validation/validators.go:158.2,158.15 1 1
language-exchange-bot/internal/validation/validators.go:162.64,165.35 2 1
language-exchange-bot/internal/validation/validators.go:165.35,169.3 2 1
language-exchange-bot/internal/validation/validators.go:172.2,172.50 1 1
language-exchange-bot/internal/validation/validators.go:172.50,174.3 1 1
language-exchange-bot/internal/validation/validators.go:177.2,177.60 1 1
language-exchange-bot/internal/validation/validators.go:177.60,179.3 1 1
language-exchange-bot/internal/validation/validators.go:181.2,181.15 1 1
language-exchange-bot/internal/validation/validators.go:185.67,188.21 2 1
language-exchange-bot/internal/validation/validators.go:188.21,190.3 1 1
language-exchange-bot/internal/validation/validators.go:193.2,193.45 1 1
language-exchange-bot/internal/validation/validators.go:193.45,195.3 1 1
language-exchange-bot/internal/validation/validators.go:197.2,197.15 1 1
language-exchange-bot/internal/validation/validators.go:201.59,204.17 2 1
language-exchange-bot/internal/validation/validators.go:204.17,208.3 2 1
language-exchange-bot/internal/validation/validators.go:211.2,211.38 1 1
language-exchange-bot/internal/validation/validators.go:211.38,213.3 1 1
language-exchange-bot/internal/validation/validators.go:215.2,215.15 1 1
language-exchange-bot/internal/validation/validators.go:219.62,230.41 4 1
language-exchange-bot/internal/validation/validators.go:230.41,231.26 1 1
language-exchange-bot/internal/validation/validators.go:231.26,234.9 2 1
language-exchange-bot/internal/validation/validators.go:238.2,238.14 1 1
language-exchange-bot/internal/validation/validators.go:238.14,240.3 1 1
language-exchange-bot/internal/validation/validators.go:242.2,242.15 1 1
language-exchange-bot/internal/validation/validators.go:246.57,249.13 2 1
language-exchange-bot/internal/validation/validators.go:249.13,251.3 1 1
language-exchange-bot/internal/validation/validators.go:253.2,253.15 1 1
language-exchange-bot/internal/validation/validators.go:257.63,260.28 2 1
language-exchange-bot/internal/validation/validators.go:260.28,262.3 1 1
language-exchange-bot/internal/validation/validators.go:264.2,264.15 1 1
language-exchange-bot/internal/validation/validators.go:268.64,271.35 2 1
language-exchange-bot/internal/validation/validators.go:271.35,275.3 2 0
language-exchange-bot/internal/validation/validators.go:277.2,278.45 2 1
language-exchange-bot/internal/validation/validators.go:278.45,280.3 1 1
language-exchange-bot/internal/validation/validators.go:282.2,282.45 1 1
language-exchange-bot/internal/validation/validators.go:282.45,284.3 1 1
language-exchange-bot/internal/validation/validators.go:286.2,286.15 1 1
language-exchange-bot/internal/validation/validators.go:290.64,293.35 2 1
language-exchange-bot/internal/validation/validators.go:293.35,297.3 2 1
language-exchange-bot/internal/validation/validators.go:299.2,299.51 1 1
language-exchange-bot/internal/validation/validators.go:299.51,301.3 1 1
language-exchange-bot/internal/validation/validators.go:304.2,304.65 1 1
language-exchange-bot/internal/validation/validators.go:304.65,306.3 1 0
language-exchange-bot/internal/validation/validators.go:308.2,308.15 1 1
language-exchange-bot/internal/adapters/telegram/bot.go:19.80,25.2 2 1
language-exchange-bot/internal/adapters/telegram/bot.go:40.108,42.16 2 1
language-exchange-bot/internal/adapters/telegram/bot.go:42.16,44.3 1 1
language-exchange-bot/internal/adapters/telegram/bot.go:46.2,56.8 3 0
language-exchange-bot/internal/adapters/telegram/bot.go:65.25,67.16 2 1
language-exchange-bot/internal/adapters/telegram/bot.go:67.16,69.3 1 1
language-exchange-bot/internal/adapters/telegram/bot.go:71.2,83.42 3 0
language-exchange-bot/internal/adapters/telegram/bot.go:83.42,85.21 2 0
language-exchange-bot/internal/adapters/telegram/bot.go:85.21,86.12 1 0
language-exchange-bot/internal/adapters/telegram/bot.go:90.3,93.108 3 0
language-exchange-bot/internal/adapters/telegram/bot.go:96.2,96.36 1 0
language-exchange-bot/internal/adapters/telegram/bot.go:96.36,98.3 1 0
language-exchange-bot/internal/adapters/telegram/bot.go:100.2,102.19 2 0
language-exchange-bot/internal/adapters/telegram/bot.go:106.92,124.17 4 0
language-exchange-bot/internal/adapters/telegram/bot.go:124.17,125.81 1 0
language-exchange-bot/internal/adapters/telegram/bot.go:125.81,127.5 1 0
language-exchange-bot/internal/adapters/telegram/bot.go:129.4,129.50 1 0
language-exchange-bot/internal/adapters/telegram/bot.go:135.2,135.89 1 0
language-exchange-bot/internal/adapters/telegram/bot.go:135.89,137.3 1 0
language-exchange-bot/internal/adapters/telegram/bot.go:140.2,142.42 2 0
language-exchange-bot/internal/adapters/telegram/bot.go:142.42,144.45 2 0
language-exchange-bot/internal/adapters/telegram/bot.go:144.45,146.4 1 0
language-exchange-bot/internal/adapters/telegram/bot.go:146.9,148.4 1 0
language-exchange-bot/internal/adapters/telegram/bot.go:152.2,157.12 4 0
language-exchange-bot/internal/adapters/telegram/bot.go:161.54,163.2 1 1
language-exchange-bot/internal/adapters/telegram/bot.go:166.57,177.6 7 0
language-exchange-bot/internal/adapters/telegram/bot.go:177.6,178.10 1 0
language-exchange-bot/internal/adapters/telegram/bot.go:179.28,180.33 1 0
language-exchange-bot/internal/adapters/telegram/bot.go:180.33,181.53 1 0
language-exchange-bot/internal/adapters/telegram/bot.go:181.53,183.32 1 0
language-exchange-bot/internal/adapters/telegram/bot.go:183.32,184.106 1 0
language-exchange-bot/internal/adapters/telegram/bot.go:184.106,186.8 1 0
language-exchange-bot/internal/adapters/telegram/bot.go:187.12,189.7 1 0
language-exchange-bot/internal/adapters/telegram/bot.go:192.21,196.14 3 0
language-exchange-bot/internal/adapters/telegram/bot.go:201.56,206.23 1 0
language-exchange-bot/internal/adapters/telegram/bot.go:206.23,208.3 1 0
language-exchange-bot/internal/adapters/telegram/bot.go:210.2,210.12 1 0
language-exchange-bot/internal/adapters/telegram/bot.go:214.49,216.2 1 1
language-exchange-bot/internal/adapters/telegram/bot.go:219.57,222.2 2 1
language-exchange-bot/internal/adapters/telegram/bot.go:225.44,230.31 3 1
language-exchange-bot/internal/adapters/telegram/bot.go:230.31,232.3 1 1
language-exchange-bot/internal/adapters/telegram/bot.go:234.2,234.22 1 0
language-exchange-bot/internal/adapters/telegram/bot.go:243.25,245.16 2 0
language-exchange-bot/internal/adapters/telegram/bot.go:245.16,247.3 1 0
language-exchange-bot/internal/adapters/telegram/bot.go:249.2,261.42 3 0
language-exchange-bot/internal/adapters/telegram/bot.go:261.42,263.21 2 0
language-exchange-bot/internal/adapters/telegram/bot.go:263.21,264.12 1 0
language-exchange-bot/internal/adapters/telegram/bot.go:268.3,271.86 3 0
language-exchange-bot/internal/adapters/telegram/bot.go:274.2,274.19 1 0
language-exchange-bot/internal/adapters/telegram/bot.go:278.75,282.2 2 1
language-exchange-bot/internal/adapters/telegram/bot.go:285.53,287.2 1 1
language-exchange-bot/internal/adapters/telegram/bot.go:290.62,291.22 1 0
language-exchange-bot/internal/adapters/telegram/bot.go:291.22,293.3 1 0
language-exchange-bot/internal/adapters/telegram/bot.go:296.2,297.16 2 0
language-exchange-bot/internal/adapters/telegram/bot.go:297.16,299.3 1 0
language-exchange-bot/internal/adapters/telegram/bot.go:302.2,303.16 2 0
language-exchange-bot/internal/adapters/telegram/bot.go:303.16,305.3 1 0
language-exchange-bot/internal/adapters/telegram/bot.go:307.2,308.12 2 0
language-exchange-bot/internal/adapters/telegram/bot.go:312.46,314.16 2 0
language-exchange-bot/internal/adapters/telegram/bot.go:314.16,316.3 1 0
language-exchange-bot/internal/adapters/telegram/bot.go:318.2,319.16 2 0
language-exchange-bot/internal/adapters/telegram/bot.go:319.16,321.3 1 0
language-exchange-bot/internal/adapters/telegram/bot.go:323.2,324.12 2 0
language-exchange-bot/internal/adapters/telegram/callback_router.go:27.42,31.2 1 1
language-exchange-bot/internal/adapters/telegram/callback_router.go:34.82,36.16 2 1
language-exchange-bot/internal/adapters/telegram/callback_router.go:36.16,38.3 1 1
language-exchange-bot/internal/adapters/telegram/callback_router.go:40.2,45.12 2 0
language-exchange-bot/internal/adapters/telegram/callback_router.go:49.82,54.2 1 1
language-exchange-bot/internal/adapters/telegram/callback_router.go:57.81,63.2 2 1
language-exchange-bot/internal/adapters/telegram/callback_router.go:66.92,69.33 2 1
language-exchange-bot/internal/adapters/telegram/callback_router.go:69.33,71.21 2 1
language-exchange-bot/internal/adapters/telegram/callback_router.go:71.21,76.24 2 1
language-exchange-bot/internal/adapters/telegram/callback_router.go:76.24,79.5 1 1
language-exchange-bot/internal/adapters/telegram/callback_router.go:81.4,81.48 1 1
language-exchange-bot/internal/adapters/telegram/callback_router.go:85.2,86.12 2 1
language-exchange-bot/internal/adapters/telegram/callback_router.go:90.78,92.132 1 0
language-exchange-bot/internal/adapters/telegram/callback_router.go:92.132,94.3 1 0
language-exchange-bot/internal/adapters/telegram/callback_router.go:96.2,96.131 1 0
language-exchange-bot/internal/adapters/telegram/callback_router.go:96.131,98.3 1 0
language-exchange-bot/internal/adapters/telegram/callback_router.go:100.2,100.137 1 0
language-exchange-bot/internal/adapters/telegram/callback_router.go:100.137,102.3 1 0
language-exchange-bot/internal/adapters/telegram/callback_router.go:104.2,104.134 1 0
language-exchange-bot/internal/adapters/telegram/callback_router.go:104.134,106.3 1 0
language-exchange-bot/internal/adapters/telegram/callback_router.go:108.2,108.137 1 0
language-exchange-bot/internal/adapters/telegram/callback_router.go:108.137,110.3 1 0
language-exchange-bot/internal/adapters/telegram/callback_router.go:112.2,112.134 1 0
language-exchange-bot/internal/adapters/telegram/callback_router.go:112.134,114.3 1 0
language-exchange-bot/internal/adapters/telegram/callback_router.go:116.2,116.133 1 0
language-exchange-bot/internal/adapters/telegram/callback_router.go:116.133,118.3 1 0
language-exchange-bot/internal/adapters/telegram/callback_router.go:120.2,120.131 1 0
language-exchange-bot/internal/adapters/telegram/callback_router.go:120.131,122.3 1 0
language-exchange-bot/internal/adapters/telegram/callback_router.go:124.2,124.132 1 0
language-exchange-bot/internal/adapters/telegram/callback_router.go:124.132,126.3 1 0
language-exchange-bot/internal/adapters/telegram/callback_router.go:129.2,129.136 1 0
language-exchange-bot/internal/adapters/telegram/callback_router.go:129.136,132.3 2 0
language-exchange-bot/internal/adapters/telegram/callback_router.go:134.2,134.138 1 0
language-exchange-bot/internal/adapters/telegram/callback_router.go:134.138,137.3 2 0
language-exchange-bot/internal/adapters/telegram/callback_router.go:139.2,139.137 1 0
language-exchange-bot/internal/adapters/telegram/callback_router.go:139.137,142.3 2 0
language-exchange-bot/internal/adapters/telegram/callback_router.go:144.2,144.133 1 0
language-exchange-bot/internal/adapters/telegram/callback_router.go:144.133,147.3 2 0
language-exchange-bot/internal/adapters/telegram/callback_router.go:149.2,149.132 1 0
language-exchange-bot/internal/adapters/telegram/callback_router.go:149.132,152.3 2 0
language-exchange-bot/internal/adapters/telegram/callback_router.go:154.2,154.12 1 0
language-exchange-bot/internal/adapters/telegram/handlers.go:50.20,73.23 9 0
language-exchange-bot/internal/adapters/telegram/handlers.go:73.23,75.3 1 0
language-exchange-bot/internal/adapters/telegram/handlers.go:75.8,77.3 1 0
language-exchange-bot/internal/adapters/telegram/handlers.go:79.2,127.68 10 0
language-exchange-bot/internal/adapters/telegram/handlers.go:127.68,128.65 1 0
language-exchange-bot/internal/adapters/telegram/handlers.go:131.2,131.16 1 0
language-exchange-bot/internal/adapters/telegram/handlers.go:141.20,211.68 18 0
language-exchange-bot/internal/adapters/telegram/handlers.go:211.68,212.65 1 0
language-exchange-bot/internal/adapters/telegram/handlers.go:215.2,215.16 1 0
language-exchange-bot/internal/adapters/telegram/handlers.go:219.70,222.27 2 1
language-exchange-bot/internal/adapters/telegram/handlers.go:222.27,224.3 1 1
language-exchange-bot/internal/adapters/telegram/handlers.go:224.8,224.40 1 1
language-exchange-bot/internal/adapters/telegram/handlers.go:224.40,226.3 1 1
language-exchange-bot/internal/adapters/telegram/handlers.go:226.8,229.3 1 0
language-exchange-bot/internal/adapters/telegram/handlers.go:232.2,232.61 1 1
language-exchange-bot/internal/adapters/telegram/handlers.go:232.61,236.3 2 0
language-exchange-bot/internal/adapters/telegram/handlers.go:238.2,238.27 1 1
language-exchange-bot/internal/adapters/telegram/handlers.go:238.27,240.3 1 1
language-exchange-bot/internal/adapters/telegram/handlers.go:242.2,242.33 1 1
language-exchange-bot/internal/adapters/telegram/handlers.go:242.33,244.3 1 1
language-exchange-bot/internal/adapters/telegram/handlers.go:246.2,246.12 1 0
language-exchange-bot/internal/adapters/telegram/handlers.go:250.74,251.22 1 1
language-exchange-bot/internal/adapters/telegram/handlers.go:251.22,253.3 1 1
language-exchange-bot/internal/adapters/telegram/handlers.go:255.2,261.16 2 0
language-exchange-bot/internal/adapters/telegram/handlers.go:261.16,263.28 1 0
language-exchange-bot/internal/adapters/telegram/handlers.go:263.28,265.19 2 0
language-exchange-bot/internal/adapters/telegram/handlers.go:265.19,267.5 1 0
language-exchange-bot/internal/adapters/telegram/handlers.go:269.4,274.5 1 0
language-exchange-bot/internal/adapters/telegram/handlers.go:277.3,279.13 2 0
language-exchange-bot/internal/adapters/telegram/handlers.go:282.2,282.25 1 0
language-exchange-bot/internal/adapters/telegram/handlers.go:282.25,284.3 1 0
language-exchange-bot/internal/adapters/telegram/handlers.go:286.2,286.37 1 0
language-exchange-bot/internal/adapters/telegram/handlers.go:290.93,291.22 1 1
language-exchange-bot/internal/adapters/telegram/handlers.go:291.22,293.3 1 1
language-exchange-bot/internal/adapters/telegram/handlers.go:295.2,295.27 1 0
language-exchange-bot/internal/adapters/telegram/handlers.go:296.15,297.57 1 0
language-exchange-bot/internal/adapters/telegram/handlers.go:298.16,299.58 1 0
language-exchange-bot/internal/adapters/telegram/handlers.go:300.15,301.57 1 0
language-exchange-bot/internal/adapters/telegram/handlers.go:302.18,303.60 1 0
language-exchange-bot/internal/adapters/telegram/handlers.go:304.17,305.62 1 0
language-exchange-bot/internal/adapters/telegram/handlers.go:306.18,310.4 1 0
language-exchange-bot/internal/adapters/telegram/handlers.go:311.19,315.4 1 0
language-exchange-bot/internal/adapters/telegram/handlers.go:316.10,322.4 2 0
language-exchange-bot/internal/adapters/telegram/handlers.go:327.91,328.22 1 1
language-exchange-bot/internal/adapters/telegram/handlers.go:328.22,330.3 1 1
language-exchange-bot/internal/adapters/telegram/handlers.go:332.2,332.20 1 0
language-exchange-bot/internal/adapters/telegram/handlers.go:337.44,341.4 1 0
language-exchange-bot/internal/adapters/telegram/handlers.go:342.35,343.64 1 0
language-exchange-bot/internal/adapters/telegram/handlers.go:344.42,345.71 1 0
language-exchange-bot/internal/adapters/telegram/handlers.go:346.10,349.13 1 0
language-exchange-bot/internal/adapters/telegram/handlers.go:354.87,355.22 1 1
language-exchange-bot/internal/adapters/telegram/handlers.go:355.22,357.3 1 1
language-exchange-bot/internal/adapters/telegram/handlers.go:359.2,367.16 3 0
language-exchange-bot/internal/adapters/telegram/handlers.go:367.16,370.3 2 0
language-exchange-bot/internal/adapters/telegram/handlers.go:372.2,378.72 4 0
language-exchange-bot/internal/adapters/telegram/handlers.go:378.72,381.3 2 0
language-exchange-bot/internal/adapters/telegram/handlers.go:383.2,383.72 1 0
language-exchange-bot/internal/adapters/telegram/handlers.go:383.72,386.3 2 0
language-exchange-bot/internal/adapters/telegram/handlers.go:388.2,392.16 1 0
language-exchange-bot/internal/adapters/telegram/handlers.go:392.16,395.3 2 0
language-exchange-bot/internal/adapters/telegram/handlers.go:397.2,401.16 1 0
language-exchange-bot/internal/adapters/telegram/handlers.go:401.16,404.3 2 0
language-exchange-bot/internal/adapters/telegram/handlers.go:406.2,406.72 1 0
language-exchange-bot/internal/adapters/telegram/handlers.go:406.72,409.3 2 0
language-exchange-bot/internal/adapters/telegram/handlers.go:411.2,411.76 1 0
language-exchange-bot/internal/adapters/telegram/handlers.go:411.76,414.3 2 0
language-exchange-bot/internal/adapters/telegram/handlers.go:417.2,418.12 2 0
language-exchange-bot/internal/adapters/telegram/handlers.go:422.71,424.41 1 1
language-exchange-bot/internal/adapters/telegram/handlers.go:424.41,425.24 1 1
language-exchange-bot/internal/adapters/telegram/handlers.go:425.24,427.4 1 1
language-exchange-bot/internal/adapters/telegram/handlers.go:431.2,431.20 1 1
language-exchange-bot/internal/adapters/telegram/handlers.go:431.20,432.50 1 1
language-exchange-bot/internal/adapters/telegram/handlers.go:432.50,433.33 1 1
language-exchange-bot/internal/adapters/telegram/handlers.go:433.33,435.5 1 1
language-exchange-bot/internal/adapters/telegram/handlers.go:439.2,439.14 1 1
language-exchange-bot/internal/adapters/telegram/handlers.go:451.123,453.38 1 0
language-exchange-bot/internal/adapters/telegram/handlers.go:453.38,459.3 1 0
language-exchange-bot/internal/adapters/telegram/handlers.go:462.2,462.39 1 0
language-exchange-bot/internal/adapters/telegram/handlers.go:462.39,466.3 2 0
language-exchange-bot/internal/adapters/telegram/handlers.go:469.2,469.38 1 0
language-exchange-bot/internal/adapters/telegram/handlers.go:469.38,475.3 1 0
language-exchange-bot/internal/adapters/telegram/handlers.go:478.2,482.3 1 0
language-exchange-bot/internal/adapters/telegram/handlers.go:485.123,486.9 1 0
language-exchange-bot/internal/adapters/telegram/handlers.go:487.47,488.72 1 0
language-exchange-bot/internal/adapters/telegram/handlers.go:489.47,490.72 1 0
language-exchange-bot/internal/adapters/telegram/handlers.go:491.50,494.86 2 0
language-exchange-bot/internal/adapters/telegram/handlers.go:497.2,497.12 1 0
language-exchange-bot/internal/adapters/telegram/handlers.go:500.121,501.9 1 0
language-exchange-bot/internal/adapters/telegram/handlers.go:502.46,509.4 2 0
language-exchange-bot/internal/adapters/telegram/handlers.go:510.52,511.67 1 0
language-exchange-bot/internal/adapters/telegram/handlers.go:512.52,513.67 1 0
language-exchange-bot/internal/adapters/telegram/handlers.go:516.2,516.12 1 0
language-exchange-bot/internal/adapters/telegram/handlers.go:519.129,520.14 1 0
language-exchange-bot/internal/adapters/telegram/handlers.go:521.32,525.4 1 0
language-exchange-bot/internal/adapters/telegram/handlers.go:526.36,527.74 1 0
language-exchange-bot/internal/adapters/telegram/handlers.go:528.28,532.4 1 0
language-exchange-bot/internal/adapters/telegram/handlers.go:535.2,535.12 1 0
language-exchange-bot/internal/adapters/telegram/handlers.go:539.123,541.9 2 0
language-exchange-bot/internal/adapters/telegram/handlers.go:542.36,543.66 1 0
language-exchange-bot/internal/adapters/telegram/handlers.go:544.36,548.4 1 0
language-exchange-bot/internal/adapters/telegram/handlers.go:549.53,552.88 2 0
language-exchange-bot/internal/adapters/telegram/handlers.go:553.51,560.4 2 0
language-exchange-bot/internal/adapters/telegram/handlers.go:561.52,564.86 2 0
language-exchange-bot/internal/adapters/telegram/handlers.go:565.44,566.74 1 0
language-exchange-bot/internal/adapters/telegram/handlers.go:567.35,568.65 1 0
language-exchange-bot/internal/adapters/telegram/handlers.go:571.2,571.12 1 0
language-exchange-bot/internal/adapters/telegram/handlers.go:575.122,577.42 1 0
language-exchange-bot/internal/adapters/telegram/handlers.go:577.42,579.3 1 0
language-exchange-bot/internal/adapters/telegram/handlers.go:582.2,582.79 1 0
language-exchange-bot/internal/adapters/telegram/handlers.go:582.79,588.3 1 0
language-exchange-bot/internal/adapters/telegram/handlers.go:591.2,594.38 1 0
language-exchange-bot/internal/adapters/telegram/handlers.go:594.38,600.3 1 0
language-exchange-bot/internal/adapters/telegram/handlers.go:602.2,602.12 1 0
language-exchange-bot/internal/adapters/telegram/handlers.go:605.128,608.9 2 0
language-exchange-bot/internal/adapters/telegram/handlers.go:609.58,612.101 2 0
language-exchange-bot/internal/adapters/telegram/handlers.go:613.56,616.101 2 0
language-exchange-bot/internal/adapters/telegram/handlers.go:617.40,618.88 1 0
language-exchange-bot/internal/adapters/telegram/handlers.go:619.57,622.108 2 0
language-exchange-bot/internal/adapters/telegram/handlers.go:623.37,624.85 1 0
language-exchange-bot/internal/adapters/telegram/handlers.go:625.36,626.81 1 0
language-exchange-bot/internal/adapters/telegram/handlers.go:627.41,628.81 1 0
language-exchange-bot/internal/adapters/telegram/handlers.go:629.33,630.60 1 0
language-exchange-bot/internal/adapters/telegram/handlers.go:633.2,634.12 2 0
language-exchange-bot/internal/adapters/telegram/handlers.go:638.110,641.2 2 0
language-exchange-bot/internal/adapters/telegram/handlers.go:644.109,648.16 3 0
language-exchange-bot/internal/adapters/telegram/handlers.go:648.16,650.3 1 0
language-exchange-bot/internal/adapters/telegram/handlers.go:652.2,652.75 1 0
language-exchange-bot/internal/adapters/telegram/handlers.go:656.115,660.16 3 0
language-exchange-bot/internal/adapters/telegram/handlers.go:660.16,662.3 1 0
language-exchange-bot/internal/adapters/telegram/handlers.go:664.2,664.81 1 0
language-exchange-bot/internal/adapters/telegram/handlers.go:668.133,672.16 3 0
language-exchange-bot/internal/adapters/telegram/handlers.go:672.16,674.3 1 0
language-exchange-bot/internal/adapters/telegram/handlers.go:676.2,676.97 1 0
language-exchange-bot/internal/adapters/telegram/handlers.go:680.112,682.16 2 0
language-exchange-bot/internal/adapters/telegram/handlers.go:682.16,684.3 1 0
language-exchange-bot/internal/adapters/telegram/handlers.go:686.2,686.83 1 0
language-exchange-bot/internal/adapters/telegram/handlers.go:690.137,692.16 2 0
language-exchange-bot/internal/adapters/telegram/handlers.go:692.16,694.3 1 0
language-exchange-bot/internal/adapters/telegram/handlers.go:696.2,697.85 2 0
language-exchange-bot/internal/adapters/telegram/handlers.go:701.136,703.16 2 0
language-exchange-bot/internal/adapters/telegram/handlers.go:703.16,705.3 1 0
language-exchange-bot/internal/adapters/telegram/handlers.go:707.2,708.83 2 0
language-exchange-bot/internal/adapters/telegram/handlers.go:712.115,716.16 3 0
language-exchange-bot/internal/adapters/telegram/handlers.go:716.16,718.3 1 0
language-exchange-bot/internal/adapters/telegram/handlers.go:720.2,720.77 1 0
language-exchange-bot/internal/adapters/telegram/handlers.go:724.112,728.16 3 0
language-exchange-bot/internal/adapters/telegram/handlers.go:728.16,730.3 1 0
language-exchange-bot/internal/adapters/telegram/handlers.go:732.2,732.70 1 0
language-exchange-bot/internal/adapters/telegram/handlers.go:736.111,739.2 2 0
language-exchange-bot/internal/adapters/telegram/handlers.go:742.131,746.16 3 0
language-exchange-bot/internal/adapters/telegram/handlers.go:746.16,748.3 1 0
language-exchange-bot/internal/adapters/telegram/handlers.go:750.2,750.90 1 0
language-exchange-bot/internal/adapters/telegram/handlers.go:754.130,758.16 3 0
language-exchange-bot/internal/adapters/telegram/handlers.go:758.16,760.3 1 0
language-exchange-bot/internal/adapters/telegram/handlers.go:762.2,762.89 1 0
language-exchange-bot/internal/adapters/telegram/handlers.go:766.109,770.16 3 0
language-exchange-bot/internal/adapters/telegram/handlers.go:770.16,772.3 1 0
language-exchange-bot/internal/adapters/telegram/handlers.go:774.2,774.73 1 0
language-exchange-bot/internal/adapters/telegram/handlers.go:778.110,782.16 3 0
language-exchange-bot/internal/adapters/telegram/handlers.go:782.16,784.3 1 0
language-exchange-bot/internal/adapters/telegram/handlers.go:786.2,786.77 1 0
language-exchange-bot/internal/adapters/telegram/handlers.go:790.123,793.2 1 0
language-exchange-bot/internal/adapters/telegram/handlers.go:795.121,798.14 2 0
language-exchange-bot/internal/adapters/telegram/handlers.go:799.22,801.60 2 0
language-exchange-bot/internal/adapters/telegram/handlers.go:802.27,804.64 2 0
language-exchange-bot/internal/adapters/telegram/handlers.go:805.27,807.64 2 0
language-exchange-bot/internal/adapters/telegram/handlers.go:808.26,810.60 2 0
language-exchange-bot/internal/adapters/telegram/handlers.go:811.31,813.60 2 0
language-exchange-bot/internal/adapters/telegram/handlers.go:814.24,816.62 2 0
language-exchange-bot/internal/adapters/telegram/handlers.go:817.26,819.63 2 0
language-exchange-bot/internal/adapters/telegram/handlers.go:820.26,822.63 2 0
language-exchange-bot/internal/adapters/telegram/handlers.go:823.20,825.62 2 0
language-exchange-bot/internal/adapters/telegram/handlers.go:826.27,828.75 2 0
language-exchange-bot/internal/adapters/telegram/handlers.go:829.34,831.50 2 0
language-exchange-bot/internal/adapters/telegram/handlers.go:834.2,835.12 2 0
language-exchange-bot/internal/adapters/telegram/handlers.go:839.119,840.14 1 0
language-exchange-bot/internal/adapters/telegram/handlers.go:841.30,842.64 1 0
language-exchange-bot/internal/adapters/telegram/handlers.go:843.27,844.79 1 0
language-exchange-bot/internal/adapters/telegram/handlers.go:845.27,846.79 1 0
language-exchange-bot/internal/adapters/telegram/handlers.go:847.23,848.77 1 0
language-exchange-bot/internal/adapters/telegram/handlers.go:849.23,850.58 1 0
language-exchange-bot/internal/adapters/telegram/handlers.go:851.29,852.60 1 0
language-exchange-bot/internal/adapters/telegram/handlers.go:853.37,854.67 1 0
language-exchange-bot/internal/adapters/telegram/handlers.go:855.32,856.60 1 0
language-exchange-bot/internal/adapters/telegram/handlers.go:857.27,858.60 1 0
language-exchange-bot/internal/adapters/telegram/handlers.go:861.2,861.12 1 0
language-exchange-bot/internal/adapters/telegram/handlers.go:865.123,867.58 1 0
language-exchange-bot/internal/adapters/telegram/handlers.go:867.58,870.3 1 0
language-exchange-bot/internal/adapters/telegram/handlers.go:871.2,871.9 1 0
language-exchange-bot/internal/adapters/telegram/handlers.go:872.46,875.80 2 0
language-exchange-bot/internal/adapters/telegram/handlers.go:876.48,879.82 2 0
language-exchange-bot/internal/adapters/telegram/handlers.go:880.45,883.79 2 0
language-exchange-bot/internal/adapters/telegram/handlers.go:884.59,887.81 2 0
language-exchange-bot/internal/adapters/telegram/handlers.go:888.60,891.82 2 0
language-exchange-bot/internal/adapters/telegram/handlers.go:892.56,895.78 2 0
language-exchange-bot/internal/adapters/telegram/handlers.go:896.49,900.63 3 0
language-exchange-bot/internal/adapters/telegram/handlers.go:900.63,902.4 1 0
language-exchange-bot/internal/adapters/telegram/handlers.go:904.3,904.13 1 0
language-exchange-bot/internal/adapters/telegram/handlers.go:905.49,909.63 3 0
language-exchange-bot/internal/adapters/telegram/handlers.go:909.63,911.4 1 0
language-exchange-bot/internal/adapters/telegram/handlers.go:913.3,913.13 1 0
language-exchange-bot/internal/adapters/telegram/handlers.go:914.49,917.76 2 0
language-exchange-bot/internal/adapters/telegram/handlers.go:918.39,919.69 1 0
language-exchange-bot/internal/adapters/telegram/handlers.go:920.40,921.70 1 0
language-exchange-bot/internal/adapters/telegram/handlers.go:922.36,923.66 1 0
language-exchange-bot/internal/adapters/telegram/handlers.go:924.39,926.48 2 0
language-exchange-bot/internal/adapters/telegram/handlers.go:926.48,931.4 3 0
language-exchange-bot/internal/adapters/telegram/handlers.go:933.3,933.13 1 0
language-exchange-bot/internal/adapters/telegram/handlers.go:934.52,938.75 2 0
language-exchange-bot/internal/adapters/telegram/handlers.go:941.52,944.48 2 0
language-exchange-bot/internal/adapters/telegram/handlers.go:944.48,948.4 2 0
language-exchange-bot/internal/adapters/telegram/handlers.go:950.3,950.13 1 0
language-exchange-bot/internal/adapters/telegram/handlers.go:951.40,953.69 1 0
language-exchange-bot/internal/adapters/telegram/handlers.go:954.59,958.81 2 0
language-exchange-bot/internal/adapters/telegram/handlers.go:961.2,961.12 1 0
language-exchange-bot/internal/adapters/telegram/handlers.go:965.109,968.16 2 0
language-exchange-bot/internal/adapters/telegram/handlers.go:968.16,970.3 1 0
language-exchange-bot/internal/adapters/telegram/handlers.go:973.2,973.74 1 0
language-exchange-bot/internal/adapters/telegram/handlers.go:977.127,978.9 1 0
language-exchange-bot/internal/adapters/telegram/handlers.go:979.36,980.75 1 0
[...]
language-exchange-bot/internal/localization/localization.go:131.16,143.3 2 0
language-exchange-bot/internal/localization/localization.go:145.2,146.52 2 0
language-exchange-bot/internal/localization/localization.go:146.52,158.3 2 0
language-exchange-bot/internal/localization/localization.go:160.2,171.12 3 0
language-exchange-bot/internal/localization/localization.go:175.50,176.42 1 0
language-exchange-bot/internal/localization/localization.go:176.42,177.37 1 0
language-exchange-bot/internal/localization/localization.go:177.37,179.4 1 0
language-exchange-bot/internal/localization/localization.go:182.2,182.42 1 0
language-exchange-bot/internal/localization/localization.go:182.42,183.37 1 0
language-exchange-bot/internal/localization/localization.go:183.37,185.4 1 0
language-exchange-bot/internal/localization/localization.go:188.2,188.12 1 0
language-exchange-bot/internal/localization/localization.go:192.86,195.27 2 0
language-exchange-bot/internal/localization/localization.go:195.27,198.3 2 0
language-exchange-bot/internal/localization/localization.go:200.2,200.13 1 0
language-exchange-bot/internal/localization/localization.go:204.72,209.2 2 0
language-exchange-bot/internal/localization/localization.go:212.71,214.17 1 0
language-exchange-bot/internal/localization/localization.go:214.17,216.3 1 0
language-exchange-bot/internal/localization/localization.go:218.2,218.36 1 0
language-exchange-bot/internal/localization/localization.go:222.70,231.18 2 0
language-exchange-bot/internal/localization/localization.go:231.18,238.3 1 0
language-exchange-bot/internal/localization/localization.go:241.2,241.18 1 0
language-exchange-bot/internal/localization/localization.go:241.18,248.3 1 0
language-exchange-bot/internal/localization/localization.go:251.2,251.18 1 0
language-exchange-bot/internal/localization/localization.go:251.18,258.3 1 0
language-exchange-bot/internal/localization/localization.go:260.2,260.18 1 0
language-exchange-bot/internal/localization/localization.go:264.78,269.16 4 0
language-exchange-bot/internal/localization/localization.go:269.16,272.17 2 0
language-exchange-bot/internal/localization/localization.go:272.17,274.4 1 0
language-exchange-bot/internal/localization/localization.go:277.2,277.15 1 0
language-exchange-bot/internal/localization/localization.go:277.15,278.48 1 0
language-exchange-bot/internal/localization/localization.go:278.48,286.4 1 0
language-exchange-bot/internal/localization/localization.go:289.2,291.23 2 0
language-exchange-bot/internal/localization/localization.go:295.48,306.2 1 0
language-exchange-bot/internal/localization/localization.go:309.81,310.18 1 0
language-exchange-bot/internal/localization/localization.go:310.18,316.17 4 0
language-exchange-bot/internal/localization/localization.go:316.17,317.12 1 0
language-exchange-bot/internal/localization/localization.go:320.3,320.31 1 0
language-exchange-bot/internal/localization/localization.go:323.2,329.3 1 0
language-exchange-bot/internal/localization/localization.go:333.48,391.2 5 0
language-exchange-bot/tests/helpers/config.go:9.37,19.2 1 0
language-exchange-bot/tests/helpers/config.go:24.41,26.2 1 0
language-exchange-bot/tests/helpers/config.go:31.43,33.2 1 0
language-exchange-bot/tests/helpers/test_setup.go:15.95,31.2 4 0
language-exchange-bot/tests/helpers/test_setup.go:34.86,51.2 1 0
language-exchange-bot/tests/helpers/test_setup.go:54.89,67.2 4 0
language-exchange-bot/tests/helpers/test_setup.go:70.76,89.2 1 0
language-exchange-bot/tests/helpers/test_setup.go:92.73,97.2 1 0
language-exchange-bot/tests/helpers/test_setup.go:100.81,105.2 1 0
language-exchange-bot/tests/helpers/test_setup.go:110.36,125.2 1 0
language-exchange-bot/tests/helpers/test_setup.go:130.41,145.2 1 0
language-exchange-bot/tests/helpers/test_setup.go:148.49,151.2 1 0
language-exchange-bot/tests/mocks/database_mock.go:20.38,32.2 4 0
language-exchange-bot/tests/mocks/database_mock.go:37.41,45.33 2 0
language-exchange-bot/tests/mocks/database_mock.go:45.33,47.3 1 0
language-exchange-bot/tests/mocks/database_mock.go:53.41,63.37 2 0
language-exchange-bot/tests/mocks/database_mock.go:63.37,65.3 1 0
language-exchange-bot/tests/mocks/database_mock.go:69.85,70.25 1 0
language-exchange-bot/tests/mocks/database_mock.go:70.25,72.3 1 0
language-exchange-bot/tests/mocks/database_mock.go:74.2,75.13 2 0
language-exchange-bot/tests/mocks/database_mock.go:75.13,77.3 1 0
language-exchange-bot/tests/mocks/database_mock.go:79.2,79.18 1 0
language-exchange-bot/tests/mocks/database_mock.go:83.118,84.25 1 0
language-exchange-bot/tests/mocks/database_mock.go:84.25,86.3 1 0
language-exchange-bot/tests/mocks/database_mock.go:88.2,105.18 3 0
language-exchange-bot/tests/mocks/database_mock.go:109.110,110.25 1 0
language-exchange-bot/tests/mocks/database_mock.go:110.25,112.3 1 0
language-exchange-bot/tests/mocks/database_mock.go:115.2,115.50 1 0
language-exchange-bot/tests/mocks/database_mock.go:115.50,122.3 4 0
language-exchange-bot/tests/mocks/database_mock.go:125.2,125.61 1 0
language-exchange-bot/tests/mocks/database_mock.go:129.61,130.25 1 0
language-exchange-bot/tests/mocks/database_mock.go:130.25,132.3 1 0
language-exchange-bot/tests/mocks/database_mock.go:134.2,137.12 3 0
language-exchange-bot/tests/mocks/database_mock.go:141.68,142.25 1 0
language-exchange-bot/tests/mocks/database_mock.go:142.25,144.3 1 0
language-exchange-bot/tests/mocks/database_mock.go:146.2,147.36 2 0
language-exchange-bot/tests/mocks/database_mock.go:147.36,149.3 1 0
language-exchange-bot/tests/mocks/database_mock.go:151.2,151.23 1 0
language-exchange-bot/tests/mocks/database_mock.go:155.82,156.25 1 0
language-exchange-bot/tests/mocks/database_mock.go:156.25,158.3 1 0
language-exchange-bot/tests/mocks/database_mock.go:160.2,161.13 2 0
language-exchange-bot/tests/mocks/database_mock.go:161.13,163.3 1 0
language-exchange-bot/tests/mocks/database_mock.go:165.2,165.18 1 0
language-exchange-bot/tests/mocks/database_mock.go:169.68,170.25 1 0
language-exchange-bot/tests/mocks/database_mock.go:170.25,172.3 1 0
language-exchange-bot/tests/mocks/database_mock.go:174.2,175.40 2 0
language-exchange-bot/tests/mocks/database_mock.go:175.40,177.3 1 0
language-exchange-bot/tests/mocks/database_mock.go:179.2,179.23 1 0
language-exchange-bot/tests/mocks/database_mock.go:183.80,184.25 1 0
language-exchange-bot/tests/mocks/database_mock.go:184.25,186.3 1 0
language-exchange-bot/tests/mocks/database_mock.go:192.2,192.41 1 0
language-exchange-bot/tests/mocks/database_mock.go:192.41,193.24 1 0
language-exchange-bot/tests/mocks/database_mock.go:193.24,196.9 3 0
language-exchange-bot/tests/mocks/database_mock.go:199.3,199.34 1 0
language-exchange-bot/tests/mocks/database_mock.go:199.34,202.9 3 0
language-exchange-bot/tests/mocks/database_mock.go:206.2,206.12 1 0
language-exchange-bot/tests/mocks/database_mock.go:210.71,211.25 1 0
language-exchange-bot/tests/mocks/database_mock.go:211.25,213.3 1 0
language-exchange-bot/tests/mocks/database_mock.go:215.2,216.13 2 0
language-exchange-bot/tests/mocks/database_mock.go:216.13,218.3 1 0
language-exchange-bot/tests/mocks/database_mock.go:220.2,220.28 1 0
language-exchange-bot/tests/mocks/database_mock.go:224.77,225.25 1 0
language-exchange-bot/tests/mocks/database_mock.go:225.25,227.3 1 0
language-exchange-bot/tests/mocks/database_mock.go:230.2,230.32 1 0
language-exchange-bot/tests/mocks/database_mock.go:230.32,231.24 1 0
language-exchange-bot/tests/mocks/database_mock.go:231.24,233.4 1 0
language-exchange-bot/tests/mocks/database_mock.go:236.2,236.42 1 0
language-exchange-bot/tests/mocks/database_mock.go:240.88,241.25 1 0
language-exchange-bot/tests/mocks/database_mock.go:241.25,243.3 1 0
language-exchange-bot/tests/mocks/database_mock.go:245.2,245.32 1 0
language-exchange-bot/tests/mocks/database_mock.go:245.32,246.24 1 0
language-exchange-bot/tests/mocks/database_mock.go:246.24,250.9 3 0
language-exchange-bot/tests/mocks/database_mock.go:254.2,254.12 1 0
language-exchange-bot/tests/mocks/database_mock.go:258.73,259.25 1 0
language-exchange-bot/tests/mocks/database_mock.go:259.25,261.3 1 0
language-exchange-bot/tests/mocks/database_mock.go:263.2,263.32 1 0
language-exchange-bot/tests/mocks/database_mock.go:263.32,264.24 1 0
language-exchange-bot/tests/mocks/database_mock.go:264.24,268.9 3 0
language-exchange-bot/tests/mocks/database_mock.go:272.2,272.12 1 0
language-exchange-bot/tests/mocks/database_mock.go:276.75,277.25 1 0
language-exchange-bot/tests/mocks/database_mock.go:277.25,279.3 1 0
language-exchange-bot/tests/mocks/database_mock.go:281.2,281.32 1 0
language-exchange-bot/tests/mocks/database_mock.go:281.32,282.24 1 0
language-exchange-bot/tests/mocks/database_mock.go:282.24,286.9 3 0
language-exchange-bot/tests/mocks/database_mock.go:290.2,290.12 1 0
language-exchange-bot/tests/mocks/database_mock.go:294.76,295.25 1 0
language-exchange-bot/tests/mocks/database_mock.go:295.25,297.3 1 0
language-exchange-bot/tests/mocks/database_mock.go:300.2,300.12 1 0
language-exchange-bot/tests/mocks/database_mock.go:304.84,305.25 1 0
language-exchange-bot/tests/mocks/database_mock.go:305.25,307.3 1 0
language-exchange-bot/tests/mocks/database_mock.go:310.2,310.40 1 0
language-exchange-bot/tests/mocks/database_mock.go:314.70,315.25 1 0
language-exchange-bot/tests/mocks/database_mock.go:315.25,317.3 1 0
language-exchange-bot/tests/mocks/database_mock.go:320.2,320.12 1 0
language-exchange-bot/tests/mocks/database_mock.go:324.85,325.25 1 0
language-exchange-bot/tests/mocks/database_mock.go:325.25,327.3 1 0
language-exchange-bot/tests/mocks/database_mock.go:329.2,329.32 1 0
language-exchange-bot/tests/mocks/database_mock.go:329.32,330.24 1 0
language-exchange-bot/tests/mocks/database_mock.go:330.24,334.9 3 0
language-exchange-bot/tests/mocks/database_mock.go:338.2,338.12 1 0
language-exchange-bot/tests/mocks/database_mock.go:342.85,343.25 1 0
language-exchange-bot/tests/mocks/database_mock.go:343.25,345.3 1 0
language-exchange-bot/tests/mocks/database_mock.go:347.2,347.32 1 0
language-exchange-bot/tests/mocks/database_mock.go:347.32,348.24 1 0
language-exchange-bot/tests/mocks/database_mock.go:348.24,352.9 3 0
language-exchange-bot/tests/mocks/database_mock.go:356.2,356.12 1 0
language-exchange-bot/tests/mocks/database_mock.go:360.87,361.25 1 0
language-exchange-bot/tests/mocks/database_mock.go:361.25,363.3 1 0
language-exchange-bot/tests/mocks/database_mock.go:365.2,365.32 1 0
language-exchange-bot/tests/mocks/database_mock.go:365.32,366.24 1 0
language-exchange-bot/tests/mocks/database_mock.go:366.24,370.9 3 0
language-exchange-bot/tests/mocks/database_mock.go:374.2,374.12 1 0
language-exchange-bot/tests/mocks/database_mock.go:378.60,379.25 1 0
language-exchange-bot/tests/mocks/database_mock.go:379.25,381.3 1 0
language-exchange-bot/tests/mocks/database_mock.go:383.2,383.32 1 0
language-exchange-bot/tests/mocks/database_mock.go:383.32,384.24 1 0
language-exchange-bot/tests/mocks/database_mock.go:384.24,394.9 9 0
language-exchange-bot/tests/mocks/database_mock.go:398.2,398.12 1 0
language-exchange-bot/tests/mocks/database_mock.go:402.80,403.25 1 0
language-exchange-bot/tests/mocks/database_mock.go:403.25,405.3 1 0
language-exchange-bot/tests/mocks/database_mock.go:408.2,410.32 2 0
language-exchange-bot/tests/mocks/database_mock.go:410.32,411.24 1 0
language-exchange-bot/tests/mocks/database_mock.go:411.24,414.9 2 0
language-exchange-bot/tests/mocks/database_mock.go:418.2,418.23 1 0
language-exchange-bot/tests/mocks/database_mock.go:418.23,420.3 1 0
language-exchange-bot/tests/mocks/database_mock.go:423.2,423.50 1 0
language-exchange-bot/tests/mocks/database_mock.go:423.50,424.31 1 0
language-exchange-bot/tests/mocks/database_mock.go:424.31,426.4 1 0
language-exchange-bot/tests/mocks/database_mock.go:430.2,433.12 3 0
language-exchange-bot/tests/mocks/database_mock.go:437.74,438.25 1 0
language-exchange-bot/tests/mocks/database_mock.go:438.25,440.3 1 0
language-exchange-bot/tests/mocks/database_mock.go:443.2,445.32 2 0
language-exchange-bot/tests/mocks/database_mock.go:445.32,446.24 1 0
language-exchange-bot/tests/mocks/database_mock.go:446.24,449.9 2 0
language-exchange-bot/tests/mocks/database_mock.go:453.2,453.23 1 0
language-exchange-bot/tests/mocks/database_mock.go:453.23,455.3 1 0
language-exchange-bot/tests/mocks/database_mock.go:458.2,458.50 1 0
language-exchange-bot/tests/mocks/database_mock.go:458.50,459.31 1 0
language-exchange-bot/tests/mocks/database_mock.go:459.31,463.9 3 0
language-exchange-bot/tests/mocks/database_mock.go:467.2,467.12 1 0
language-exchange-bot/tests/mocks/database_mock.go:471.62,472.25 1 0
language-exchange-bot/tests/mocks/database_mock.go:472.25,474.3 1 0
language-exchange-bot/tests/mocks/database_mock.go:477.2,477.32 1 0
language-exchange-bot/tests/mocks/database_mock.go:477.32,478.24 1 0
language-exchange-bot/tests/mocks/database_mock.go:478.24,482.9 3 0
language-exchange-bot/tests/mocks/database_mock.go:486.2,486.12 1 0
language-exchange-bot/tests/mocks/database_mock.go:490.49,493.2 1 0
language-exchange-bot/tests/mocks/database_mock.go:496.39,498.2 1 0
language-exchange-bot/tests/mocks/database_mock.go:501.99,502.25 1 0
language-exchange-bot/tests/mocks/database_mock.go:502.25,504.3 1 0
language-exchange-bot/tests/mocks/database_mock.go:507.2,507.42 1 0
language-exchange-bot/tests/mocks/database_mock.go:511.83,512.25 1 0
language-exchange-bot/tests/mocks/database_mock.go:512.25,514.3 1 0
language-exchange-bot/tests/mocks/database_mock.go:517.2,517.58 1 0
language-exchange-bot/tests/mocks/database_mock.go:517.58,519.3 1 0
language-exchange-bot/tests/mocks/database_mock.go:521.2,521.17 1 0
language-exchange-bot/tests/mocks/database_mock.go:527.45,529.2 1 0
language-exchange-bot/tests/mocks/database_mock.go:532.38,534.2 1 0
language-exchange-bot/tests/mocks/database_mock.go:537.64,539.2 1 0
language-exchange-bot/tests/mocks/database_mock.go:542.87,543.32 1 0
language-exchange-bot/tests/mocks/database_mock.go:543.32,544.24 1 0
language-exchange-bot/tests/mocks/database_mock.go:544.24,548.4 3 0
language-exchange-bot/tests/mocks/database_mock.go:550.2,550.37 1 0
language-exchange-bot/tests/mocks/database_mock.go:554.103,555.32 1 0
language-exchange-bot/tests/mocks/database_mock.go:555.32,556.24 1 0
language-exchange-bot/tests/mocks/database_mock.go:556.24,560.4 3 0
language-exchange-bot/tests/mocks/database_mock.go:562.2,562.37 1 0
language-exchange-bot/tests/mocks/database_mock.go:566.91,567.32 1 0
language-exchange-bot/tests/mocks/database_mock.go:567.32,568.24 1 0
language-exchange-bot/tests/mocks/database_mock.go:568.24,569.36 1 0
language-exchange-bot/tests/mocks/database_mock.go:569.36,575.5 1 0
language-exchange-bot/tests/mocks/database_mock.go:576.4,576.37 1 0
language-exchange-bot/tests/mocks/database_mock.go:579.2,579.42 1 0
language-exchange-bot/tests/mocks/database_mock.go:583.112,584.32 1 0
language-exchange-bot/tests/mocks/database_mock.go:584.32,585.24 1 0
language-exchange-bot/tests/mocks/database_mock.go:585.24,589.4 3 0
language-exchange-bot/tests/mocks/database_mock.go:591.2,591.37 1 0
language-exchange-bot/tests/mocks/database_mock.go:595.101,596.32 1 0
language-exchange-bot/tests/mocks/database_mock.go:596.32,597.24 1 0
language-exchange-bot/tests/mocks/database_mock.go:597.24,598.41 1 0
language-exchange-bot/tests/mocks/database_mock.go:598.41,604.5 1 0
language-exchange-bot/tests/mocks/database_mock.go:605.4,605.42 1 0
language-exchange-bot/tests/mocks/database_mock.go:608.2,608.42 1 0
language-exchange-bot/tests/mocks/database_mock.go:612.33,617.2 4 0
language-exchange-bot/tests/mocks/localizer_mock.go:13.40,38.2 1 0
language-exchange-bot/tests/mocks/localizer_mock.go:41.58,42.54 1 0
language-exchange-bot/tests/mocks/localizer_mock.go:42.54,43.41 1 0
language-exchange-bot/tests/mocks/localizer_mock.go:43.41,45.4 1 0
language-exchange-bot/tests/mocks/localizer_mock.go:49.2,49.50 1 0
language-exchange-bot/tests/mocks/localizer_mock.go:49.50,50.41 1 0
language-exchange-bot/tests/mocks/localizer_mock.go:50.41,52.4 1 0
language-exchange-bot/tests/mocks/localizer_mock.go:56.2,56.12 1 0
language-exchange-bot/tests/mocks/localizer_mock.go:60.94,64.43 2 0
language-exchange-bot/tests/mocks/localizer_mock.go:64.43,67.3 2 0
language-exchange-bot/tests/mocks/localizer_mock.go:69.2,69.13 1 0
language-exchange-bot/tests/mocks/localizer_mock.go:73.84,81.54 2 0
language-exchange-bot/tests/mocks/localizer_mock.go:81.54,82.45 1 0
language-exchange-bot/tests/mocks/localizer_mock.go:82.45,84.4 1 0
language-exchange-bot/tests/mocks/localizer_mock.go:88.2,88.17 1 0
language-exchange-bot/tests/mocks/localizer_mock.go:92.79,102.22 2 0
language-exchange-bot/tests/mocks/localizer_mock.go:102.22,111.3 1 0
language-exchange-bot/tests/mocks/localizer_mock.go:113.2,113.23 1 0
language-exchange-bot/tests/mocks/telegram_handler_mock.go:21.77,22.27 1 0
language-exchange-bot/tests/mocks/telegram_handler_mock.go:22.27,24.3 1 0
language-exchange-bot/tests/mocks/telegram_handler_mock.go:26.2,26.33 1 0
language-exchange-bot/tests/mocks/telegram_handler_mock.go:26.33,28.3 1 0
language-exchange-bot/tests/mocks/telegram_handler_mock.go:30.2,30.12 1 0
language-exchange-bot/tests/mocks/telegram_handler_mock.go:34.81,41.16 2 0
language-exchange-bot/tests/mocks/telegram_handler_mock.go:41.16,45.3 2 0
language-exchange-bot/tests/mocks/telegram_handler_mock.go:47.2,47.25 1 0
language-exchange-bot/tests/mocks/telegram_handler_mock.go:47.25,49.3 1 0
language-exchange-bot/tests/mocks/telegram_handler_mock.go:51.2,51.37 1 0
language-exchange-bot/tests/mocks/telegram_handler_mock.go:55.100,56.27 1 0
language-exchange-bot/tests/mocks/telegram_handler_mock.go:57.15,58.45 1 0
language-exchange-bot/tests/mocks/telegram_handler_mock.go:59.16,60.46 1 0
language-exchange-bot/tests/mocks/telegram_handler_mock.go:61.17,62.47 1 0
language-exchange-bot/tests/mocks/telegram_handler_mock.go:63.18,64.48 1 0
language-exchange-bot/tests/mocks/telegram_handler_mock.go:65.10,70.13 3 0
language-exchange-bot/tests/mocks/telegram_handler_mock.go:75.105,95.2 6 0
language-exchange-bot/tests/mocks/telegram_handler_mock.go:98.106,107.2 4 0
language-exchange-bot/tests/mocks/telegram_handler_mock.go:110.107,112.16 2 0
language-exchange-bot/tests/mocks/telegram_handler_mock.go:112.16,114.3 1 0
language-exchange-bot/tests/mocks/telegram_handler_mock.go:116.2,119.12 3 0
language-exchange-bot/tests/mocks/telegram_handler_mock.go:123.108,127.56 2 0
language-exchange-bot/tests/mocks/telegram_handler_mock.go:127.56,128.33 1 0
language-exchange-bot/tests/mocks/telegram_handler_mock.go:128.33,131.9 2 0
language-exchange-bot/tests/mocks/telegram_handler_mock.go:135.2,136.13 2 0
language-exchange-bot/tests/mocks/telegram_handler_mock.go:136.13,138.3 1 0
language-exchange-bot/tests/mocks/telegram_handler_mock.go:138.8,140.3 1 0
language-exchange-bot/tests/mocks/telegram_handler_mock.go:142.2,144.12 2 0
language-exchange-bot/tests/mocks/telegram_handler_mock.go:148.95,154.2 3 0
language-exchange-bot/tests/mocks/telegram_handler_mock.go:157.94,164.16 2 0
language-exchange-bot/tests/mocks/telegram_handler_mock.go:164.16,168.3 2 0
language-exchange-bot/tests/mocks/telegram_handler_mock.go:171.2,171.23 1 0
language-exchange-bot/tests/mocks/telegram_handler_mock.go:172.22,174.17 2 0
language-exchange-bot/tests/mocks/telegram_handler_mock.go:174.17,176.4 1 0
language-exchange-bot/tests/mocks/telegram_handler_mock.go:178.3,179.52 2 0
language-exchange-bot/tests/mocks/telegram_handler_mock.go:181.22,184.52 3 0
language-exchange-bot/tests/mocks/telegram_handler_mock.go:186.10,189.62 2 0
language-exchange-bot/tests/mocks/telegram_handler_mock.go:193.2,196.12 3 0
language-exchange-bot/tests/mocks/telegram_handler_mock.go:200.61,202.2 1 0
language-exchange-bot/tests/mocks/telegram_handler_mock.go:205.79,206.30 1 0
language-exchange-bot/tests/mocks/telegram_handler_mock.go:206.30,208.3 1 0
language-exchange-bot/tests/mocks/telegram_handler_mock.go:210.2,210.47 1 0
language-exchange-bot/tests/mocks/telegram_handler_mock.go:214.42,219.2 4 0
