mode: set
language-exchange-bot/internal/errors/alerting.go:15.84,20.2 1 1
language-exchange-bot/internal/errors/alerting.go:23.67,51.2 2 1
language-exchange-bot/internal/errors/alerting.go:54.84,76.2 2 1
language-exchange-bot/internal/errors/alerting.go:79.58,80.40 1 1
language-exchange-bot/internal/errors/alerting.go:80.40,82.3 1 1
language-exchange-bot/internal/errors/alerting.go:86.71,98.2 1 1
language-exchange-bot/internal/errors/alerting.go:101.82,103.34 2 1
language-exchange-bot/internal/errors/alerting.go:103.34,104.65 1 1
language-exchange-bot/internal/errors/alerting.go:104.65,106.4 1 0
language-exchange-bot/internal/errors/alerting.go:108.2,108.18 1 1
language-exchange-bot/internal/errors/alerting.go:108.18,110.3 1 1
language-exchange-bot/internal/errors/alerting.go:111.2,111.15 1 0
language-exchange-bot/internal/errors/alerting.go:115.62,117.2 1 0
language-exchange-bot/internal/errors/alerting.go:120.55,122.2 1 1
language-exchange-bot/internal/errors/handler.go:19.60,23.2 1 1
language-exchange-bot/internal/errors/handler.go:26.69,27.16 1 1
language-exchange-bot/internal/errors/handler.go:27.16,29.3 1 0
language-exchange-bot/internal/errors/handler.go:32.2,35.28 2 1
language-exchange-bot/internal/errors/handler.go:35.28,36.46 1 1
language-exchange-bot/internal/errors/handler.go:36.46,38.4 1 1
language-exchange-bot/internal/errors/handler.go:42.2,42.29 1 1
language-exchange-bot/internal/errors/handler.go:42.29,43.46 1 1
language-exchange-bot/internal/errors/handler.go:43.46,45.4 1 1
language-exchange-bot/internal/errors/handler.go:48.2,48.12 1 1
language-exchange-bot/internal/errors/handler.go:52.107,53.16 1 1
language-exchange-bot/internal/errors/handler.go:53.16,55.3 1 0
language-exchange-bot/internal/errors/handler.go:57.2,66.33 3 1
language-exchange-bot/internal/errors/handler.go:70.107,71.16 1 1
language-exchange-bot/internal/errors/handler.go:71.16,73.3 1 0
language-exchange-bot/internal/errors/handler.go:75.2,84.33 3 1
language-exchange-bot/internal/errors/handler.go:88.109,89.16 1 1
language-exchange-bot/internal/errors/handler.go:89.16,91.3 1 0
language-exchange-bot/internal/errors/handler.go:93.2,102.33 3 1
language-exchange-bot/internal/errors/handler.go:106.104,107.16 1 1
language-exchange-bot/internal/errors/handler.go:107.16,109.3 1 0
language-exchange-bot/internal/errors/handler.go:111.2,120.33 3 1
language-exchange-bot/internal/errors/handler.go:124.65,125.45 1 1
language-exchange-bot/internal/errors/handler.go:125.45,134.3 1 1
language-exchange-bot/internal/errors/handler.go:134.8,142.3 1 0
language-exchange-bot/internal/errors/handler.go:146.56,147.45 1 1
language-exchange-bot/internal/errors/handler.go:147.45,152.3 1 1
language-exchange-bot/internal/errors/handler.go:153.2,153.14 1 0
language-exchange-bot/internal/errors/tracing.go:18.80,26.2 1 1
language-exchange-bot/internal/errors/tracing.go:29.33,33.2 2 1
language-exchange-bot/internal/errors/tracing.go:36.63,37.45 1 0
language-exchange-bot/internal/errors/tracing.go:37.45,43.3 5 0
language-exchange-bot/internal/errors/tracing.go:46.2,57.3 1 0
language-exchange-bot/internal/errors/tracing.go:61.86,74.2 1 1
language-exchange-bot/internal/errors/tracing.go:77.86,90.2 1 1
language-exchange-bot/internal/errors/tracing.go:93.88,106.2 1 1
language-exchange-bot/internal/errors/tracing.go:109.83,122.2 1 1
language-exchange-bot/internal/errors/types.go:21.37,22.12 1 1
language-exchange-bot/internal/errors/types.go:23.28,24.23 1 1
language-exchange-bot/internal/errors/types.go:25.25,26.20 1 1
language-exchange-bot/internal/errors/types.go:27.27,28.22 1 1
language-exchange-bot/internal/errors/types.go:29.22,30.17 1 1
language-exchange-bot/internal/errors/types.go:31.24,32.19 1 0
language-exchange-bot/internal/errors/types.go:33.25,34.20 1 0
language-exchange-bot/internal/errors/types.go:35.10,36.19 1 0
language-exchange-bot/internal/errors/types.go:52.38,53.20 1 1
language-exchange-bot/internal/errors/types.go:53.20,55.3 1 1
language-exchange-bot/internal/errors/types.go:56.2,56.59 1 0
language-exchange-bot/internal/errors/types.go:60.38,62.2 1 0
language-exchange-bot/internal/errors/types.go:65.102,74.2 1 0
language-exchange-bot/internal/errors/types.go:77.79,80.2 2 0
language-exchange-bot/internal/errors/types.go:83.59,86.2 2 1
language-exchange-bot/internal/errors/types.go:89.41,90.45 1 1
language-exchange-bot/internal/errors/types.go:90.45,92.3 1 1
language-exchange-bot/internal/errors/types.go:93.2,93.14 1 0
language-exchange-bot/internal/errors/types.go:97.38,98.45 1 1
language-exchange-bot/internal/errors/types.go:98.45,100.3 1 1
language-exchange-bot/internal/errors/types.go:101.2,101.14 1 0
language-exchange-bot/internal/errors/types.go:105.40,106.45 1 1
language-exchange-bot/internal/errors/types.go:106.45,108.3 1 1
language-exchange-bot/internal/errors/types.go:109.2,109.14 1 0
language-exchange-bot/internal/errors/types.go:113.35,114.45 1 1
language-exchange-bot/internal/errors/types.go:114.45,116.3 1 1
language-exchange-bot/internal/errors/types.go:117.2,117.14 1 0
