mode: set
language-exchange-bot/internal/logging/component_loggers.go:14.60,18.2 1 1
language-exchange-bot/internal/logging/component_loggers.go:26.42,30.2 1 1
language-exchange-bot/internal/logging/component_loggers.go:33.92,45.2 1 1
language-exchange-bot/internal/logging/component_loggers.go:48.88,59.2 1 1
language-exchange-bot/internal/logging/component_loggers.go:62.93,73.2 1 1
language-exchange-bot/internal/logging/component_loggers.go:76.95,87.2 1 1
language-exchange-bot/internal/logging/component_loggers.go:90.98,91.52 1 1
language-exchange-bot/internal/logging/component_loggers.go:91.52,104.3 1 1
language-exchange-bot/internal/logging/component_loggers.go:104.8,115.3 1 0
language-exchange-bot/internal/logging/component_loggers.go:124.42,128.2 1 1
language-exchange-bot/internal/logging/component_loggers.go:131.100,143.2 1 1
language-exchange-bot/internal/logging/component_loggers.go:146.70,154.2 1 1
language-exchange-bot/internal/logging/component_loggers.go:157.76,168.2 1 1
language-exchange-bot/internal/logging/component_loggers.go:171.67,179.2 1 1
language-exchange-bot/internal/logging/component_loggers.go:182.69,190.2 1 1
language-exchange-bot/internal/logging/component_loggers.go:193.81,204.2 1 0
language-exchange-bot/internal/logging/component_loggers.go:212.36,216.2 1 1
language-exchange-bot/internal/logging/component_loggers.go:219.66,230.2 1 1
language-exchange-bot/internal/logging/component_loggers.go:233.67,244.2 1 1
language-exchange-bot/internal/logging/component_loggers.go:247.85,259.2 1 1
language-exchange-bot/internal/logging/component_loggers.go:262.78,273.2 1 1
language-exchange-bot/internal/logging/component_loggers.go:276.78,287.2 1 1
language-exchange-bot/internal/logging/component_loggers.go:295.46,299.2 1 1
language-exchange-bot/internal/logging/component_loggers.go:302.85,310.2 1 1
language-exchange-bot/internal/logging/component_loggers.go:313.113,324.2 1 1
language-exchange-bot/internal/logging/component_loggers.go:327.88,338.2 1 1
language-exchange-bot/internal/logging/integration.go:17.75,25.2 1 1
language-exchange-bot/internal/logging/integration.go:28.54,30.2 1 0
language-exchange-bot/internal/logging/integration.go:33.54,35.2 1 0
language-exchange-bot/internal/logging/integration.go:38.48,40.2 1 0
language-exchange-bot/internal/logging/integration.go:43.58,45.2 1 0
language-exchange-bot/internal/logging/integration.go:48.127,49.52 1 1
language-exchange-bot/internal/logging/integration.go:49.52,51.25 1 1
language-exchange-bot/internal/logging/integration.go:52.36,53.73 1 1
language-exchange-bot/internal/logging/integration.go:54.33,66.5 1 0
language-exchange-bot/internal/logging/integration.go:67.30,68.59 1 0
language-exchange-bot/internal/logging/integration.go:69.35,70.69 1 0
language-exchange-bot/internal/logging/integration.go:71.11,73.73 1 0
language-exchange-bot/internal/logging/integration.go:75.8,77.20 1 0
language-exchange-bot/internal/logging/integration.go:78.19,79.73 1 0
language-exchange-bot/internal/logging/integration.go:80.19,90.5 1 0
language-exchange-bot/internal/logging/integration.go:91.16,92.59 1 0
language-exchange-bot/internal/logging/integration.go:93.21,94.69 1 0
language-exchange-bot/internal/logging/integration.go:95.11,96.73 1 0
language-exchange-bot/internal/logging/integration.go:102.101,110.2 1 1
language-exchange-bot/internal/logging/integration.go:113.113,115.14 2 1
language-exchange-bot/internal/logging/integration.go:115.14,117.3 1 1
language-exchange-bot/internal/logging/integration.go:119.2,128.3 1 1
language-exchange-bot/internal/logging/integration.go:132.126,144.2 1 1
language-exchange-bot/internal/logging/integration.go:147.129,156.2 1 1
language-exchange-bot/internal/logging/integration.go:159.135,171.2 1 1
language-exchange-bot/internal/logging/integration.go:174.55,179.2 4 1
language-exchange-bot/internal/logging/integration.go:182.50,184.2 1 1
language-exchange-bot/internal/logging/logger.go:22.36,23.12 1 1
language-exchange-bot/internal/logging/logger.go:24.13,25.17 1 1
language-exchange-bot/internal/logging/logger.go:26.12,27.16 1 1
language-exchange-bot/internal/logging/logger.go:28.12,29.16 1 1
language-exchange-bot/internal/logging/logger.go:30.13,31.17 1 1
language-exchange-bot/internal/logging/logger.go:32.10,33.19 1 0
language-exchange-bot/internal/logging/logger.go:38.43,39.15 1 1
language-exchange-bot/internal/logging/logger.go:40.15,41.15 1 1
language-exchange-bot/internal/logging/logger.go:42.14,43.14 1 1
language-exchange-bot/internal/logging/logger.go:44.14,45.14 1 1
language-exchange-bot/internal/logging/logger.go:46.15,47.15 1 1
language-exchange-bot/internal/logging/logger.go:48.10,49.14 1 1
language-exchange-bot/internal/logging/logger.go:74.58,79.2 1 1
language-exchange-bot/internal/logging/logger.go:82.49,85.2 2 1
language-exchange-bot/internal/logging/logger.go:88.74,90.2 1 1
language-exchange-bot/internal/logging/logger.go:93.73,95.2 1 1
language-exchange-bot/internal/logging/logger.go:98.73,100.2 1 1
language-exchange-bot/internal/logging/logger.go:103.74,105.2 1 1
language-exchange-bot/internal/logging/logger.go:108.143,111.2 2 1
language-exchange-bot/internal/logging/logger.go:114.142,117.2 2 1
language-exchange-bot/internal/logging/logger.go:120.142,123.2 2 1
language-exchange-bot/internal/logging/logger.go:126.143,129.2 2 1
language-exchange-bot/internal/logging/logger.go:132.88,133.21 1 1
language-exchange-bot/internal/logging/logger.go:133.21,135.3 1 1
language-exchange-bot/internal/logging/logger.go:137.2,138.19 2 1
language-exchange-bot/internal/logging/logger.go:142.167,150.21 2 1
language-exchange-bot/internal/logging/logger.go:150.21,152.3 1 1
language-exchange-bot/internal/logging/logger.go:154.2,154.16 1 1
language-exchange-bot/internal/logging/logger.go:154.16,156.3 1 1
language-exchange-bot/internal/logging/logger.go:158.2,158.16 1 1
language-exchange-bot/internal/logging/logger.go:158.16,160.3 1 1
language-exchange-bot/internal/logging/logger.go:162.2,162.21 1 1
language-exchange-bot/internal/logging/logger.go:162.21,164.3 1 1
language-exchange-bot/internal/logging/logger.go:167.2,167.21 1 1
language-exchange-bot/internal/logging/logger.go:167.21,169.35 2 1
language-exchange-bot/internal/logging/logger.go:169.35,170.37 1 1
language-exchange-bot/internal/logging/logger.go:170.37,172.5 1 1
language-exchange-bot/internal/logging/logger.go:176.2,176.14 1 1
language-exchange-bot/internal/logging/logger.go:180.44,181.27 1 1
language-exchange-bot/internal/logging/logger.go:181.27,183.3 1 1
language-exchange-bot/internal/logging/logger.go:185.2,186.16 2 1
language-exchange-bot/internal/logging/logger.go:186.16,190.3 2 0
language-exchange-bot/internal/logging/logger.go:193.2,193.31 1 1
language-exchange-bot/internal/logging/logger.go:197.43,199.2 1 1
language-exchange-bot/internal/logging/logger.go:202.38,204.2 1 1
language-exchange-bot/internal/logging/logger.go:207.68,212.2 1 0
language-exchange-bot/internal/logging/logger.go:215.58,220.2 1 0
