mode: set
language-exchange-bot/internal/errors/alerting.go:15.84,20.2 1 1
language-exchange-bot/internal/errors/alerting.go:23.67,51.2 2 1
language-exchange-bot/internal/errors/alerting.go:54.84,76.2 2 1
language-exchange-bot/internal/errors/alerting.go:79.58,80.40 1 1
language-exchange-bot/internal/errors/alerting.go:80.40,82.3 1 1
language-exchange-bot/internal/errors/alerting.go:86.71,98.2 1 1
language-exchange-bot/internal/errors/alerting.go:101.82,103.34 2 1
language-exchange-bot/internal/errors/alerting.go:103.34,104.65 1 1
language-exchange-bot/internal/errors/alerting.go:104.65,106.4 1 0
language-exchange-bot/internal/errors/alerting.go:108.2,108.18 1 1
language-exchange-bot/internal/errors/alerting.go:108.18,110.3 1 1
language-exchange-bot/internal/errors/alerting.go:111.2,111.15 1 0
language-exchange-bot/internal/errors/alerting.go:115.62,117.2 1 0
language-exchange-bot/internal/errors/alerting.go:120.55,122.2 1 1
language-exchange-bot/internal/errors/handler.go:19.60,23.2 1 1
language-exchange-bot/internal/errors/handler.go:26.69,27.16 1 1
language-exchange-bot/internal/errors/handler.go:27.16,29.3 1 0
language-exchange-bot/internal/errors/handler.go:32.2,35.28 2 1
language-exchange-bot/internal/errors/handler.go:35.28,36.46 1 1
language-exchange-bot/internal/errors/handler.go:36.46,38.4 1 1
language-exchange-bot/internal/errors/handler.go:42.2,42.29 1 1
language-exchange-bot/internal/errors/handler.go:42.29,43.46 1 1
language-exchange-bot/internal/errors/handler.go:43.46,45.4 1 1
language-exchange-bot/internal/errors/handler.go:48.2,48.12 1 1
language-exchange-bot/internal/errors/handler.go:52.107,53.16 1 1
language-exchange-bot/internal/errors/handler.go:53.16,55.3 1 0
language-exchange-bot/internal/errors/handler.go:57.2,66.33 3 1
language-exchange-bot/internal/errors/handler.go:70.107,71.16 1 1
language-exchange-bot/internal/errors/handler.go:71.16,73.3 1 0
language-exchange-bot/internal/errors/handler.go:75.2,84.33 3 1
language-exchange-bot/internal/errors/handler.go:88.109,89.16 1 1
language-exchange-bot/internal/errors/handler.go:89.16,91.3 1 0
language-exchange-bot/internal/errors/handler.go:93.2,102.33 3 1
language-exchange-bot/internal/errors/handler.go:106.104,107.16 1 1
language-exchange-bot/internal/errors/handler.go:107.16,109.3 1 0
language-exchange-bot/internal/errors/handler.go:111.2,120.33 3 1
language-exchange-bot/internal/errors/handler.go:124.65,125.45 1 1
language-exchange-bot/internal/errors/handler.go:125.45,134.3 1 1
language-exchange-bot/internal/errors/handler.go:134.8,142.3 1 0
language-exchange-bot/internal/errors/handler.go:146.56,147.45 1 1
language-exchange-bot/internal/errors/handler.go:147.45,152.3 1 1
language-exchange-bot/internal/errors/handler.go:153.2,153.14 1 0
language-exchange-bot/internal/errors/tracing.go:18.80,26.2 1 1
language-exchange-bot/internal/errors/tracing.go:29.33,33.2 2 1
language-exchange-bot/internal/errors/tracing.go:36.63,37.45 1 0
language-exchange-bot/internal/errors/tracing.go:37.45,43.3 5 0
language-exchange-bot/internal/errors/tracing.go:46.2,57.3 1 0
language-exchange-bot/internal/errors/tracing.go:61.86,74.2 1 1
language-exchange-bot/internal/errors/tracing.go:77.86,90.2 1 1
language-exchange-bot/internal/errors/tracing.go:93.88,106.2 1 1
language-exchange-bot/internal/errors/tracing.go:109.83,122.2 1 1
language-exchange-bot/internal/errors/types.go:21.37,22.12 1 1
language-exchange-bot/internal/errors/types.go:23.28,24.23 1 1
language-exchange-bot/internal/errors/types.go:25.25,26.20 1 1
language-exchange-bot/internal/errors/types.go:27.27,28.22 1 1
language-exchange-bot/internal/errors/types.go:29.22,30.17 1 1
language-exchange-bot/internal/errors/types.go:31.24,32.19 1 0
language-exchange-bot/internal/errors/types.go:33.25,34.20 1 0
language-exchange-bot/internal/errors/types.go:35.10,36.19 1 0
language-exchange-bot/internal/errors/types.go:52.38,53.20 1 1
language-exchange-bot/internal/errors/types.go:53.20,55.3 1 1
language-exchange-bot/internal/errors/types.go:56.2,56.59 1 0
language-exchange-bot/internal/errors/types.go:60.38,62.2 1 0
language-exchange-bot/internal/errors/types.go:65.102,74.2 1 0
language-exchange-bot/internal/errors/types.go:77.79,80.2 2 0
language-exchange-bot/internal/errors/types.go:83.59,86.2 2 1
language-exchange-bot/internal/errors/types.go:89.41,90.45 1 1
language-exchange-bot/internal/errors/types.go:90.45,92.3 1 1
language-exchange-bot/internal/errors/types.go:93.2,93.14 1 0
language-exchange-bot/internal/errors/types.go:97.38,98.45 1 1
language-exchange-bot/internal/errors/types.go:98.45,100.3 1 1
language-exchange-bot/internal/errors/types.go:101.2,101.14 1 0
language-exchange-bot/internal/errors/types.go:105.40,106.45 1 1
language-exchange-bot/internal/errors/types.go:106.45,108.3 1 1
language-exchange-bot/internal/errors/types.go:109.2,109.14 1 0
language-exchange-bot/internal/errors/types.go:113.35,114.45 1 1
language-exchange-bot/internal/errors/types.go:114.45,116.3 1 1
language-exchange-bot/internal/errors/types.go:117.2,117.14 1 0
language-exchange-bot/internal/logging/component_loggers.go:14.60,18.2 1 1
language-exchange-bot/internal/logging/component_loggers.go:26.42,30.2 1 1
language-exchange-bot/internal/logging/component_loggers.go:33.92,45.2 1 1
language-exchange-bot/internal/logging/component_loggers.go:48.88,59.2 1 1
language-exchange-bot/internal/logging/component_loggers.go:62.93,73.2 1 1
language-exchange-bot/internal/logging/component_loggers.go:76.95,87.2 1 1
language-exchange-bot/internal/logging/component_loggers.go:90.98,91.52 1 1
language-exchange-bot/internal/logging/component_loggers.go:91.52,104.3 1 1
language-exchange-bot/internal/logging/component_loggers.go:104.8,115.3 1 0
language-exchange-bot/internal/logging/component_loggers.go:124.42,128.2 1 1
language-exchange-bot/internal/logging/component_loggers.go:131.100,143.2 1 1
language-exchange-bot/internal/logging/component_loggers.go:146.70,154.2 1 1
language-exchange-bot/internal/logging/component_loggers.go:157.76,168.2 1 1
language-exchange-bot/internal/logging/component_loggers.go:171.67,179.2 1 1
language-exchange-bot/internal/logging/component_loggers.go:182.69,190.2 1 1
language-exchange-bot/internal/logging/component_loggers.go:193.81,204.2 1 0
language-exchange-bot/internal/logging/component_loggers.go:212.36,216.2 1 1
language-exchange-bot/internal/logging/component_loggers.go:219.66,230.2 1 1
language-exchange-bot/internal/logging/component_loggers.go:233.67,244.2 1 1
language-exchange-bot/internal/logging/component_loggers.go:247.85,259.2 1 1
language-exchange-bot/internal/logging/component_loggers.go:262.78,273.2 1 1
language-exchange-bot/internal/logging/component_loggers.go:276.78,287.2 1 1
language-exchange-bot/internal/logging/component_loggers.go:295.46,299.2 1 1
language-exchange-bot/internal/logging/component_loggers.go:302.85,310.2 1 1
language-exchange-bot/internal/logging/component_loggers.go:313.113,324.2 1 1
language-exchange-bot/internal/logging/component_loggers.go:327.88,338.2 1 1
language-exchange-bot/internal/logging/integration.go:17.75,25.2 1 1
language-exchange-bot/internal/logging/integration.go:28.54,30.2 1 0
language-exchange-bot/internal/logging/integration.go:33.54,35.2 1 0
language-exchange-bot/internal/logging/integration.go:38.48,40.2 1 0
language-exchange-bot/internal/logging/integration.go:43.58,45.2 1 0
language-exchange-bot/internal/logging/integration.go:48.127,49.52 1 1
language-exchange-bot/internal/logging/integration.go:49.52,51.25 1 1
language-exchange-bot/internal/logging/integration.go:52.36,53.73 1 1
language-exchange-bot/internal/logging/integration.go:54.33,66.5 1 0
language-exchange-bot/internal/logging/integration.go:67.30,68.59 1 0
language-exchange-bot/internal/logging/integration.go:69.35,70.69 1 0
language-exchange-bot/internal/logging/integration.go:71.11,73.73 1 0
language-exchange-bot/internal/logging/integration.go:75.8,77.20 1 0
language-exchange-bot/internal/logging/integration.go:78.19,79.73 1 0
language-exchange-bot/internal/logging/integration.go:80.19,90.5 1 0
language-exchange-bot/internal/logging/integration.go:91.16,92.59 1 0
language-exchange-bot/internal/logging/integration.go:93.21,94.69 1 0
language-exchange-bot/internal/logging/integration.go:95.11,96.73 1 0
language-exchange-bot/internal/logging/integration.go:102.101,110.2 1 1
language-exchange-bot/internal/logging/integration.go:113.113,115.14 2 1
language-exchange-bot/internal/logging/integration.go:115.14,117.3 1 1
language-exchange-bot/internal/logging/integration.go:119.2,128.3 1 1
language-exchange-bot/internal/logging/integration.go:132.126,144.2 1 1
language-exchange-bot/internal/logging/integration.go:147.129,156.2 1 1
language-exchange-bot/internal/logging/integration.go:159.135,171.2 1 1
language-exchange-bot/internal/logging/integration.go:174.55,179.2 4 1
language-exchange-bot/internal/logging/integration.go:182.50,184.2 1 1
language-exchange-bot/internal/logging/logger.go:22.36,23.12 1 1
language-exchange-bot/internal/logging/logger.go:24.13,25.17 1 1
language-exchange-bot/internal/logging/logger.go:26.12,27.16 1 1
language-exchange-bot/internal/logging/logger.go:28.12,29.16 1 1
language-exchange-bot/internal/logging/logger.go:30.13,31.17 1 1
language-exchange-bot/internal/logging/logger.go:32.10,33.19 1 0
language-exchange-bot/internal/logging/logger.go:38.43,39.15 1 1
language-exchange-bot/internal/logging/logger.go:40.15,41.15 1 1
language-exchange-bot/internal/logging/logger.go:42.14,43.14 1 1
language-exchange-bot/internal/logging/logger.go:44.14,45.14 1 1
language-exchange-bot/internal/logging/logger.go:46.15,47.15 1 1
language-exchange-bot/internal/logging/logger.go:48.10,49.14 1 1
language-exchange-bot/internal/logging/logger.go:74.58,79.2 1 1
language-exchange-bot/internal/logging/logger.go:82.49,85.2 2 1
language-exchange-bot/internal/logging/logger.go:88.74,90.2 1 1
language-exchange-bot/internal/logging/logger.go:93.73,95.2 1 1
language-exchange-bot/internal/logging/logger.go:98.73,100.2 1 1
language-exchange-bot/internal/logging/logger.go:103.74,105.2 1 1
language-exchange-bot/internal/logging/logger.go:108.143,111.2 2 1
language-exchange-bot/internal/logging/logger.go:114.142,117.2 2 1
language-exchange-bot/internal/logging/logger.go:120.142,123.2 2 1
language-exchange-bot/internal/logging/logger.go:126.143,129.2 2 1
language-exchange-bot/internal/logging/logger.go:132.88,133.21 1 1
language-exchange-bot/internal/logging/logger.go:133.21,135.3 1 1
language-exchange-bot/internal/logging/logger.go:137.2,138.19 2 1
language-exchange-bot/internal/logging/logger.go:142.167,150.21 2 1
language-exchange-bot/internal/logging/logger.go:150.21,152.3 1 1
language-exchange-bot/internal/logging/logger.go:154.2,154.16 1 1
language-exchange-bot/internal/logging/logger.go:154.16,156.3 1 1
language-exchange-bot/internal/logging/logger.go:158.2,158.16 1 1
language-exchange-bot/internal/logging/logger.go:158.16,160.3 1 1
language-exchange-bot/internal/logging/logger.go:162.2,162.21 1 1
language-exchange-bot/internal/logging/logger.go:162.21,164.3 1 1
language-exchange-bot/internal/logging/logger.go:167.2,167.21 1 1
language-exchange-bot/internal/logging/logger.go:167.21,169.35 2 1
language-exchange-bot/internal/logging/logger.go:169.35,170.37 1 1
language-exchange-bot/internal/logging/logger.go:170.37,172.5 1 1
language-exchange-bot/internal/logging/logger.go:176.2,176.14 1 1
language-exchange-bot/internal/logging/logger.go:180.44,181.27 1 1
language-exchange-bot/internal/logging/logger.go:181.27,183.3 1 1
language-exchange-bot/internal/logging/logger.go:185.2,186.16 2 1
language-exchange-bot/internal/logging/logger.go:186.16,190.3 2 0
language-exchange-bot/internal/logging/logger.go:193.2,193.31 1 1
language-exchange-bot/internal/logging/logger.go:197.43,199.2 1 1
language-exchange-bot/internal/logging/logger.go:202.38,204.2 1 1
language-exchange-bot/internal/logging/logger.go:207.68,212.2 1 0
language-exchange-bot/internal/logging/logger.go:215.58,220.2 1 0
language-exchange-bot/internal/validation/message_validator.go:13.46,17.2 1 1
language-exchange-bot/internal/validation/message_validator.go:20.104,24.68 2 0
language-exchange-bot/internal/validation/message_validator.go:24.68,25.30 1 0
language-exchange-bot/internal/validation/message_validator.go:25.30,27.4 1 0
language-exchange-bot/internal/validation/message_validator.go:31.2,31.79 1 0
language-exchange-bot/internal/validation/message_validator.go:31.79,32.30 1 0
language-exchange-bot/internal/validation/message_validator.go:32.30,34.4 1 0
language-exchange-bot/internal/validation/message_validator.go:38.2,38.16 1 0
language-exchange-bot/internal/validation/message_validator.go:38.16,39.89 1 0
language-exchange-bot/internal/validation/message_validator.go:39.89,40.31 1 0
language-exchange-bot/internal/validation/message_validator.go:40.31,42.5 1 0
language-exchange-bot/internal/validation/message_validator.go:46.2,46.15 1 0
language-exchange-bot/internal/validation/message_validator.go:50.110,54.68 2 0
language-exchange-bot/internal/validation/message_validator.go:54.68,55.30 1 0
language-exchange-bot/internal/validation/message_validator.go:55.30,57.4 1 0
language-exchange-bot/internal/validation/message_validator.go:61.2,61.79 1 0
language-exchange-bot/internal/validation/message_validator.go:61.79,62.30 1 0
language-exchange-bot/internal/validation/message_validator.go:62.30,64.4 1 0
language-exchange-bot/internal/validation/message_validator.go:68.2,68.72 1 0
language-exchange-bot/internal/validation/message_validator.go:68.72,69.30 1 0
language-exchange-bot/internal/validation/message_validator.go:69.30,71.4 1 0
language-exchange-bot/internal/validation/message_validator.go:74.2,74.15 1 0
language-exchange-bot/internal/validation/message_validator.go:78.112,82.68 2 0
language-exchange-bot/internal/validation/message_validator.go:82.68,83.30 1 0
language-exchange-bot/internal/validation/message_validator.go:83.30,85.4 1 0
language-exchange-bot/internal/validation/message_validator.go:89.2,89.79 1 0
language-exchange-bot/internal/validation/message_validator.go:89.79,90.30 1 0
language-exchange-bot/internal/validation/message_validator.go:90.30,92.4 1 0
language-exchange-bot/internal/validation/message_validator.go:96.2,96.72 1 0
language-exchange-bot/internal/validation/message_validator.go:96.72,97.30 1 0
language-exchange-bot/internal/validation/message_validator.go:97.30,99.4 1 0
language-exchange-bot/internal/validation/message_validator.go:102.2,102.15 1 0
language-exchange-bot/internal/validation/message_validator.go:106.107,110.68 2 0
language-exchange-bot/internal/validation/message_validator.go:110.68,111.30 1 0
language-exchange-bot/internal/validation/message_validator.go:111.30,113.4 1 0
language-exchange-bot/internal/validation/message_validator.go:117.2,117.79 1 0
language-exchange-bot/internal/validation/message_validator.go:117.79,118.30 1 0
language-exchange-bot/internal/validation/message_validator.go:118.30,120.4 1 0
language-exchange-bot/internal/validation/message_validator.go:124.2,124.38 1 0
language-exchange-bot/internal/validation/message_validator.go:124.38,127.3 2 0
language-exchange-bot/internal/validation/message_validator.go:130.2,130.38 1 0
language-exchange-bot/internal/validation/message_validator.go:130.38,132.3 1 0
language-exchange-bot/internal/validation/message_validator.go:135.2,135.23 1 0
language-exchange-bot/internal/validation/message_validator.go:135.23,137.3 1 0
language-exchange-bot/internal/validation/message_validator.go:140.2,140.95 1 0
language-exchange-bot/internal/validation/message_validator.go:140.95,142.3 1 0
language-exchange-bot/internal/validation/message_validator.go:144.2,144.15 1 0
language-exchange-bot/internal/validation/message_validator.go:148.122,152.68 2 0
language-exchange-bot/internal/validation/message_validator.go:152.68,153.30 1 0
language-exchange-bot/internal/validation/message_validator.go:153.30,155.4 1 0
language-exchange-bot/internal/validation/message_validator.go:159.2,159.79 1 0
language-exchange-bot/internal/validation/message_validator.go:159.79,160.30 1 0
language-exchange-bot/internal/validation/message_validator.go:160.30,162.4 1 0
language-exchange-bot/internal/validation/message_validator.go:166.2,166.80 1 0
language-exchange-bot/internal/validation/message_validator.go:166.80,167.30 1 0
language-exchange-bot/internal/validation/message_validator.go:167.30,169.4 1 0
language-exchange-bot/internal/validation/message_validator.go:172.2,172.15 1 0
language-exchange-bot/internal/validation/message_validator.go:176.117,180.68 2 0
language-exchange-bot/internal/validation/message_validator.go:180.68,181.30 1 0
language-exchange-bot/internal/validation/message_validator.go:181.30,183.4 1 0
language-exchange-bot/internal/validation/message_validator.go:187.2,187.79 1 0
language-exchange-bot/internal/validation/message_validator.go:187.79,188.30 1 0
language-exchange-bot/internal/validation/message_validator.go:188.30,190.4 1 0
language-exchange-bot/internal/validation/message_validator.go:194.2,194.76 1 0
language-exchange-bot/internal/validation/message_validator.go:194.76,195.30 1 0
language-exchange-bot/internal/validation/message_validator.go:195.30,197.4 1 0
language-exchange-bot/internal/validation/message_validator.go:200.2,200.15 1 0
language-exchange-bot/internal/validation/message_validator.go:204.117,208.68 2 0
language-exchange-bot/internal/validation/message_validator.go:208.68,209.30 1 0
language-exchange-bot/internal/validation/message_validator.go:209.30,211.4 1 0
language-exchange-bot/internal/validation/message_validator.go:215.2,215.79 1 0
language-exchange-bot/internal/validation/message_validator.go:215.79,216.30 1 0
language-exchange-bot/internal/validation/message_validator.go:216.30,218.4 1 0
language-exchange-bot/internal/validation/message_validator.go:222.2,222.74 1 0
language-exchange-bot/internal/validation/message_validator.go:222.74,223.30 1 0
language-exchange-bot/internal/validation/message_validator.go:223.30,225.4 1 0
language-exchange-bot/internal/validation/message_validator.go:228.2,228.15 1 0
language-exchange-bot/internal/validation/user_validator.go:13.40,17.2 1 1
language-exchange-bot/internal/validation/user_validator.go:20.76,24.88 2 1
language-exchange-bot/internal/validation/user_validator.go:24.88,25.30 1 1
language-exchange-bot/internal/validation/user_validator.go:25.30,27.4 1 1
language-exchange-bot/internal/validation/user_validator.go:31.2,31.108 1 1
language-exchange-bot/internal/validation/user_validator.go:31.108,32.30 1 1
language-exchange-bot/internal/validation/user_validator.go:32.30,34.4 1 1
language-exchange-bot/internal/validation/user_validator.go:38.2,38.25 1 1
language-exchange-bot/internal/validation/user_validator.go:38.25,39.108 1 1
language-exchange-bot/internal/validation/user_validator.go:39.108,40.31 1 1
language-exchange-bot/internal/validation/user_validator.go:40.31,42.5 1 1
language-exchange-bot/internal/validation/user_validator.go:47.2,47.94 1 1
language-exchange-bot/internal/validation/user_validator.go:47.94,48.30 1 1
language-exchange-bot/internal/validation/user_validator.go:48.30,50.4 1 1
language-exchange-bot/internal/validation/user_validator.go:54.2,54.75 1 1
language-exchange-bot/internal/validation/user_validator.go:54.75,55.30 1 1
language-exchange-bot/internal/validation/user_validator.go:55.30,57.4 1 1
language-exchange-bot/internal/validation/user_validator.go:60.2,60.15 1 1
language-exchange-bot/internal/validation/user_validator.go:64.127,68.83 2 1
language-exchange-bot/internal/validation/user_validator.go:68.83,69.30 1 1
language-exchange-bot/internal/validation/user_validator.go:69.30,71.4 1 1
language-exchange-bot/internal/validation/user_validator.go:75.2,75.103 1 1
language-exchange-bot/internal/validation/user_validator.go:75.103,76.30 1 1
language-exchange-bot/internal/validation/user_validator.go:76.30,78.4 1 1
language-exchange-bot/internal/validation/user_validator.go:82.2,82.20 1 1
language-exchange-bot/internal/validation/user_validator.go:82.20,83.103 1 1
language-exchange-bot/internal/validation/user_validator.go:83.103,84.31 1 1
language-exchange-bot/internal/validation/user_validator.go:84.31,86.5 1 1
language-exchange-bot/internal/validation/user_validator.go:91.2,91.80 1 1
language-exchange-bot/internal/validation/user_validator.go:91.80,92.30 1 1
language-exchange-bot/internal/validation/user_validator.go:92.30,94.4 1 1
language-exchange-bot/internal/validation/user_validator.go:97.2,97.15 1 1
language-exchange-bot/internal/validation/user_validator.go:101.82,105.108 2 0
language-exchange-bot/internal/validation/user_validator.go:105.108,106.30 1 0
language-exchange-bot/internal/validation/user_validator.go:106.30,108.4 1 0
language-exchange-bot/internal/validation/user_validator.go:112.2,112.25 1 0
language-exchange-bot/internal/validation/user_validator.go:112.25,113.108 1 0
language-exchange-bot/internal/validation/user_validator.go:113.108,114.31 1 0
language-exchange-bot/internal/validation/user_validator.go:114.31,116.5 1 0
language-exchange-bot/internal/validation/user_validator.go:121.2,121.94 1 0
language-exchange-bot/internal/validation/user_validator.go:121.94,122.30 1 0
language-exchange-bot/internal/validation/user_validator.go:122.30,124.4 1 0
language-exchange-bot/internal/validation/user_validator.go:128.2,128.75 1 0
language-exchange-bot/internal/validation/user_validator.go:128.75,129.30 1 0
language-exchange-bot/internal/validation/user_validator.go:129.30,131.4 1 0
language-exchange-bot/internal/validation/user_validator.go:134.2,134.15 1 0
language-exchange-bot/internal/validation/user_validator.go:138.85,141.27 2 1
language-exchange-bot/internal/validation/user_validator.go:141.27,144.3 2 1
language-exchange-bot/internal/validation/user_validator.go:146.2,146.27 1 1
language-exchange-bot/internal/validation/user_validator.go:146.27,149.3 2 0
language-exchange-bot/internal/validation/user_validator.go:152.2,152.33 1 1
language-exchange-bot/internal/validation/user_validator.go:152.33,153.69 1 1
language-exchange-bot/internal/validation/user_validator.go:153.69,154.31 1 0
language-exchange-bot/internal/validation/user_validator.go:154.31,156.5 1 0
language-exchange-bot/internal/validation/user_validator.go:160.3,160.39 1 1
language-exchange-bot/internal/validation/user_validator.go:160.39,161.31 1 1
language-exchange-bot/internal/validation/user_validator.go:161.31,163.10 2 0
language-exchange-bot/internal/validation/user_validator.go:168.2,168.15 1 1
language-exchange-bot/internal/validation/user_validator.go:172.105,176.82 2 1
language-exchange-bot/internal/validation/user_validator.go:176.82,177.30 1 0
language-exchange-bot/internal/validation/user_validator.go:177.30,179.4 1 0
language-exchange-bot/internal/validation/user_validator.go:183.2,183.82 1 1
language-exchange-bot/internal/validation/user_validator.go:183.82,184.30 1 0
language-exchange-bot/internal/validation/user_validator.go:184.30,186.4 1 0
language-exchange-bot/internal/validation/user_validator.go:190.2,190.38 1 1
language-exchange-bot/internal/validation/user_validator.go:190.38,192.3 1 1
language-exchange-bot/internal/validation/user_validator.go:194.2,194.15 1 1
language-exchange-bot/internal/validation/user_validator.go:198.81,201.74 2 0
language-exchange-bot/internal/validation/user_validator.go:201.74,202.30 1 0
language-exchange-bot/internal/validation/user_validator.go:202.30,204.4 1 0
language-exchange-bot/internal/validation/user_validator.go:207.2,207.15 1 0
language-exchange-bot/internal/validation/validation_service.go:16.81,22.2 1 1
language-exchange-bot/internal/validation/validation_service.go:25.125,28.24 2 1
language-exchange-bot/internal/validation/validation_service.go:28.24,38.54 3 1
language-exchange-bot/internal/validation/validation_service.go:38.54,40.4 1 1
language-exchange-bot/internal/validation/validation_service.go:42.3,42.52 1 1
language-exchange-bot/internal/validation/validation_service.go:45.2,45.12 1 1
language-exchange-bot/internal/validation/validation_service.go:49.176,52.24 2 1
language-exchange-bot/internal/validation/validation_service.go:52.24,62.54 3 1
language-exchange-bot/internal/validation/validation_service.go:62.54,64.4 1 1
language-exchange-bot/internal/validation/validation_service.go:66.3,66.52 1 1
language-exchange-bot/internal/validation/validation_service.go:69.2,69.12 1 1
language-exchange-bot/internal/validation/validation_service.go:73.131,76.24 2 0
language-exchange-bot/internal/validation/validation_service.go:76.24,86.54 3 0
language-exchange-bot/internal/validation/validation_service.go:86.54,88.4 1 0
language-exchange-bot/internal/validation/validation_service.go:90.3,90.52 1 0
language-exchange-bot/internal/validation/validation_service.go:93.2,93.12 1 0
language-exchange-bot/internal/validation/validation_service.go:97.134,100.24 2 1
language-exchange-bot/internal/validation/validation_service.go:100.24,110.54 3 1
language-exchange-bot/internal/validation/validation_service.go:110.54,112.4 1 1
language-exchange-bot/internal/validation/validation_service.go:114.3,114.52 1 1
language-exchange-bot/internal/validation/validation_service.go:117.2,117.12 1 1
language-exchange-bot/internal/validation/validation_service.go:121.154,124.24 2 1
language-exchange-bot/internal/validation/validation_service.go:124.24,134.54 3 1
language-exchange-bot/internal/validation/validation_service.go:134.54,136.4 1 1
language-exchange-bot/internal/validation/validation_service.go:138.3,138.52 1 1
language-exchange-bot/internal/validation/validation_service.go:141.2,141.12 1 1
language-exchange-bot/internal/validation/validation_service.go:145.115,148.24 2 0
language-exchange-bot/internal/validation/validation_service.go:148.24,158.54 3 0
language-exchange-bot/internal/validation/validation_service.go:158.54,160.4 1 0
language-exchange-bot/internal/validation/validation_service.go:162.3,162.52 1 0
language-exchange-bot/internal/validation/validation_service.go:165.2,165.12 1 0
language-exchange-bot/internal/validation/validation_service.go:169.121,172.24 2 0
language-exchange-bot/internal/validation/validation_service.go:172.24,182.54 3 0
language-exchange-bot/internal/validation/validation_service.go:182.54,184.4 1 0
language-exchange-bot/internal/validation/validation_service.go:186.3,186.52 1 0
language-exchange-bot/internal/validation/validation_service.go:189.2,189.12 1 0
language-exchange-bot/internal/validation/validation_service.go:193.123,196.24 2 0
language-exchange-bot/internal/validation/validation_service.go:196.24,206.54 3 0
language-exchange-bot/internal/validation/validation_service.go:206.54,208.4 1 0
language-exchange-bot/internal/validation/validation_service.go:210.3,210.52 1 0
language-exchange-bot/internal/validation/validation_service.go:213.2,213.12 1 0
language-exchange-bot/internal/validation/validation_service.go:217.118,220.24 2 0
language-exchange-bot/internal/validation/validation_service.go:220.24,230.54 3 0
language-exchange-bot/internal/validation/validation_service.go:230.54,232.4 1 0
language-exchange-bot/internal/validation/validation_service.go:234.3,234.52 1 0
language-exchange-bot/internal/validation/validation_service.go:237.2,237.12 1 0
language-exchange-bot/internal/validation/validation_service.go:241.133,244.24 2 0
language-exchange-bot/internal/validation/validation_service.go:244.24,254.54 3 0
language-exchange-bot/internal/validation/validation_service.go:254.54,256.4 1 0
language-exchange-bot/internal/validation/validation_service.go:258.3,258.52 1 0
language-exchange-bot/internal/validation/validation_service.go:261.2,261.12 1 0
language-exchange-bot/internal/validation/validation_service.go:265.135,268.24 2 0
language-exchange-bot/internal/validation/validation_service.go:268.24,278.54 3 0
language-exchange-bot/internal/validation/validation_service.go:278.54,280.4 1 0
language-exchange-bot/internal/validation/validation_service.go:282.3,282.52 1 0
language-exchange-bot/internal/validation/validation_service.go:285.2,285.12 1 0
language-exchange-bot/internal/validation/validation_service.go:289.135,292.24 2 0
language-exchange-bot/internal/validation/validation_service.go:292.24,302.54 3 0
language-exchange-bot/internal/validation/validation_service.go:302.54,304.4 1 0
language-exchange-bot/internal/validation/validation_service.go:306.3,306.52 1 0
language-exchange-bot/internal/validation/validation_service.go:309.2,309.12 1 0
language-exchange-bot/internal/validation/validators.go:25.46,30.2 1 1
language-exchange-bot/internal/validation/validators.go:33.61,36.2 2 1
language-exchange-bot/internal/validation/validators.go:39.61,41.2 1 1
language-exchange-bot/internal/validation/validators.go:44.46,46.2 1 1
language-exchange-bot/internal/validation/validators.go:52.32,54.2 1 1
language-exchange-bot/internal/validation/validators.go:57.75,60.29 2 1
language-exchange-bot/internal/validation/validators.go:60.29,61.15 1 1
language-exchange-bot/internal/validation/validators.go:62.19,63.38 1 1
language-exchange-bot/internal/validation/validators.go:63.38,65.5 1 1
language-exchange-bot/internal/validation/validators.go:66.16,67.41 1 0
language-exchange-bot/internal/validation/validators.go:67.41,69.5 1 0
language-exchange-bot/internal/validation/validators.go:70.17,71.42 1 1
language-exchange-bot/internal/validation/validators.go:71.42,73.5 1 0
language-exchange-bot/internal/validation/validators.go:74.18,75.43 1 0
language-exchange-bot/internal/validation/validators.go:75.43,77.5 1 0
language-exchange-bot/internal/validation/validators.go:78.18,79.43 1 0
language-exchange-bot/internal/validation/validators.go:79.43,81.5 1 0
language-exchange-bot/internal/validation/validators.go:82.23,83.64 1 0
language-exchange-bot/internal/validation/validators.go:83.64,85.5 1 0
language-exchange-bot/internal/validation/validators.go:86.19,87.65 1 1
language-exchange-bot/internal/validation/validators.go:87.65,89.5 1 1
language-exchange-bot/internal/validation/validators.go:90.16,91.98 1 0
language-exchange-bot/internal/validation/validators.go:91.98,93.5 1 0
language-exchange-bot/internal/validation/validators.go:97.2,97.15 1 1
language-exchange-bot/internal/validation/validators.go:101.69,104.29 2 1
language-exchange-bot/internal/validation/validators.go:104.29,105.15 1 1
language-exchange-bot/internal/validation/validators.go:106.19,107.18 1 1
language-exchange-bot/internal/validation/validators.go:107.18,109.5 1 1
language-exchange-bot/internal/validation/validators.go:110.16,111.17 1 1
language-exchange-bot/internal/validation/validators.go:111.17,113.5 1 0
language-exchange-bot/internal/validation/validators.go:114.18,115.19 1 1
language-exchange-bot/internal/validation/validators.go:115.19,117.5 1 0
language-exchange-bot/internal/validation/validators.go:118.19,119.18 1 0
language-exchange-bot/internal/validation/validators.go:119.18,121.5 1 0
language-exchange-bot/internal/validation/validators.go:125.2,125.15 1 1
language-exchange-bot/internal/validation/validators.go:129.64,132.35 2 1
language-exchange-bot/internal/validation/validators.go:132.35,135.3 2 0
language-exchange-bot/internal/validation/validators.go:138.2,138.20 1 1
language-exchange-bot/internal/validation/validators.go:138.20,140.3 1 1
language-exchange-bot/internal/validation/validators.go:143.2,143.60 1 1
language-exchange-bot/internal/validation/validators.go:143.60,145.3 1 1
language-exchange-bot/internal/validation/validators.go:147.2,147.15 1 1
language-exchange-bot/internal/validation/validators.go:151.59,154.13 2 1
language-exchange-bot/internal/validation/validators.go:154.13,156.3 1 1
language-exchange-bot/internal/validation/validators.go:159.2,159.20 1 1
language-exchange-bot/internal/validation/validators.go:159.20,161.3 1 1
language-exchange-bot/internal/validation/validators.go:163.2,163.15 1 1
language-exchange-bot/internal/validation/validators.go:167.55,170.13 2 1
language-exchange-bot/internal/validation/validators.go:170.13,173.3 2 1
language-exchange-bot/internal/validation/validators.go:176.2,176.30 1 1
language-exchange-bot/internal/validation/validators.go:176.30,178.3 1 0
language-exchange-bot/internal/validation/validators.go:180.2,180.15 1 1
language-exchange-bot/internal/validation/validators.go:184.62,194.41 4 1
language-exchange-bot/internal/validation/validators.go:194.41,195.26 1 1
language-exchange-bot/internal/validation/validators.go:195.26,197.9 2 1
language-exchange-bot/internal/validation/validators.go:201.2,201.14 1 1
language-exchange-bot/internal/validation/validators.go:201.14,203.3 1 1
language-exchange-bot/internal/validation/validators.go:205.2,205.15 1 1
language-exchange-bot/internal/validation/validators.go:209.57,212.13 2 1
language-exchange-bot/internal/validation/validators.go:212.13,214.3 1 1
language-exchange-bot/internal/validation/validators.go:216.2,216.15 1 1
language-exchange-bot/internal/validation/validators.go:220.63,223.28 2 1
language-exchange-bot/internal/validation/validators.go:223.28,225.3 1 1
language-exchange-bot/internal/validation/validators.go:227.2,227.15 1 1
language-exchange-bot/internal/validation/validators.go:231.64,234.35 2 1
language-exchange-bot/internal/validation/validators.go:234.35,237.3 2 0
language-exchange-bot/internal/validation/validators.go:239.2,240.21 2 1
language-exchange-bot/internal/validation/validators.go:240.21,242.3 1 1
language-exchange-bot/internal/validation/validators.go:244.2,244.23 1 1
language-exchange-bot/internal/validation/validators.go:244.23,246.3 1 0
language-exchange-bot/internal/validation/validators.go:248.2,248.15 1 1
language-exchange-bot/internal/validation/validators.go:252.64,255.35 2 1
language-exchange-bot/internal/validation/validators.go:255.35,258.3 2 1
language-exchange-bot/internal/validation/validators.go:260.2,260.20 1 1
language-exchange-bot/internal/validation/validators.go:260.20,262.3 1 0
language-exchange-bot/internal/validation/validators.go:265.2,265.65 1 1
language-exchange-bot/internal/validation/validators.go:265.65,267.3 1 0
language-exchange-bot/internal/validation/validators.go:269.2,269.15 1 1
language-exchange-bot/internal/cache/cache.go:35.57,36.19 1 1
language-exchange-bot/internal/cache/cache.go:36.19,38.3 1 0
language-exchange-bot/internal/cache/cache.go:40.2,53.11 3 1
language-exchange-bot/internal/cache/cache.go:57.78,62.34 4 1
language-exchange-bot/internal/cache/cache.go:62.34,65.3 2 1
language-exchange-bot/internal/cache/cache.go:67.2,68.51 2 1
language-exchange-bot/internal/cache/cache.go:68.51,70.3 1 1
language-exchange-bot/internal/cache/cache.go:72.2,73.19 2 0
language-exchange-bot/internal/cache/cache.go:77.81,90.2 4 1
language-exchange-bot/internal/cache/cache.go:93.74,98.34 4 1
language-exchange-bot/internal/cache/cache.go:98.34,101.3 2 1
language-exchange-bot/internal/cache/cache.go:103.2,104.51 2 1
language-exchange-bot/internal/cache/cache.go:104.51,106.3 1 1
language-exchange-bot/internal/cache/cache.go:108.2,109.19 2 0
language-exchange-bot/internal/cache/cache.go:113.77,126.2 4 1
language-exchange-bot/internal/cache/cache.go:129.68,134.34 4 1
language-exchange-bot/internal/cache/cache.go:134.34,137.3 2 1
language-exchange-bot/internal/cache/cache.go:139.2,140.46 2 1
language-exchange-bot/internal/cache/cache.go:140.46,142.3 1 1
language-exchange-bot/internal/cache/cache.go:144.2,145.19 2 0
language-exchange-bot/internal/cache/cache.go:149.52,162.2 4 1
language-exchange-bot/internal/cache/cache.go:165.80,170.34 4 0
language-exchange-bot/internal/cache/cache.go:170.34,173.3 2 0
language-exchange-bot/internal/cache/cache.go:175.2,176.52 2 0
language-exchange-bot/internal/cache/cache.go:176.52,178.3 1 0
language-exchange-bot/internal/cache/cache.go:180.2,181.19 2 0
language-exchange-bot/internal/cache/cache.go:185.86,195.2 4 0
language-exchange-bot/internal/cache/cache.go:198.83,203.34 4 0
language-exchange-bot/internal/cache/cache.go:203.34,206.3 2 0
language-exchange-bot/internal/cache/cache.go:208.2,209.47 2 0
language-exchange-bot/internal/cache/cache.go:209.47,211.3 1 0
language-exchange-bot/internal/cache/cache.go:213.2,214.19 2 0
language-exchange-bot/internal/cache/cache.go:218.81,231.2 4 0
language-exchange-bot/internal/cache/cache.go:234.54,242.2 5 0
language-exchange-bot/internal/cache/cache.go:245.47,253.2 5 1
language-exchange-bot/internal/cache/cache.go:256.47,264.2 5 1
language-exchange-bot/internal/cache/cache.go:267.50,275.2 5 1
language-exchange-bot/internal/cache/cache.go:278.36,290.2 9 0
language-exchange-bot/internal/cache/cache.go:293.52,302.2 3 1
language-exchange-bot/internal/cache/cache.go:305.38,307.2 1 1
language-exchange-bot/internal/cache/cache.go:310.40,314.6 3 1
language-exchange-bot/internal/cache/cache.go:314.6,315.10 1 1
language-exchange-bot/internal/cache/cache.go:316.19,317.23 1 0
language-exchange-bot/internal/cache/cache.go:318.25,319.10 1 1
language-exchange-bot/internal/cache/cache.go:325.42,332.39 4 1
language-exchange-bot/internal/cache/cache.go:332.39,333.24 1 1
language-exchange-bot/internal/cache/cache.go:333.24,336.4 2 1
language-exchange-bot/internal/cache/cache.go:340.2,340.39 1 1
language-exchange-bot/internal/cache/cache.go:340.39,341.24 1 1
language-exchange-bot/internal/cache/cache.go:341.24,344.4 2 1
language-exchange-bot/internal/cache/cache.go:348.2,348.42 1 1
language-exchange-bot/internal/cache/cache.go:348.42,349.24 1 0
language-exchange-bot/internal/cache/cache.go:349.24,352.4 2 0
language-exchange-bot/internal/cache/cache.go:356.2,356.35 1 1
language-exchange-bot/internal/cache/cache.go:356.35,357.24 1 1
language-exchange-bot/internal/cache/cache.go:357.24,360.4 2 1
language-exchange-bot/internal/cache/cache.go:364.2,364.35 1 1
language-exchange-bot/internal/cache/cache.go:364.35,365.24 1 0
language-exchange-bot/internal/cache/cache.go:365.24,368.4 2 0
language-exchange-bot/internal/cache/cache.go:371.2,373.17 2 1
language-exchange-bot/internal/cache/cache.go:373.17,375.3 1 1
language-exchange-bot/internal/cache/cache.go:379.32,382.2 2 1
language-exchange-bot/internal/cache/cache.go:385.41,388.33 3 0
language-exchange-bot/internal/cache/cache.go:388.33,390.3 1 0
language-exchange-bot/internal/cache/cache.go:392.2,393.49 1 0
language-exchange-bot/internal/cache/invalidation.go:14.79,18.2 1 1
language-exchange-bot/internal/cache/invalidation.go:21.65,24.2 2 0
language-exchange-bot/internal/cache/invalidation.go:27.68,30.2 2 0
language-exchange-bot/internal/cache/invalidation.go:33.70,36.2 2 0
language-exchange-bot/internal/cache/invalidation.go:39.70,42.2 2 0
language-exchange-bot/internal/cache/invalidation.go:45.55,50.2 4 1
language-exchange-bot/internal/cache/invalidation.go:53.58,57.2 1 0
language-exchange-bot/internal/cache/invalidation.go:60.54,64.2 1 0
language-exchange-bot/internal/cache/invalidation.go:67.53,71.2 1 0
language-exchange-bot/internal/cache/invalidation.go:74.68,79.2 1 0
language-exchange-bot/internal/cache/invalidation.go:82.52,86.2 1 0
language-exchange-bot/internal/cache/invalidation.go:89.78,99.2 2 0
language-exchange-bot/internal/cache/metrics.go:28.69,32.2 1 1
language-exchange-bot/internal/cache/metrics.go:35.79,39.10 3 1
language-exchange-bot/internal/cache/metrics.go:39.10,41.3 1 1
language-exchange-bot/internal/cache/metrics.go:44.2,44.28 1 1
language-exchange-bot/internal/cache/metrics.go:48.41,50.2 1 1
language-exchange-bot/internal/cache/metrics.go:53.43,55.2 1 0
language-exchange-bot/internal/cache/metrics.go:58.63,84.2 2 0
language-exchange-bot/internal/cache/metrics.go:87.74,95.2 1 1
language-exchange-bot/internal/cache/metrics.go:98.68,108.2 2 0
language-exchange-bot/internal/cache/metrics.go:111.69,117.2 1 0
language-exchange-bot/internal/cache/metrics.go:120.74,126.2 1 0
language-exchange-bot/internal/cache/metrics.go:129.40,137.2 6 0
language-exchange-bot/internal/cache/metrics.go:140.54,148.2 4 0
language-exchange-bot/internal/cache/metrics.go:151.51,154.15 3 1
language-exchange-bot/internal/cache/metrics.go:154.15,156.3 1 0
language-exchange-bot/internal/cache/metrics.go:160.64,162.16 2 0
language-exchange-bot/internal/cache/metrics.go:162.16,164.3 1 0
language-exchange-bot/internal/cache/metrics.go:165.2,165.51 1 0
language-exchange-bot/internal/cache/metrics.go:169.50,170.27 1 1
language-exchange-bot/internal/cache/metrics.go:170.27,172.3 1 0
language-exchange-bot/internal/cache/metrics.go:173.2,173.65 1 1
language-exchange-bot/internal/cache/metrics.go:177.58,179.27 1 1
language-exchange-bot/internal/cache/metrics.go:179.27,181.3 1 0
language-exchange-bot/internal/cache/metrics.go:182.2,182.41 1 1
language-exchange-bot/internal/cache/metrics.go:186.59,187.28 1 0
language-exchange-bot/internal/cache/metrics.go:187.28,189.3 1 0
language-exchange-bot/internal/cache/metrics.go:190.2,190.67 1 0
language-exchange-bot/internal/cache/metrics.go:194.56,195.26 1 0
language-exchange-bot/internal/cache/metrics.go:195.26,197.3 1 0
language-exchange-bot/internal/cache/metrics.go:198.2,198.52 1 0
language-exchange-bot/internal/cache/metrics.go:202.42,212.2 8 0
language-exchange-bot/internal/cache/redis_cache.go:22.111,23.19 1 1
language-exchange-bot/internal/cache/redis_cache.go:23.19,25.3 1 0
language-exchange-bot/internal/cache/redis_cache.go:27.2,37.16 4 1
language-exchange-bot/internal/cache/redis_cache.go:37.16,39.3 1 1
language-exchange-bot/internal/cache/redis_cache.go:41.2,47.8 2 1
language-exchange-bot/internal/cache/redis_cache.go:51.82,55.22 3 1
language-exchange-bot/internal/cache/redis_cache.go:55.22,57.3 1 1
language-exchange-bot/internal/cache/redis_cache.go:58.2,58.16 1 1
language-exchange-bot/internal/cache/redis_cache.go:58.16,61.3 2 0
language-exchange-bot/internal/cache/redis_cache.go:63.2,64.64 2 1
language-exchange-bot/internal/cache/redis_cache.go:64.64,67.3 2 0
language-exchange-bot/internal/cache/redis_cache.go:69.2,69.24 1 1
language-exchange-bot/internal/cache/redis_cache.go:73.85,77.16 3 1
language-exchange-bot/internal/cache/redis_cache.go:77.16,80.3 2 0
language-exchange-bot/internal/cache/redis_cache.go:82.2,83.16 2 1
language-exchange-bot/internal/cache/redis_cache.go:83.16,85.3 1 0
language-exchange-bot/internal/cache/redis_cache.go:89.78,93.22 3 1
language-exchange-bot/internal/cache/redis_cache.go:93.22,95.3 1 0
language-exchange-bot/internal/cache/redis_cache.go:96.2,96.16 1 1
language-exchange-bot/internal/cache/redis_cache.go:96.16,99.3 2 0
language-exchange-bot/internal/cache/redis_cache.go:101.2,102.64 2 1
language-exchange-bot/internal/cache/redis_cache.go:102.64,105.3 2 0
language-exchange-bot/internal/cache/redis_cache.go:107.2,107.24 1 1
language-exchange-bot/internal/cache/redis_cache.go:111.81,115.16 3 1
language-exchange-bot/internal/cache/redis_cache.go:115.16,118.3 2 0
language-exchange-bot/internal/cache/redis_cache.go:120.2,121.16 2 1
language-exchange-bot/internal/cache/redis_cache.go:121.16,123.3 1 0
language-exchange-bot/internal/cache/redis_cache.go:127.72,131.22 3 1
language-exchange-bot/internal/cache/redis_cache.go:131.22,133.3 1 0
language-exchange-bot/internal/cache/redis_cache.go:134.2,134.16 1 1
language-exchange-bot/internal/cache/redis_cache.go:134.16,137.3 2 0
language-exchange-bot/internal/cache/redis_cache.go:139.2,140.59 2 1
language-exchange-bot/internal/cache/redis_cache.go:140.59,143.3 2 0
language-exchange-bot/internal/cache/redis_cache.go:145.2,145.20 1 1
language-exchange-bot/internal/cache/redis_cache.go:149.56,153.16 3 1
language-exchange-bot/internal/cache/redis_cache.go:153.16,156.3 2 0
language-exchange-bot/internal/cache/redis_cache.go:158.2,159.16 2 1
language-exchange-bot/internal/cache/redis_cache.go:159.16,161.3 1 0
language-exchange-bot/internal/cache/redis_cache.go:165.84,169.22 3 0
language-exchange-bot/internal/cache/redis_cache.go:169.22,171.3 1 0
language-exchange-bot/internal/cache/redis_cache.go:172.2,172.16 1 0
language-exchange-bot/internal/cache/redis_cache.go:172.16,175.3 2 0
language-exchange-bot/internal/cache/redis_cache.go:177.2,178.67 2 0
language-exchange-bot/internal/cache/redis_cache.go:178.67,181.3 2 0
language-exchange-bot/internal/cache/redis_cache.go:183.2,183.27 1 0
language-exchange-bot/internal/cache/redis_cache.go:187.90,191.16 3 0
language-exchange-bot/internal/cache/redis_cache.go:191.16,194.3 2 0
language-exchange-bot/internal/cache/redis_cache.go:196.2,197.16 2 0
language-exchange-bot/internal/cache/redis_cache.go:197.16,199.3 1 0
language-exchange-bot/internal/cache/redis_cache.go:203.87,207.22 3 0
language-exchange-bot/internal/cache/redis_cache.go:207.22,209.3 1 0
language-exchange-bot/internal/cache/redis_cache.go:210.2,210.16 1 0
language-exchange-bot/internal/cache/redis_cache.go:210.16,213.3 2 0
language-exchange-bot/internal/cache/redis_cache.go:215.2,216.60 2 0
language-exchange-bot/internal/cache/redis_cache.go:216.60,219.3 2 0
language-exchange-bot/internal/cache/redis_cache.go:221.2,221.20 1 0
language-exchange-bot/internal/cache/redis_cache.go:225.85,229.16 3 0
language-exchange-bot/internal/cache/redis_cache.go:229.16,232.3 2 0
language-exchange-bot/internal/cache/redis_cache.go:234.2,235.16 2 0
language-exchange-bot/internal/cache/redis_cache.go:235.16,237.3 1 0
language-exchange-bot/internal/cache/redis_cache.go:241.58,245.16 3 0
language-exchange-bot/internal/cache/redis_cache.go:245.16,247.3 1 0
language-exchange-bot/internal/cache/redis_cache.go:247.8,249.3 1 0
language-exchange-bot/internal/cache/redis_cache.go:253.51,257.16 3 1
language-exchange-bot/internal/cache/redis_cache.go:257.16,260.3 2 0
language-exchange-bot/internal/cache/redis_cache.go:262.2,262.19 1 1
language-exchange-bot/internal/cache/redis_cache.go:262.19,264.17 2 1
language-exchange-bot/internal/cache/redis_cache.go:264.17,266.4 1 0
language-exchange-bot/internal/cache/redis_cache.go:266.9,268.4 1 1
language-exchange-bot/internal/cache/redis_cache.go:273.51,277.16 3 1
language-exchange-bot/internal/cache/redis_cache.go:277.16,280.3 2 0
language-exchange-bot/internal/cache/redis_cache.go:282.2,282.19 1 1
language-exchange-bot/internal/cache/redis_cache.go:282.19,284.17 2 1
language-exchange-bot/internal/cache/redis_cache.go:284.17,286.4 1 0
language-exchange-bot/internal/cache/redis_cache.go:286.9,288.4 1 1
language-exchange-bot/internal/cache/redis_cache.go:293.54,297.16 3 0
language-exchange-bot/internal/cache/redis_cache.go:297.16,300.3 2 0
language-exchange-bot/internal/cache/redis_cache.go:302.2,302.19 1 0
language-exchange-bot/internal/cache/redis_cache.go:302.19,304.17 2 0
language-exchange-bot/internal/cache/redis_cache.go:304.17,306.4 1 0
language-exchange-bot/internal/cache/redis_cache.go:306.9,308.4 1 0
language-exchange-bot/internal/cache/redis_cache.go:313.40,315.16 2 0
language-exchange-bot/internal/cache/redis_cache.go:315.16,317.3 1 0
language-exchange-bot/internal/cache/redis_cache.go:317.8,319.3 1 0
language-exchange-bot/internal/cache/redis_cache.go:323.56,326.16 2 1
language-exchange-bot/internal/cache/redis_cache.go:326.16,329.3 2 0
language-exchange-bot/internal/cache/redis_cache.go:331.2,335.3 1 1
language-exchange-bot/internal/cache/redis_cache.go:339.36,341.16 2 1
language-exchange-bot/internal/cache/redis_cache.go:341.16,343.3 1 0
language-exchange-bot/internal/cache/redis_cache.go:343.8,345.3 1 1
language-exchange-bot/internal/cache/redis_cache.go:349.45,352.2 2 0
language-exchange-bot/internal/cache/types.go:16.39,18.2 1 1
language-exchange-bot/internal/cache/types.go:30.40,38.2 1 1
