mode: set
language-exchange-bot/internal/validation/message_validator.go:13.46,17.2 1 1
language-exchange-bot/internal/validation/message_validator.go:20.104,24.68 2 0
language-exchange-bot/internal/validation/message_validator.go:24.68,25.30 1 0
language-exchange-bot/internal/validation/message_validator.go:25.30,27.4 1 0
language-exchange-bot/internal/validation/message_validator.go:31.2,31.79 1 0
language-exchange-bot/internal/validation/message_validator.go:31.79,32.30 1 0
language-exchange-bot/internal/validation/message_validator.go:32.30,34.4 1 0
language-exchange-bot/internal/validation/message_validator.go:38.2,38.16 1 0
language-exchange-bot/internal/validation/message_validator.go:38.16,39.89 1 0
language-exchange-bot/internal/validation/message_validator.go:39.89,40.31 1 0
language-exchange-bot/internal/validation/message_validator.go:40.31,42.5 1 0
language-exchange-bot/internal/validation/message_validator.go:46.2,46.15 1 0
language-exchange-bot/internal/validation/message_validator.go:50.110,54.68 2 0
language-exchange-bot/internal/validation/message_validator.go:54.68,55.30 1 0
language-exchange-bot/internal/validation/message_validator.go:55.30,57.4 1 0
language-exchange-bot/internal/validation/message_validator.go:61.2,61.79 1 0
language-exchange-bot/internal/validation/message_validator.go:61.79,62.30 1 0
language-exchange-bot/internal/validation/message_validator.go:62.30,64.4 1 0
language-exchange-bot/internal/validation/message_validator.go:68.2,68.72 1 0
language-exchange-bot/internal/validation/message_validator.go:68.72,69.30 1 0
language-exchange-bot/internal/validation/message_validator.go:69.30,71.4 1 0
language-exchange-bot/internal/validation/message_validator.go:74.2,74.15 1 0
language-exchange-bot/internal/validation/message_validator.go:78.112,82.68 2 0
language-exchange-bot/internal/validation/message_validator.go:82.68,83.30 1 0
language-exchange-bot/internal/validation/message_validator.go:83.30,85.4 1 0
language-exchange-bot/internal/validation/message_validator.go:89.2,89.79 1 0
language-exchange-bot/internal/validation/message_validator.go:89.79,90.30 1 0
language-exchange-bot/internal/validation/message_validator.go:90.30,92.4 1 0
language-exchange-bot/internal/validation/message_validator.go:96.2,96.72 1 0
language-exchange-bot/internal/validation/message_validator.go:96.72,97.30 1 0
language-exchange-bot/internal/validation/message_validator.go:97.30,99.4 1 0
language-exchange-bot/internal/validation/message_validator.go:102.2,102.15 1 0
language-exchange-bot/internal/validation/message_validator.go:106.107,110.68 2 0
language-exchange-bot/internal/validation/message_validator.go:110.68,111.30 1 0
language-exchange-bot/internal/validation/message_validator.go:111.30,113.4 1 0
language-exchange-bot/internal/validation/message_validator.go:117.2,117.79 1 0
language-exchange-bot/internal/validation/message_validator.go:117.79,118.30 1 0
language-exchange-bot/internal/validation/message_validator.go:118.30,120.4 1 0
language-exchange-bot/internal/validation/message_validator.go:124.2,124.38 1 0
language-exchange-bot/internal/validation/message_validator.go:124.38,127.3 2 0
language-exchange-bot/internal/validation/message_validator.go:130.2,130.38 1 0
language-exchange-bot/internal/validation/message_validator.go:130.38,132.3 1 0
language-exchange-bot/internal/validation/message_validator.go:135.2,135.23 1 0
language-exchange-bot/internal/validation/message_validator.go:135.23,137.3 1 0
language-exchange-bot/internal/validation/message_validator.go:140.2,140.95 1 0
language-exchange-bot/internal/validation/message_validator.go:140.95,142.3 1 0
language-exchange-bot/internal/validation/message_validator.go:144.2,144.15 1 0
language-exchange-bot/internal/validation/message_validator.go:148.122,152.68 2 0
language-exchange-bot/internal/validation/message_validator.go:152.68,153.30 1 0
language-exchange-bot/internal/validation/message_validator.go:153.30,155.4 1 0
language-exchange-bot/internal/validation/message_validator.go:159.2,159.79 1 0
language-exchange-bot/internal/validation/message_validator.go:159.79,160.30 1 0
language-exchange-bot/internal/validation/message_validator.go:160.30,162.4 1 0
language-exchange-bot/internal/validation/message_validator.go:166.2,166.80 1 0
language-exchange-bot/internal/validation/message_validator.go:166.80,167.30 1 0
language-exchange-bot/internal/validation/message_validator.go:167.30,169.4 1 0
language-exchange-bot/internal/validation/message_validator.go:172.2,172.15 1 0
language-exchange-bot/internal/validation/message_validator.go:176.117,180.68 2 0
language-exchange-bot/internal/validation/message_validator.go:180.68,181.30 1 0
language-exchange-bot/internal/validation/message_validator.go:181.30,183.4 1 0
language-exchange-bot/internal/validation/message_validator.go:187.2,187.79 1 0
language-exchange-bot/internal/validation/message_validator.go:187.79,188.30 1 0
language-exchange-bot/internal/validation/message_validator.go:188.30,190.4 1 0
language-exchange-bot/internal/validation/message_validator.go:194.2,194.76 1 0
language-exchange-bot/internal/validation/message_validator.go:194.76,195.30 1 0
language-exchange-bot/internal/validation/message_validator.go:195.30,197.4 1 0
language-exchange-bot/internal/validation/message_validator.go:200.2,200.15 1 0
language-exchange-bot/internal/validation/message_validator.go:204.117,208.68 2 0
language-exchange-bot/internal/validation/message_validator.go:208.68,209.30 1 0
language-exchange-bot/internal/validation/message_validator.go:209.30,211.4 1 0
language-exchange-bot/internal/validation/message_validator.go:215.2,215.79 1 0
language-exchange-bot/internal/validation/message_validator.go:215.79,216.30 1 0
language-exchange-bot/internal/validation/message_validator.go:216.30,218.4 1 0
language-exchange-bot/internal/validation/message_validator.go:222.2,222.74 1 0
language-exchange-bot/internal/validation/message_validator.go:222.74,223.30 1 0
language-exchange-bot/internal/validation/message_validator.go:223.30,225.4 1 0
language-exchange-bot/internal/validation/message_validator.go:228.2,228.15 1 0
language-exchange-bot/internal/validation/user_validator.go:13.40,17.2 1 1
language-exchange-bot/internal/validation/user_validator.go:20.76,24.88 2 1
language-exchange-bot/internal/validation/user_validator.go:24.88,25.30 1 1
language-exchange-bot/internal/validation/user_validator.go:25.30,27.4 1 1
language-exchange-bot/internal/validation/user_validator.go:31.2,31.108 1 1
language-exchange-bot/internal/validation/user_validator.go:31.108,32.30 1 1
language-exchange-bot/internal/validation/user_validator.go:32.30,34.4 1 1
language-exchange-bot/internal/validation/user_validator.go:38.2,38.25 1 1
language-exchange-bot/internal/validation/user_validator.go:38.25,39.108 1 1
language-exchange-bot/internal/validation/user_validator.go:39.108,40.31 1 1
language-exchange-bot/internal/validation/user_validator.go:40.31,42.5 1 1
language-exchange-bot/internal/validation/user_validator.go:47.2,47.94 1 1
language-exchange-bot/internal/validation/user_validator.go:47.94,48.30 1 1
language-exchange-bot/internal/validation/user_validator.go:48.30,50.4 1 1
language-exchange-bot/internal/validation/user_validator.go:54.2,54.75 1 1
language-exchange-bot/internal/validation/user_validator.go:54.75,55.30 1 1
language-exchange-bot/internal/validation/user_validator.go:55.30,57.4 1 1
language-exchange-bot/internal/validation/user_validator.go:60.2,60.15 1 1
language-exchange-bot/internal/validation/user_validator.go:64.127,68.83 2 1
language-exchange-bot/internal/validation/user_validator.go:68.83,69.30 1 1
language-exchange-bot/internal/validation/user_validator.go:69.30,71.4 1 1
language-exchange-bot/internal/validation/user_validator.go:75.2,75.103 1 1
language-exchange-bot/internal/validation/user_validator.go:75.103,76.30 1 1
language-exchange-bot/internal/validation/user_validator.go:76.30,78.4 1 1
language-exchange-bot/internal/validation/user_validator.go:82.2,82.20 1 1
language-exchange-bot/internal/validation/user_validator.go:82.20,83.103 1 1
language-exchange-bot/internal/validation/user_validator.go:83.103,84.31 1 1
language-exchange-bot/internal/validation/user_validator.go:84.31,86.5 1 1
language-exchange-bot/internal/validation/user_validator.go:91.2,91.80 1 1
language-exchange-bot/internal/validation/user_validator.go:91.80,92.30 1 1
language-exchange-bot/internal/validation/user_validator.go:92.30,94.4 1 1
language-exchange-bot/internal/validation/user_validator.go:97.2,97.15 1 1
language-exchange-bot/internal/validation/user_validator.go:101.82,105.108 2 0
language-exchange-bot/internal/validation/user_validator.go:105.108,106.30 1 0
language-exchange-bot/internal/validation/user_validator.go:106.30,108.4 1 0
language-exchange-bot/internal/validation/user_validator.go:112.2,112.25 1 0
language-exchange-bot/internal/validation/user_validator.go:112.25,113.108 1 0
language-exchange-bot/internal/validation/user_validator.go:113.108,114.31 1 0
language-exchange-bot/internal/validation/user_validator.go:114.31,116.5 1 0
language-exchange-bot/internal/validation/user_validator.go:121.2,121.94 1 0
language-exchange-bot/internal/validation/user_validator.go:121.94,122.30 1 0
language-exchange-bot/internal/validation/user_validator.go:122.30,124.4 1 0
language-exchange-bot/internal/validation/user_validator.go:128.2,128.75 1 0
language-exchange-bot/internal/validation/user_validator.go:128.75,129.30 1 0
language-exchange-bot/internal/validation/user_validator.go:129.30,131.4 1 0
language-exchange-bot/internal/validation/user_validator.go:134.2,134.15 1 0
language-exchange-bot/internal/validation/user_validator.go:138.85,141.27 2 1
language-exchange-bot/internal/validation/user_validator.go:141.27,144.3 2 1
language-exchange-bot/internal/validation/user_validator.go:146.2,146.27 1 1
language-exchange-bot/internal/validation/user_validator.go:146.27,149.3 2 0
language-exchange-bot/internal/validation/user_validator.go:152.2,152.33 1 1
language-exchange-bot/internal/validation/user_validator.go:152.33,153.69 1 1
language-exchange-bot/internal/validation/user_validator.go:153.69,154.31 1 0
language-exchange-bot/internal/validation/user_validator.go:154.31,156.5 1 0
language-exchange-bot/internal/validation/user_validator.go:160.3,160.39 1 1
language-exchange-bot/internal/validation/user_validator.go:160.39,161.31 1 1
language-exchange-bot/internal/validation/user_validator.go:161.31,163.10 2 0
language-exchange-bot/internal/validation/user_validator.go:168.2,168.15 1 1
language-exchange-bot/internal/validation/user_validator.go:172.105,176.82 2 1
language-exchange-bot/internal/validation/user_validator.go:176.82,177.30 1 0
language-exchange-bot/internal/validation/user_validator.go:177.30,179.4 1 0
language-exchange-bot/internal/validation/user_validator.go:183.2,183.82 1 1
language-exchange-bot/internal/validation/user_validator.go:183.82,184.30 1 0
language-exchange-bot/internal/validation/user_validator.go:184.30,186.4 1 0
language-exchange-bot/internal/validation/user_validator.go:190.2,190.38 1 1
language-exchange-bot/internal/validation/user_validator.go:190.38,192.3 1 1
language-exchange-bot/internal/validation/user_validator.go:194.2,194.15 1 1
language-exchange-bot/internal/validation/user_validator.go:198.81,201.74 2 0
language-exchange-bot/internal/validation/user_validator.go:201.74,202.30 1 0
language-exchange-bot/internal/validation/user_validator.go:202.30,204.4 1 0
language-exchange-bot/internal/validation/user_validator.go:207.2,207.15 1 0
language-exchange-bot/internal/validation/validation_service.go:16.81,22.2 1 1
language-exchange-bot/internal/validation/validation_service.go:25.125,28.24 2 1
language-exchange-bot/internal/validation/validation_service.go:28.24,38.54 3 1
language-exchange-bot/internal/validation/validation_service.go:38.54,40.4 1 1
language-exchange-bot/internal/validation/validation_service.go:42.3,42.52 1 1
language-exchange-bot/internal/validation/validation_service.go:45.2,45.12 1 1
language-exchange-bot/internal/validation/validation_service.go:49.176,52.24 2 1
language-exchange-bot/internal/validation/validation_service.go:52.24,62.54 3 1
language-exchange-bot/internal/validation/validation_service.go:62.54,64.4 1 1
language-exchange-bot/internal/validation/validation_service.go:66.3,66.52 1 1
language-exchange-bot/internal/validation/validation_service.go:69.2,69.12 1 1
language-exchange-bot/internal/validation/validation_service.go:73.131,76.24 2 0
language-exchange-bot/internal/validation/validation_service.go:76.24,86.54 3 0
language-exchange-bot/internal/validation/validation_service.go:86.54,88.4 1 0
language-exchange-bot/internal/validation/validation_service.go:90.3,90.52 1 0
language-exchange-bot/internal/validation/validation_service.go:93.2,93.12 1 0
language-exchange-bot/internal/validation/validation_service.go:97.134,100.24 2 1
language-exchange-bot/internal/validation/validation_service.go:100.24,110.54 3 1
language-exchange-bot/internal/validation/validation_service.go:110.54,112.4 1 1
language-exchange-bot/internal/validation/validation_service.go:114.3,114.52 1 1
language-exchange-bot/internal/validation/validation_service.go:117.2,117.12 1 1
language-exchange-bot/internal/validation/validation_service.go:121.154,124.24 2 1
language-exchange-bot/internal/validation/validation_service.go:124.24,134.54 3 1
language-exchange-bot/internal/validation/validation_service.go:134.54,136.4 1 1
language-exchange-bot/internal/validation/validation_service.go:138.3,138.52 1 1
language-exchange-bot/internal/validation/validation_service.go:141.2,141.12 1 1
language-exchange-bot/internal/validation/validation_service.go:145.115,148.24 2 0
language-exchange-bot/internal/validation/validation_service.go:148.24,158.54 3 0
language-exchange-bot/internal/validation/validation_service.go:158.54,160.4 1 0
language-exchange-bot/internal/validation/validation_service.go:162.3,162.52 1 0
language-exchange-bot/internal/validation/validation_service.go:165.2,165.12 1 0
language-exchange-bot/internal/validation/validation_service.go:169.121,172.24 2 0
language-exchange-bot/internal/validation/validation_service.go:172.24,182.54 3 0
language-exchange-bot/internal/validation/validation_service.go:182.54,184.4 1 0
language-exchange-bot/internal/validation/validation_service.go:186.3,186.52 1 0
language-exchange-bot/internal/validation/validation_service.go:189.2,189.12 1 0
language-exchange-bot/internal/validation/validation_service.go:193.123,196.24 2 0
language-exchange-bot/internal/validation/validation_service.go:196.24,206.54 3 0
language-exchange-bot/internal/validation/validation_service.go:206.54,208.4 1 0
language-exchange-bot/internal/validation/validation_service.go:210.3,210.52 1 0
language-exchange-bot/internal/validation/validation_service.go:213.2,213.12 1 0
language-exchange-bot/internal/validation/validation_service.go:217.118,220.24 2 0
language-exchange-bot/internal/validation/validation_service.go:220.24,230.54 3 0
language-exchange-bot/internal/validation/validation_service.go:230.54,232.4 1 0
language-exchange-bot/internal/validation/validation_service.go:234.3,234.52 1 0
language-exchange-bot/internal/validation/validation_service.go:237.2,237.12 1 0
language-exchange-bot/internal/validation/validation_service.go:241.133,244.24 2 0
language-exchange-bot/internal/validation/validation_service.go:244.24,254.54 3 0
language-exchange-bot/internal/validation/validation_service.go:254.54,256.4 1 0
language-exchange-bot/internal/validation/validation_service.go:258.3,258.52 1 0
language-exchange-bot/internal/validation/validation_service.go:261.2,261.12 1 0
language-exchange-bot/internal/validation/validation_service.go:265.135,268.24 2 0
language-exchange-bot/internal/validation/validation_service.go:268.24,278.54 3 0
language-exchange-bot/internal/validation/validation_service.go:278.54,280.4 1 0
language-exchange-bot/internal/validation/validation_service.go:282.3,282.52 1 0
language-exchange-bot/internal/validation/validation_service.go:285.2,285.12 1 0
language-exchange-bot/internal/validation/validation_service.go:289.135,292.24 2 0
language-exchange-bot/internal/validation/validation_service.go:292.24,302.54 3 0
language-exchange-bot/internal/validation/validation_service.go:302.54,304.4 1 0
language-exchange-bot/internal/validation/validation_service.go:306.3,306.52 1 0
language-exchange-bot/internal/validation/validation_service.go:309.2,309.12 1 0
language-exchange-bot/internal/validation/validators.go:25.46,30.2 1 1
language-exchange-bot/internal/validation/validators.go:33.61,36.2 2 1
language-exchange-bot/internal/validation/validators.go:39.61,41.2 1 1
language-exchange-bot/internal/validation/validators.go:44.46,46.2 1 1
language-exchange-bot/internal/validation/validators.go:52.32,54.2 1 1
language-exchange-bot/internal/validation/validators.go:57.75,60.29 2 1
language-exchange-bot/internal/validation/validators.go:60.29,61.15 1 1
language-exchange-bot/internal/validation/validators.go:62.19,63.38 1 1
language-exchange-bot/internal/validation/validators.go:63.38,65.5 1 1
language-exchange-bot/internal/validation/validators.go:66.16,67.41 1 0
language-exchange-bot/internal/validation/validators.go:67.41,69.5 1 0
language-exchange-bot/internal/validation/validators.go:70.17,71.42 1 1
language-exchange-bot/internal/validation/validators.go:71.42,73.5 1 0
language-exchange-bot/internal/validation/validators.go:74.18,75.43 1 0
language-exchange-bot/internal/validation/validators.go:75.43,77.5 1 0
language-exchange-bot/internal/validation/validators.go:78.18,79.43 1 0
language-exchange-bot/internal/validation/validators.go:79.43,81.5 1 0
language-exchange-bot/internal/validation/validators.go:82.23,83.64 1 0
language-exchange-bot/internal/validation/validators.go:83.64,85.5 1 0
language-exchange-bot/internal/validation/validators.go:86.19,87.65 1 1
language-exchange-bot/internal/validation/validators.go:87.65,89.5 1 1
language-exchange-bot/internal/validation/validators.go:90.16,91.98 1 0
language-exchange-bot/internal/validation/validators.go:91.98,93.5 1 0
language-exchange-bot/internal/validation/validators.go:97.2,97.15 1 1
language-exchange-bot/internal/validation/validators.go:101.69,104.29 2 1
language-exchange-bot/internal/validation/validators.go:104.29,105.15 1 1
language-exchange-bot/internal/validation/validators.go:106.19,107.18 1 1
language-exchange-bot/internal/validation/validators.go:107.18,109.5 1 1
language-exchange-bot/internal/validation/validators.go:110.16,111.17 1 1
language-exchange-bot/internal/validation/validators.go:111.17,113.5 1 0
language-exchange-bot/internal/validation/validators.go:114.18,115.19 1 1
language-exchange-bot/internal/validation/validators.go:115.19,117.5 1 0
language-exchange-bot/internal/validation/validators.go:118.19,119.18 1 0
language-exchange-bot/internal/validation/validators.go:119.18,121.5 1 0
language-exchange-bot/internal/validation/validators.go:125.2,125.15 1 1
language-exchange-bot/internal/validation/validators.go:129.64,132.35 2 1
language-exchange-bot/internal/validation/validators.go:132.35,135.3 2 0
language-exchange-bot/internal/validation/validators.go:138.2,138.20 1 1
language-exchange-bot/internal/validation/validators.go:138.20,140.3 1 1
language-exchange-bot/internal/validation/validators.go:143.2,143.60 1 1
language-exchange-bot/internal/validation/validators.go:143.60,145.3 1 1
language-exchange-bot/internal/validation/validators.go:147.2,147.15 1 1
language-exchange-bot/internal/validation/validators.go:151.59,154.13 2 1
language-exchange-bot/internal/validation/validators.go:154.13,156.3 1 1
language-exchange-bot/internal/validation/validators.go:159.2,159.20 1 1
language-exchange-bot/internal/validation/validators.go:159.20,161.3 1 1
language-exchange-bot/internal/validation/validators.go:163.2,163.15 1 1
language-exchange-bot/internal/validation/validators.go:167.55,170.13 2 1
language-exchange-bot/internal/validation/validators.go:170.13,173.3 2 1
language-exchange-bot/internal/validation/validators.go:176.2,176.30 1 1
language-exchange-bot/internal/validation/validators.go:176.30,178.3 1 0
language-exchange-bot/internal/validation/validators.go:180.2,180.15 1 1
language-exchange-bot/internal/validation/validators.go:184.62,194.41 4 1
language-exchange-bot/internal/validation/validators.go:194.41,195.26 1 1
language-exchange-bot/internal/validation/validators.go:195.26,197.9 2 1
language-exchange-bot/internal/validation/validators.go:201.2,201.14 1 1
language-exchange-bot/internal/validation/validators.go:201.14,203.3 1 1
language-exchange-bot/internal/validation/validators.go:205.2,205.15 1 1
language-exchange-bot/internal/validation/validators.go:209.57,212.13 2 1
language-exchange-bot/internal/validation/validators.go:212.13,214.3 1 1
language-exchange-bot/internal/validation/validators.go:216.2,216.15 1 1
language-exchange-bot/internal/validation/validators.go:220.63,223.28 2 1
language-exchange-bot/internal/validation/validators.go:223.28,225.3 1 1
language-exchange-bot/internal/validation/validators.go:227.2,227.15 1 1
language-exchange-bot/internal/validation/validators.go:231.64,234.35 2 1
language-exchange-bot/internal/validation/validators.go:234.35,237.3 2 0
language-exchange-bot/internal/validation/validators.go:239.2,240.21 2 1
language-exchange-bot/internal/validation/validators.go:240.21,242.3 1 1
language-exchange-bot/internal/validation/validators.go:244.2,244.23 1 1
language-exchange-bot/internal/validation/validators.go:244.23,246.3 1 0
language-exchange-bot/internal/validation/validators.go:248.2,248.15 1 1
language-exchange-bot/internal/validation/validators.go:252.64,255.35 2 1
language-exchange-bot/internal/validation/validators.go:255.35,258.3 2 1
language-exchange-bot/internal/validation/validators.go:260.2,260.20 1 1
language-exchange-bot/internal/validation/validators.go:260.20,262.3 1 0
language-exchange-bot/internal/validation/validators.go:265.2,265.65 1 1
language-exchange-bot/internal/validation/validators.go:265.65,267.3 1 0
language-exchange-bot/internal/validation/validators.go:269.2,269.15 1 1
